<?xml version="1.0" encoding="utf-8"?>
<test-run id="2" testcasecount="142" result="Failed(Child)" total="142" passed="122" failed="20" inconclusive="0" skipped="0" asserts="0" engine-version="3.5.0.0" clr-version="4.0.30319.42000" start-time="2025-07-24 00:33:03Z" end-time="2025-07-24 00:33:29Z" duration="25.3132393">
  <test-suite type="TestSuite" id="1190" name="Chimera" fullname="Chimera" runstate="Runnable" testcasecount="142" result="Failed" site="Child" start-time="2025-07-24 00:33:03Z" end-time="2025-07-24 00:33:29Z" duration="25.313239" total="142" passed="122" failed="20" inconclusive="0" skipped="0" asserts="0">
    <properties>
      <property name="platform" value="PlayMode" />
    </properties>
    <failure>
      <message><![CDATA[One or more child tests had errors]]></message>
    </failure>
    <test-suite type="Assembly" id="1096" name="ProjectChimera.Testing.dll" fullname="/Users/devon/Documents/Cursor/Projects/Library/ScriptAssemblies/ProjectChimera.Testing.dll" runstate="Runnable" testcasecount="77" result="Failed" site="Child" start-time="2025-07-24 00:33:03Z" end-time="2025-07-24 00:33:25Z" duration="21.952407" total="77" passed="70" failed="7" inconclusive="0" skipped="0" asserts="0">
      <properties>
        <property name="_PID" value="1923" />
        <property name="_APPDOMAIN" value="Unity Child Domain" />
        <property name="platform" value="PlayMode" />
        <property name="EditorOnly" value="False" />
      </properties>
      <failure>
        <message><![CDATA[One or more child tests had errors]]></message>
      </failure>
      <test-suite type="TestSuite" id="1097" name="ProjectChimera" fullname="ProjectChimera" runstate="Runnable" testcasecount="77" result="Failed" site="Child" start-time="2025-07-24 00:33:03Z" end-time="2025-07-24 00:33:25Z" duration="21.947254" total="77" passed="70" failed="7" inconclusive="0" skipped="0" asserts="0">
        <properties />
        <failure>
          <message><![CDATA[One or more child tests had errors]]></message>
        </failure>
        <test-suite type="TestSuite" id="1098" name="Testing" fullname="ProjectChimera.Testing" runstate="Runnable" testcasecount="77" result="Failed" site="Child" start-time="2025-07-24 00:33:03Z" end-time="2025-07-24 00:33:25Z" duration="21.944939" total="77" passed="70" failed="7" inconclusive="0" skipped="0" asserts="0">
          <properties />
          <failure>
            <message><![CDATA[One or more child tests had errors]]></message>
          </failure>
          <test-suite type="TestSuite" id="1105" name="Data" fullname="ProjectChimera.Testing.Data" runstate="Runnable" testcasecount="11" result="Failed" site="Child" start-time="2025-07-24 00:33:03Z" end-time="2025-07-24 00:33:03Z" duration="0.042108" total="11" passed="6" failed="5" inconclusive="0" skipped="0" asserts="0">
            <properties />
            <failure>
              <message><![CDATA[One or more child tests had errors]]></message>
            </failure>
            <test-suite type="TestFixture" id="1083" name="DataStructureTests" fullname="ProjectChimera.Testing.Data.DataStructureTests" classname="ProjectChimera.Testing.Data.DataStructureTests" runstate="Runnable" testcasecount="0" result="Passed" start-time="2025-07-24 00:33:03Z" end-time="2025-07-24 00:33:03Z" duration="0.001287" total="0" passed="0" failed="0" inconclusive="0" skipped="0" asserts="0">
              <properties>
                <property name="Category" value="Data Structures" />
              </properties>
            </test-suite>
            <test-suite type="TestFixture" id="1084" name="UnicodeJsonTests" fullname="ProjectChimera.Testing.Data.UnicodeJsonTests" classname="ProjectChimera.Testing.Data.UnicodeJsonTests" runstate="Runnable" testcasecount="11" result="Failed" site="Child" start-time="2025-07-24 00:33:03Z" end-time="2025-07-24 00:33:03Z" duration="0.036475" total="11" passed="6" failed="5" inconclusive="0" skipped="0" asserts="0">
              <properties>
                <property name="Category" value="Unicode JSON" />
              </properties>
              <failure>
                <message><![CDATA[One or more child tests had errors]]></message>
              </failure>
              <test-case id="1093" name="Test_GeneticData_UnicodeHandling" fullname="ProjectChimera.Testing.Data.UnicodeJsonTests.Test_GeneticData_UnicodeHandling" methodname="Test_GeneticData_UnicodeHandling" classname="ProjectChimera.Testing.Data.UnicodeJsonTests" runstate="Runnable" seed="1908382778" result="Passed" start-time="2025-07-24 00:33:03Z" end-time="2025-07-24 00:33:03Z" duration="0.012605" asserts="0">
                <properties>
                  <property name="retryIteration" value="0" />
                  <property name="repeatIteration" value="0" />
                </properties>
              </test-case>
              <test-case id="1095" name="Test_JsonCompaction" fullname="ProjectChimera.Testing.Data.UnicodeJsonTests.Test_JsonCompaction" methodname="Test_JsonCompaction" classname="ProjectChimera.Testing.Data.UnicodeJsonTests" runstate="Runnable" seed="259499492" result="Passed" start-time="2025-07-24 00:33:03Z" end-time="2025-07-24 00:33:03Z" duration="0.001832" asserts="0">
                <properties>
                  <property name="retryIteration" value="0" />
                  <property name="repeatIteration" value="0" />
                </properties>
              </test-case>
              <test-case id="1090" name="Test_JsonHelper_InvalidJsonHandling" fullname="ProjectChimera.Testing.Data.UnicodeJsonTests.Test_JsonHelper_InvalidJsonHandling" methodname="Test_JsonHelper_InvalidJsonHandling" classname="ProjectChimera.Testing.Data.UnicodeJsonTests" runstate="Runnable" seed="2115475327" result="Failed" start-time="2025-07-24 00:33:03Z" end-time="2025-07-24 00:33:03Z" duration="0.002545" asserts="0">
                <properties>
                  <property name="retryIteration" value="0" />
                  <property name="repeatIteration" value="0" />
                </properties>
                <failure>
                  <message><![CDATA[Unhandled log message: '[Error] Failed to deserialize JSON to TestDataWithUnicode: JSON parse error: Missing a name for object member.'. Use UnityEngine.TestTools.LogAssert.Expect]]></message>
                  <stack-trace><![CDATA[ProjectChimera.Core.JsonUtilityHelper:FromJsonSafe<ProjectChimera.Testing.Data.UnicodeJsonTests/TestDataWithUnicode> (string) (at Assets/ProjectChimera/Core/JsonUtilityHelper.cs:48)
ProjectChimera.Testing.Data.UnicodeJsonTests:Test_JsonHelper_InvalidJsonHandling () (at Assets/ProjectChimera/Testing/Data/UnicodeJsonTests.cs:130)
System.Reflection.MethodBase:Invoke (object,object[])
NUnit.Framework.Internal.Reflect:InvokeMethod (System.Reflection.MethodInfo,object,object[])
NUnit.Framework.Internal.MethodWrapper:Invoke (object,object[])
NUnit.Framework.Internal.Commands.TestMethodCommand:RunNonAsyncTestMethod (NUnit.Framework.Internal.ITestExecutionContext)
NUnit.Framework.Internal.Commands.TestMethodCommand:RunTestMethod (NUnit.Framework.Internal.ITestExecutionContext)
NUnit.Framework.Internal.Commands.TestMethodCommand:Execute (NUnit.Framework.Internal.ITestExecutionContext)
UnityEngine.SetupCoroutine:InvokeMoveNext (System.Collections.IEnumerator,intptr) (at /Users/bokken/build/output/unity/unity/Runtime/Export/Scripting/Coroutines.cs:17)

]]></stack-trace>
                </failure>
                <output><![CDATA[Failed to deserialize JSON to TestDataWithUnicode: JSON parse error: Missing a name for object member.
]]></output>
              </test-case>
              <test-case id="1089" name="Test_JsonHelper_SafeDeserialization" fullname="ProjectChimera.Testing.Data.UnicodeJsonTests.Test_JsonHelper_SafeDeserialization" methodname="Test_JsonHelper_SafeDeserialization" classname="ProjectChimera.Testing.Data.UnicodeJsonTests" runstate="Runnable" seed="1808427575" result="Failed" start-time="2025-07-24 00:33:03Z" end-time="2025-07-24 00:33:03Z" duration="0.002201" asserts="0">
                <properties>
                  <property name="retryIteration" value="0" />
                  <property name="repeatIteration" value="0" />
                </properties>
                <failure>
                  <message><![CDATA[  Should successfully deserialize
  Expected: not null
  But was:  null
]]></message>
                  <stack-trace><![CDATA[at ProjectChimera.Testing.Data.UnicodeJsonTests.Test_JsonHelper_SafeDeserialization () [0x0000b] in /Users/devon/Documents/Cursor/Projects/Assets/ProjectChimera/Testing/Data/UnicodeJsonTests.cs:118
]]></stack-trace>
                </failure>
                <output><![CDATA[Failed to deserialize JSON to TestDataWithUnicode: JSON parse error: The surrogate pair in string is invalid.
]]></output>
              </test-case>
              <test-case id="1088" name="Test_JsonHelper_SafeSerialization" fullname="ProjectChimera.Testing.Data.UnicodeJsonTests.Test_JsonHelper_SafeSerialization" methodname="Test_JsonHelper_SafeSerialization" classname="ProjectChimera.Testing.Data.UnicodeJsonTests" runstate="Runnable" seed="997161912" result="Passed" start-time="2025-07-24 00:33:03Z" end-time="2025-07-24 00:33:03Z" duration="0.000292" asserts="0">
                <properties>
                  <property name="retryIteration" value="0" />
                  <property name="repeatIteration" value="0" />
                </properties>
              </test-case>
              <test-case id="1094" name="Test_LargeDataset_Performance" fullname="ProjectChimera.Testing.Data.UnicodeJsonTests.Test_LargeDataset_Performance" methodname="Test_LargeDataset_Performance" classname="ProjectChimera.Testing.Data.UnicodeJsonTests" runstate="Runnable" seed="1805257238" result="Passed" start-time="2025-07-24 00:33:03Z" end-time="2025-07-24 00:33:03Z" duration="0.003215" asserts="0">
                <properties>
                  <property name="retryIteration" value="0" />
                  <property name="repeatIteration" value="0" />
                </properties>
                <output><![CDATA[Large dataset serialization time: 0ms, JSON size: 2 bytes
]]></output>
              </test-case>
              <test-case id="1091" name="Test_ObjectScanning_DetectsIssues" fullname="ProjectChimera.Testing.Data.UnicodeJsonTests.Test_ObjectScanning_DetectsIssues" methodname="Test_ObjectScanning_DetectsIssues" classname="ProjectChimera.Testing.Data.UnicodeJsonTests" runstate="Runnable" seed="1557250376" result="Failed" start-time="2025-07-24 00:33:03Z" end-time="2025-07-24 00:33:03Z" duration="0.003003" asserts="0">
                <properties>
                  <property name="retryIteration" value="0" />
                  <property name="repeatIteration" value="0" />
                </properties>
                <failure>
                  <message><![CDATA[  Should detect at least 2 issues
  Expected: greater than or equal to 2
  But was:  1
]]></message>
                  <stack-trace><![CDATA[at ProjectChimera.Testing.Data.UnicodeJsonTests.Test_ObjectScanning_DetectsIssues () [0x00056] in /Users/devon/Documents/Cursor/Projects/Assets/ProjectChimera/Testing/Data/UnicodeJsonTests.cs:156
]]></stack-trace>
                </failure>
              </test-case>
              <test-case id="1092" name="Test_ObjectScanning_NoIssues" fullname="ProjectChimera.Testing.Data.UnicodeJsonTests.Test_ObjectScanning_NoIssues" methodname="Test_ObjectScanning_NoIssues" classname="ProjectChimera.Testing.Data.UnicodeJsonTests" runstate="Runnable" seed="1205513221" result="Failed" start-time="2025-07-24 00:33:03Z" end-time="2025-07-24 00:33:03Z" duration="0.000319" asserts="0">
                <properties>
                  <property name="retryIteration" value="0" />
                  <property name="repeatIteration" value="0" />
                </properties>
                <failure>
                  <message><![CDATA[  Should not detect issues in valid object
  Expected: False
  But was:  True
]]></message>
                  <stack-trace><![CDATA[at ProjectChimera.Testing.Data.UnicodeJsonTests.Test_ObjectScanning_NoIssues () [0x00042] in /Users/devon/Documents/Cursor/Projects/Assets/ProjectChimera/Testing/Data/UnicodeJsonTests.cs:174
]]></stack-trace>
                </failure>
              </test-case>
              <test-case id="1086" name="Test_UnicodeDetection_InvalidHighSurrogate" fullname="ProjectChimera.Testing.Data.UnicodeJsonTests.Test_UnicodeDetection_InvalidHighSurrogate" methodname="Test_UnicodeDetection_InvalidHighSurrogate" classname="ProjectChimera.Testing.Data.UnicodeJsonTests" runstate="Runnable" seed="409342290" result="Passed" start-time="2025-07-24 00:33:03Z" end-time="2025-07-24 00:33:03Z" duration="0.000377" asserts="0">
                <properties>
                  <property name="retryIteration" value="0" />
                  <property name="repeatIteration" value="0" />
                </properties>
              </test-case>
              <test-case id="1087" name="Test_UnicodeDetection_OrphanedLowSurrogate" fullname="ProjectChimera.Testing.Data.UnicodeJsonTests.Test_UnicodeDetection_OrphanedLowSurrogate" methodname="Test_UnicodeDetection_OrphanedLowSurrogate" classname="ProjectChimera.Testing.Data.UnicodeJsonTests" runstate="Runnable" seed="1619344834" result="Passed" start-time="2025-07-24 00:33:03Z" end-time="2025-07-24 00:33:03Z" duration="0.000088" asserts="0">
                <properties>
                  <property name="retryIteration" value="0" />
                  <property name="repeatIteration" value="0" />
                </properties>
              </test-case>
              <test-case id="1085" name="Test_UnicodeDetection_ValidText" fullname="ProjectChimera.Testing.Data.UnicodeJsonTests.Test_UnicodeDetection_ValidText" methodname="Test_UnicodeDetection_ValidText" classname="ProjectChimera.Testing.Data.UnicodeJsonTests" runstate="Runnable" seed="1499253523" result="Failed" start-time="2025-07-24 00:33:03Z" end-time="2025-07-24 00:33:03Z" duration="0.000145" asserts="0">
                <properties>
                  <property name="retryIteration" value="0" />
                  <property name="repeatIteration" value="0" />
                </properties>
                <failure>
                  <message><![CDATA[  Valid Unicode text should not have issues
  Expected: False
  But was:  True
]]></message>
                  <stack-trace><![CDATA[at ProjectChimera.Testing.Data.UnicodeJsonTests.Test_UnicodeDetection_ValidText () [0x0000c] in /Users/devon/Documents/Cursor/Projects/Assets/ProjectChimera/Testing/Data/UnicodeJsonTests.cs:42
]]></stack-trace>
                </failure>
              </test-case>
            </test-suite>
          </test-suite>
          <test-suite type="TestSuite" id="1104" name="Economy" fullname="ProjectChimera.Testing.Economy" runstate="Runnable" testcasecount="18" result="Failed" site="Child" start-time="2025-07-24 00:33:03Z" end-time="2025-07-24 00:33:04Z" duration="0.583926" total="18" passed="17" failed="1" inconclusive="0" skipped="0" asserts="0">
            <properties />
            <failure>
              <message><![CDATA[One or more child tests had errors]]></message>
            </failure>
            <test-suite type="TestFixture" id="1062" name="PC011IntegrationTests" fullname="ProjectChimera.Testing.Economy.PC011IntegrationTests" classname="ProjectChimera.Testing.Economy.PC011IntegrationTests" runstate="Runnable" testcasecount="10" result="Failed" site="Child" start-time="2025-07-24 00:33:03Z" end-time="2025-07-24 00:33:04Z" duration="0.495499" total="10" passed="9" failed="1" inconclusive="0" skipped="0" asserts="0">
              <properties />
              <failure>
                <message><![CDATA[One or more child tests had errors]]></message>
              </failure>
              <test-case id="1063" name="Test_01_PlantToHarvestToSaleWorkflow" fullname="ProjectChimera.Testing.Economy.PC011IntegrationTests.Test_01_PlantToHarvestToSaleWorkflow" methodname="Test_01_PlantToHarvestToSaleWorkflow" classname="ProjectChimera.Testing.Economy.PC011IntegrationTests" runstate="Runnable" seed="1664092927" result="Passed" start-time="2025-07-24 00:33:03Z" end-time="2025-07-24 00:33:03Z" duration="0.034652" asserts="0">
                <properties>
                  <property name="retryIteration" value="0" />
                  <property name="repeatIteration" value="0" />
                </properties>
                <output><![CDATA[[AudioFocusHandler] Audio Focus Handler initialized with FMOD compatibility
[Chimera][GameManager] AudioFocusHandler created to prevent FMOD errors
[Chimera][GameManager] Settings Manager not assigned
[CultivationManager] Initializing cultivation systems...
[CultivationManager] Initialized. Max plants: 50, Auto-growth: True
TradingManager initialized successfully
MarketManager initialized successfully
TestStrainData must be instantiated using the ScriptableObject.CreateInstance method instead of new TestStrainData.
[Chimera] ScriptableObject of type TestStrainData has no name assigned.
[Chimera] PlantStrainSO '' has no base species assigned.
[Chimera] PlantStrainSO '' has no strain name assigned.
TestGenotypeData must be instantiated using the ScriptableObject.CreateInstance method instead of new TestGenotypeData.
[Chimera] ScriptableObject of type TestGenotypeData has no name assigned.
[Chimera] GenotypeDataSO '' has no species assigned.
[Chimera] GenotypeDataSO '' has no gene pairs defined.
[PC011IntegrationTests] Test setup completed
[PC011IntegrationTests] Starting Plant → Harvest → Sale workflow test
[Chimera] ScriptableObject of type PlantInstanceSO has no name assigned.
[CultivationManager] Planted 'Test Plant' (ID: plant_20250723_001) at position (0.00, 0.00, 0.00)
[CultivationManager] Processing daily growth for 1 plants...
Plant Test Plant: Calculated max height 0.0cm from genetics (Fitness: 1.00)
[CultivationManager] Plant 'plant_20250723_001' transitioned from Seed to Germination
[CultivationManager] Growth processed. Average health: 1.00, Dead plants removed: 0
[CultivationManager] Processing daily growth for 1 plants...
Plant Test Plant: Calculated max height 0.0cm from genetics (Fitness: 1.00)
[CultivationManager] Growth processed. Average health: 1.00, Dead plants removed: 0
[CultivationManager] Processing daily growth for 1 plants...
Plant Test Plant: Calculated max height 0.0cm from genetics (Fitness: 1.00)
[CultivationManager] Growth processed. Average health: 1.00, Dead plants removed: 0
[CultivationManager] Processing daily growth for 1 plants...
Plant Test Plant: Calculated max height 0.0cm from genetics (Fitness: 1.00)
[CultivationManager] Plant 'plant_20250723_001' transitioned from Germination to Seedling
[CultivationManager] Growth processed. Average health: 1.00, Dead plants removed: 0
[CultivationManager] Processing daily growth for 1 plants...
Plant Test Plant: Calculated max height 0.0cm from genetics (Fitness: 1.00)
[CultivationManager] Growth processed. Average health: 1.00, Dead plants removed: 0
[CultivationManager] Processing daily growth for 1 plants...
Plant Test Plant: Calculated max height 0.0cm from genetics (Fitness: 1.00)
[CultivationManager] Growth processed. Average health: 1.00, Dead plants removed: 0
[CultivationManager] Processing daily growth for 1 plants...
Plant Test Plant: Calculated max height 0.0cm from genetics (Fitness: 1.00)
[CultivationManager] Growth processed. Average health: 1.00, Dead plants removed: 0
[CultivationManager] Processing daily growth for 1 plants...
Plant Test Plant: Calculated max height 0.0cm from genetics (Fitness: 1.00)
[CultivationManager] Growth processed. Average health: 1.00, Dead plants removed: 0
[CultivationManager] Processing daily growth for 1 plants...
Plant Test Plant: Calculated max height 0.0cm from genetics (Fitness: 1.00)
[CultivationManager] Growth processed. Average health: 1.00, Dead plants removed: 0
[CultivationManager] Processing daily growth for 1 plants...
Plant Test Plant: Calculated max height 0.0cm from genetics (Fitness: 1.00)
[CultivationManager] Growth processed. Average health: 1.00, Dead plants removed: 0
[CultivationManager] Harvested plant 'plant_20250723_001': 0.0g at 0.0% potency
[PlayerInventory] Added 0.0g of Unknown Product (Quality: 0.0%, Batch: _plant_20250723_001_20250723_2033)
[CultivationManager] Successfully added 0.0g to inventory (Batch: _plant_20250723_001_20250723_2033, Quality: 0.0%)
[CultivationManager] Removed plant 'plant_20250723_001' (Harvest: True)
[PC011IntegrationTests] Plant → Harvest → Sale workflow test completed successfully
[CultivationManager] Shutting down cultivation systems...
[CultivationManager] Saving states for 0 plants...
]]></output>
              </test-case>
              <test-case id="1064" name="Test_02_QualityBasedPricingSystem" fullname="ProjectChimera.Testing.Economy.PC011IntegrationTests.Test_02_QualityBasedPricingSystem" methodname="Test_02_QualityBasedPricingSystem" classname="ProjectChimera.Testing.Economy.PC011IntegrationTests" runstate="Runnable" seed="1808262552" result="Passed" start-time="2025-07-24 00:33:03Z" end-time="2025-07-24 00:33:04Z" duration="0.007307" asserts="0">
                <properties>
                  <property name="retryIteration" value="0" />
                  <property name="repeatIteration" value="0" />
                </properties>
                <output><![CDATA[[Chimera][GameManager] AudioFocusHandler already exists
[Chimera][GameManager] Settings Manager not assigned
[CultivationManager] Initializing cultivation systems...
[CultivationManager] Initialized. Max plants: 50, Auto-growth: True
TradingManager initialized successfully
MarketManager initialized successfully
TestStrainData must be instantiated using the ScriptableObject.CreateInstance method instead of new TestStrainData.
[Chimera] ScriptableObject of type TestStrainData has no name assigned.
[Chimera] PlantStrainSO '' has no base species assigned.
[Chimera] PlantStrainSO '' has no strain name assigned.
TestGenotypeData must be instantiated using the ScriptableObject.CreateInstance method instead of new TestGenotypeData.
[Chimera] ScriptableObject of type TestGenotypeData has no name assigned.
[Chimera] GenotypeDataSO '' has no species assigned.
[Chimera] GenotypeDataSO '' has no gene pairs defined.
[PC011IntegrationTests] Test setup completed
[PC011IntegrationTests] Testing quality-based pricing system
[Chimera] ScriptableObject of type MarketProductSO has no name assigned.
[PC011IntegrationTests] Quality pricing: High=60.00, Medium=50.00, Low=35.00
[CultivationManager] Shutting down cultivation systems...
[CultivationManager] Saving states for 0 plants...
]]></output>
              </test-case>
              <test-case id="1065" name="Test_03_ProductionBasedMarketSupply" fullname="ProjectChimera.Testing.Economy.PC011IntegrationTests.Test_03_ProductionBasedMarketSupply" methodname="Test_03_ProductionBasedMarketSupply" classname="ProjectChimera.Testing.Economy.PC011IntegrationTests" runstate="Runnable" seed="1478065371" result="Passed" start-time="2025-07-24 00:33:04Z" end-time="2025-07-24 00:33:04Z" duration="0.065197" asserts="0">
                <properties>
                  <property name="retryIteration" value="0" />
                  <property name="repeatIteration" value="0" />
                </properties>
                <output><![CDATA[[Chimera][GameManager] AudioFocusHandler already exists
[Chimera][GameManager] Settings Manager not assigned
[CultivationManager] Initializing cultivation systems...
[CultivationManager] Initialized. Max plants: 50, Auto-growth: True
TradingManager initialized successfully
MarketManager initialized successfully
TestStrainData must be instantiated using the ScriptableObject.CreateInstance method instead of new TestStrainData.
[Chimera] ScriptableObject of type TestStrainData has no name assigned.
[Chimera] PlantStrainSO '' has no base species assigned.
[Chimera] PlantStrainSO '' has no strain name assigned.
TestGenotypeData must be instantiated using the ScriptableObject.CreateInstance method instead of new TestGenotypeData.
[Chimera] ScriptableObject of type TestGenotypeData has no name assigned.
[Chimera] GenotypeDataSO '' has no species assigned.
[Chimera] GenotypeDataSO '' has no gene pairs defined.
[PC011IntegrationTests] Test setup completed
[PC011IntegrationTests] Testing production-based market supply system
[Chimera] ScriptableObject of type PlantInstanceSO has no name assigned.
[CultivationManager] Planted 'Supply Test Plant 0' (ID: plant_20250723_001) at position (0.00, 0.00, 0.00)
[CultivationManager] Processing daily growth for 1 plants...
Plant Supply Test Plant 0: Calculated max height 0.0cm from genetics (Fitness: 1.00)
[CultivationManager] Plant 'plant_20250723_001' transitioned from Seed to Germination
[CultivationManager] Growth processed. Average health: 1.00, Dead plants removed: 0
[CultivationManager] Processing daily growth for 1 plants...
Plant Supply Test Plant 0: Calculated max height 0.0cm from genetics (Fitness: 1.00)
[CultivationManager] Growth processed. Average health: 1.00, Dead plants removed: 0
[CultivationManager] Processing daily growth for 1 plants...
Plant Supply Test Plant 0: Calculated max height 0.0cm from genetics (Fitness: 1.00)
[CultivationManager] Growth processed. Average health: 1.00, Dead plants removed: 0
[CultivationManager] Processing daily growth for 1 plants...
Plant Supply Test Plant 0: Calculated max height 0.0cm from genetics (Fitness: 1.00)
[CultivationManager] Plant 'plant_20250723_001' transitioned from Germination to Seedling
[CultivationManager] Growth processed. Average health: 1.00, Dead plants removed: 0
[CultivationManager] Processing daily growth for 1 plants...
Plant Supply Test Plant 0: Calculated max height 0.0cm from genetics (Fitness: 1.00)
[CultivationManager] Growth processed. Average health: 1.00, Dead plants removed: 0
[CultivationManager] Processing daily growth for 1 plants...
Plant Supply Test Plant 0: Calculated max height 0.0cm from genetics (Fitness: 1.00)
[CultivationManager] Growth processed. Average health: 1.00, Dead plants removed: 0
[CultivationManager] Processing daily growth for 1 plants...
Plant Supply Test Plant 0: Calculated max height 0.0cm from genetics (Fitness: 1.00)
[CultivationManager] Growth processed. Average health: 1.00, Dead plants removed: 0
[CultivationManager] Processing daily growth for 1 plants...
Plant Supply Test Plant 0: Calculated max height 0.0cm from genetics (Fitness: 1.00)
[CultivationManager] Growth processed. Average health: 1.00, Dead plants removed: 0
[CultivationManager] Processing daily growth for 1 plants...
Plant Supply Test Plant 0: Calculated max height 0.0cm from genetics (Fitness: 1.00)
[CultivationManager] Growth processed. Average health: 1.00, Dead plants removed: 0
[CultivationManager] Processing daily growth for 1 plants...
Plant Supply Test Plant 0: Calculated max height 0.0cm from genetics (Fitness: 1.00)
[CultivationManager] Growth processed. Average health: 1.00, Dead plants removed: 0
[CultivationManager] Harvested plant 'plant_20250723_001': 0.0g at 0.0% potency
[PlayerInventory] Added 0.0g of Unknown Product (Quality: 0.0%, Batch: _plant_20250723_001_20250723_2033)
[CultivationManager] Successfully added 0.0g to inventory (Batch: _plant_20250723_001_20250723_2033, Quality: 0.0%)
[CultivationManager] Removed plant 'plant_20250723_001' (Harvest: True)
[Chimera] ScriptableObject of type PlantInstanceSO has no name assigned.
[CultivationManager] Planted 'Supply Test Plant 1' (ID: plant_20250723_001) at position (1.00, 0.00, 0.00)
[CultivationManager] Processing daily growth for 1 plants...
Plant Supply Test Plant 1: Calculated max height 0.0cm from genetics (Fitness: 1.00)
[CultivationManager] Plant 'plant_20250723_001' transitioned from Seed to Germination
[CultivationManager] Growth processed. Average health: 1.00, Dead plants removed: 0
[CultivationManager] Processing daily growth for 1 plants...
Plant Supply Test Plant 1: Calculated max height 0.0cm from genetics (Fitness: 1.00)
[CultivationManager] Growth processed. Average health: 1.00, Dead plants removed: 0
[CultivationManager] Processing daily growth for 1 plants...
Plant Supply Test Plant 1: Calculated max height 0.0cm from genetics (Fitness: 1.00)
[CultivationManager] Growth processed. Average health: 1.00, Dead plants removed: 0
[CultivationManager] Processing daily growth for 1 plants...
Plant Supply Test Plant 1: Calculated max height 0.0cm from genetics (Fitness: 1.00)
[CultivationManager] Plant 'plant_20250723_001' transitioned from Germination to Seedling
[CultivationManager] Growth processed. Average health: 1.00, Dead plants removed: 0
[CultivationManager] Processing daily growth for 1 plants...
Plant Supply Test Plant 1: Calculated max height 0.0cm from genetics (Fitness: 1.00)
[CultivationManager] Growth processed. Average health: 1.00, Dead plants removed: 0
[CultivationManager] Processing daily growth for 1 plants...
Plant Supply Test Plant 1: Calculated max height 0.0cm from genetics (Fitness: 1.00)
[CultivationManager] Growth processed. Average health: 1.00, Dead plants removed: 0
[CultivationManager] Processing daily growth for 1 plants...
Plant Supply Test Plant 1: Calculated max height 0.0cm from genetics (Fitness: 1.00)
[CultivationManager] Growth processed. Average health: 1.00, Dead plants removed: 0
[CultivationManager] Processing daily growth for 1 plants...
Plant Supply Test Plant 1: Calculated max height 0.0cm from genetics (Fitness: 1.00)
[CultivationManager] Growth processed. Average health: 1.00, Dead plants removed: 0
[CultivationManager] Processing daily growth for 1 plants...
Plant Supply Test Plant 1: Calculated max height 0.0cm from genetics (Fitness: 1.00)
[CultivationManager] Growth processed. Average health: 1.00, Dead plants removed: 0
[CultivationManager] Processing daily growth for 1 plants...
Plant Supply Test Plant 1: Calculated max height 0.0cm from genetics (Fitness: 1.00)
[CultivationManager] Growth processed. Average health: 1.00, Dead plants removed: 0
[CultivationManager] Harvested plant 'plant_20250723_001': 0.0g at 0.0% potency
[PlayerInventory] Added 0.0g of Unknown Product (Quality: 0.0%, Batch: _plant_20250723_001_20250723_2033)
[CultivationManager] Successfully added 0.0g to inventory (Batch: _plant_20250723_001_20250723_2033, Quality: 0.0%)
[CultivationManager] Removed plant 'plant_20250723_001' (Harvest: True)
[Chimera] ScriptableObject of type PlantInstanceSO has no name assigned.
[CultivationManager] Planted 'Supply Test Plant 2' (ID: plant_20250723_001) at position (2.00, 0.00, 0.00)
[CultivationManager] Processing daily growth for 1 plants...
Plant Supply Test Plant 2: Calculated max height 0.0cm from genetics (Fitness: 1.00)
[CultivationManager] Plant 'plant_20250723_001' transitioned from Seed to Germination
[CultivationManager] Growth processed. Average health: 1.00, Dead plants removed: 0
[CultivationManager] Processing daily growth for 1 plants...
Plant Supply Test Plant 2: Calculated max height 0.0cm from genetics (Fitness: 1.00)
[CultivationManager] Growth processed. Average health: 1.00, Dead plants removed: 0
[CultivationManager] Processing daily growth for 1 plants...
Plant Supply Test Plant 2: Calculated max height 0.0cm from genetics (Fitness: 1.00)
[CultivationManager] Growth processed. Average health: 1.00, Dead plants removed: 0
[CultivationManager] Processing daily growth for 1 plants...
Plant Supply Test Plant 2: Calculated max height 0.0cm from genetics (Fitness: 1.00)
[CultivationManager] Plant 'plant_20250723_001' transitioned from Germination to Seedling
[CultivationManager] Growth processed. Average health: 1.00, Dead plants removed: 0
[CultivationManager] Processing daily growth for 1 plants...
Plant Supply Test Plant 2: Calculated max height 0.0cm from genetics (Fitness: 1.00)
[CultivationManager] Growth processed. Average health: 1.00, Dead plants removed: 0
[CultivationManager] Processing daily growth for 1 plants...
Plant Supply Test Plant 2: Calculated max height 0.0cm from genetics (Fitness: 1.00)
[CultivationManager] Growth processed. Average health: 1.00, Dead plants removed: 0
[CultivationManager] Processing daily growth for 1 plants...
Plant Supply Test Plant 2: Calculated max height 0.0cm from genetics (Fitness: 1.00)
[CultivationManager] Growth processed. Average health: 1.00, Dead plants removed: 0
[CultivationManager] Processing daily growth for 1 plants...
Plant Supply Test Plant 2: Calculated max height 0.0cm from genetics (Fitness: 1.00)
[CultivationManager] Growth processed. Average health: 1.00, Dead plants removed: 0
[CultivationManager] Processing daily growth for 1 plants...
Plant Supply Test Plant 2: Calculated max height 0.0cm from genetics (Fitness: 1.00)
[CultivationManager] Growth processed. Average health: 1.00, Dead plants removed: 0
[CultivationManager] Processing daily growth for 1 plants...
Plant Supply Test Plant 2: Calculated max height 0.0cm from genetics (Fitness: 1.00)
[CultivationManager] Growth processed. Average health: 1.00, Dead plants removed: 0
[CultivationManager] Harvested plant 'plant_20250723_001': 0.0g at 0.0% potency
[PlayerInventory] Added 0.0g of Unknown Product (Quality: 0.0%, Batch: _plant_20250723_001_20250723_2033)
[CultivationManager] Successfully added 0.0g to inventory (Batch: _plant_20250723_001_20250723_2033, Quality: 0.0%)
[CultivationManager] Removed plant 'plant_20250723_001' (Harvest: True)
[Chimera] ScriptableObject of type PlantInstanceSO has no name assigned.
[CultivationManager] Planted 'Supply Test Plant 3' (ID: plant_20250723_001) at position (3.00, 0.00, 0.00)
[CultivationManager] Processing daily growth for 1 plants...
Plant Supply Test Plant 3: Calculated max height 0.0cm from genetics (Fitness: 1.00)
[CultivationManager] Plant 'plant_20250723_001' transitioned from Seed to Germination
[CultivationManager] Growth processed. Average health: 1.00, Dead plants removed: 0
[CultivationManager] Processing daily growth for 1 plants...
Plant Supply Test Plant 3: Calculated max height 0.0cm from genetics (Fitness: 1.00)
[CultivationManager] Growth processed. Average health: 1.00, Dead plants removed: 0
[CultivationManager] Processing daily growth for 1 plants...
Plant Supply Test Plant 3: Calculated max height 0.0cm from genetics (Fitness: 1.00)
[CultivationManager] Growth processed. Average health: 1.00, Dead plants removed: 0
[CultivationManager] Processing daily growth for 1 plants...
Plant Supply Test Plant 3: Calculated max height 0.0cm from genetics (Fitness: 1.00)
[CultivationManager] Plant 'plant_20250723_001' transitioned from Germination to Seedling
[CultivationManager] Growth processed. Average health: 1.00, Dead plants removed: 0
[CultivationManager] Processing daily growth for 1 plants...
Plant Supply Test Plant 3: Calculated max height 0.0cm from genetics (Fitness: 1.00)
[CultivationManager] Growth processed. Average health: 1.00, Dead plants removed: 0
[CultivationManager] Processing daily growth for 1 plants...
Plant Supply Test Plant 3: Calculated max height 0.0cm from genetics (Fitness: 1.00)
[CultivationManager] Growth processed. Average health: 1.00, Dead plants removed: 0
[CultivationManager] Processing daily growth for 1 plants...
Plant Supply Test Plant 3: Calculated max height 0.0cm from genetics (Fitness: 1.00)
[CultivationManager] Growth processed. Average health: 1.00, Dead plants removed: 0
[CultivationManager] Processing daily growth for 1 plants...
Plant Supply Test Plant 3: Calculated max height 0.0cm from genetics (Fitness: 1.00)
[CultivationManager] Growth processed. Average health: 1.00, Dead plants removed: 0
[CultivationManager] Processing daily growth for 1 plants...
Plant Supply Test Plant 3: Calculated max height 0.0cm from genetics (Fitness: 1.00)
[CultivationManager] Growth processed. Average health: 1.00, Dead plants removed: 0
[CultivationManager] Processing daily growth for 1 plants...
Plant Supply Test Plant 3: Calculated max height 0.0cm from genetics (Fitness: 1.00)
[CultivationManager] Growth processed. Average health: 1.00, Dead plants removed: 0
[CultivationManager] Harvested plant 'plant_20250723_001': 0.0g at 0.0% potency
[PlayerInventory] Added 0.0g of Unknown Product (Quality: 0.0%, Batch: _plant_20250723_001_20250723_2033)
[CultivationManager] Successfully added 0.0g to inventory (Batch: _plant_20250723_001_20250723_2033, Quality: 0.0%)
[CultivationManager] Removed plant 'plant_20250723_001' (Harvest: True)
[Chimera] ScriptableObject of type PlantInstanceSO has no name assigned.
[CultivationManager] Planted 'Supply Test Plant 4' (ID: plant_20250723_001) at position (4.00, 0.00, 0.00)
[CultivationManager] Processing daily growth for 1 plants...
Plant Supply Test Plant 4: Calculated max height 0.0cm from genetics (Fitness: 1.00)
[CultivationManager] Plant 'plant_20250723_001' transitioned from Seed to Germination
[CultivationManager] Growth processed. Average health: 1.00, Dead plants removed: 0
[CultivationManager] Processing daily growth for 1 plants...
Plant Supply Test Plant 4: Calculated max height 0.0cm from genetics (Fitness: 1.00)
[CultivationManager] Growth processed. Average health: 1.00, Dead plants removed: 0
[CultivationManager] Processing daily growth for 1 plants...
Plant Supply Test Plant 4: Calculated max height 0.0cm from genetics (Fitness: 1.00)
[CultivationManager] Growth processed. Average health: 1.00, Dead plants removed: 0
[CultivationManager] Processing daily growth for 1 plants...
Plant Supply Test Plant 4: Calculated max height 0.0cm from genetics (Fitness: 1.00)
[CultivationManager] Plant 'plant_20250723_001' transitioned from Germination to Seedling
[CultivationManager] Growth processed. Average health: 1.00, Dead plants removed: 0
[CultivationManager] Processing daily growth for 1 plants...
Plant Supply Test Plant 4: Calculated max height 0.0cm from genetics (Fitness: 1.00)
[CultivationManager] Growth processed. Average health: 1.00, Dead plants removed: 0
[CultivationManager] Processing daily growth for 1 plants...
Plant Supply Test Plant 4: Calculated max height 0.0cm from genetics (Fitness: 1.00)
[CultivationManager] Growth processed. Average health: 1.00, Dead plants removed: 0
[CultivationManager] Processing daily growth for 1 plants...
Plant Supply Test Plant 4: Calculated max height 0.0cm from genetics (Fitness: 1.00)
[CultivationManager] Growth processed. Average health: 1.00, Dead plants removed: 0
[CultivationManager] Processing daily growth for 1 plants...
Plant Supply Test Plant 4: Calculated max height 0.0cm from genetics (Fitness: 1.00)
[CultivationManager] Growth processed. Average health: 1.00, Dead plants removed: 0
[CultivationManager] Processing daily growth for 1 plants...
Plant Supply Test Plant 4: Calculated max height 0.0cm from genetics (Fitness: 1.00)
[CultivationManager] Growth processed. Average health: 1.00, Dead plants removed: 0
[CultivationManager] Processing daily growth for 1 plants...
Plant Supply Test Plant 4: Calculated max height 0.0cm from genetics (Fitness: 1.00)
[CultivationManager] Growth processed. Average health: 1.00, Dead plants removed: 0
[CultivationManager] Harvested plant 'plant_20250723_001': 0.0g at 0.0% potency
[PlayerInventory] Added 0.0g of Unknown Product (Quality: 0.0%, Batch: _plant_20250723_001_20250723_2033)
[CultivationManager] Successfully added 0.0g to inventory (Batch: _plant_20250723_001_20250723_2033, Quality: 0.0%)
[CultivationManager] Removed plant 'plant_20250723_001' (Harvest: True)
[PC011IntegrationTests] Supply change: 100.00 → 120.00
[CultivationManager] Shutting down cultivation systems...
[CultivationManager] Saving states for 0 plants...
]]></output>
              </test-case>
              <test-case id="1066" name="Test_04_QualityDegradationSystem" fullname="ProjectChimera.Testing.Economy.PC011IntegrationTests.Test_04_QualityDegradationSystem" methodname="Test_04_QualityDegradationSystem" classname="ProjectChimera.Testing.Economy.PC011IntegrationTests" runstate="Runnable" seed="740435479" result="Failed" start-time="2025-07-24 00:33:04Z" end-time="2025-07-24 00:33:04Z" duration="0.006429" asserts="0">
                <properties>
                  <property name="retryIteration" value="0" />
                  <property name="repeatIteration" value="0" />
                </properties>
                <failure>
                  <message><![CDATA[  Quality should degrade over time with poor storage
  Expected: less than 0.899999976f
  But was:  0.899999976f
]]></message>
                  <stack-trace><![CDATA[at ProjectChimera.Testing.Economy.PC011IntegrationTests.Test_04_QualityDegradationSystem () [0x00083] in /Users/devon/Documents/Cursor/Projects/Assets/ProjectChimera/Testing/Economy/PC011IntegrationTests.cs:239
]]></stack-trace>
                </failure>
                <output><![CDATA[[Chimera][GameManager] AudioFocusHandler already exists
[Chimera][GameManager] Settings Manager not assigned
[CultivationManager] Initializing cultivation systems...
[CultivationManager] Initialized. Max plants: 50, Auto-growth: True
TradingManager initialized successfully
MarketManager initialized successfully
TestStrainData must be instantiated using the ScriptableObject.CreateInstance method instead of new TestStrainData.
[Chimera] ScriptableObject of type TestStrainData has no name assigned.
[Chimera] PlantStrainSO '' has no base species assigned.
[Chimera] PlantStrainSO '' has no strain name assigned.
TestGenotypeData must be instantiated using the ScriptableObject.CreateInstance method instead of new TestGenotypeData.
[Chimera] ScriptableObject of type TestGenotypeData has no name assigned.
[Chimera] GenotypeDataSO '' has no species assigned.
[Chimera] GenotypeDataSO '' has no gene pairs defined.
[PC011IntegrationTests] Test setup completed
[PC011IntegrationTests] Testing quality degradation system
[Chimera] ScriptableObject of type MarketProductSO has no name assigned.
[CultivationManager] Shutting down cultivation systems...
[CultivationManager] Saving states for 0 plants...
]]></output>
              </test-case>
              <test-case id="1067" name="Test_05_BatchTrackingSystem" fullname="ProjectChimera.Testing.Economy.PC011IntegrationTests.Test_05_BatchTrackingSystem" methodname="Test_05_BatchTrackingSystem" classname="ProjectChimera.Testing.Economy.PC011IntegrationTests" runstate="Runnable" seed="934847210" result="Passed" start-time="2025-07-24 00:33:04Z" end-time="2025-07-24 00:33:04Z" duration="0.006038" asserts="0">
                <properties>
                  <property name="retryIteration" value="0" />
                  <property name="repeatIteration" value="0" />
                </properties>
                <output><![CDATA[[Chimera][GameManager] AudioFocusHandler already exists
[Chimera][GameManager] Settings Manager not assigned
[CultivationManager] Initializing cultivation systems...
[CultivationManager] Initialized. Max plants: 50, Auto-growth: True
TradingManager initialized successfully
MarketManager initialized successfully
TestStrainData must be instantiated using the ScriptableObject.CreateInstance method instead of new TestStrainData.
[Chimera] ScriptableObject of type TestStrainData has no name assigned.
[Chimera] PlantStrainSO '' has no base species assigned.
[Chimera] PlantStrainSO '' has no strain name assigned.
TestGenotypeData must be instantiated using the ScriptableObject.CreateInstance method instead of new TestGenotypeData.
[Chimera] ScriptableObject of type TestGenotypeData has no name assigned.
[Chimera] GenotypeDataSO '' has no species assigned.
[Chimera] GenotypeDataSO '' has no gene pairs defined.
[PC011IntegrationTests] Test setup completed
[PC011IntegrationTests] Testing batch tracking system
[Chimera] ScriptableObject of type MarketProductSO has no name assigned.
[PC011IntegrationTests] Batch tracking verified for batch: BATCH_20250723_7913
[CultivationManager] Shutting down cultivation systems...
[CultivationManager] Saving states for 0 plants...
]]></output>
              </test-case>
              <test-case id="1068" name="Test_06_ContractSystemIntegration" fullname="ProjectChimera.Testing.Economy.PC011IntegrationTests.Test_06_ContractSystemIntegration" methodname="Test_06_ContractSystemIntegration" classname="ProjectChimera.Testing.Economy.PC011IntegrationTests" runstate="Runnable" seed="2120749340" result="Passed" start-time="2025-07-24 00:33:04Z" end-time="2025-07-24 00:33:04Z" duration="0.005803" asserts="0">
                <properties>
                  <property name="retryIteration" value="0" />
                  <property name="repeatIteration" value="0" />
                </properties>
                <output><![CDATA[[Chimera][GameManager] AudioFocusHandler already exists
[Chimera][GameManager] Settings Manager not assigned
[CultivationManager] Initializing cultivation systems...
[CultivationManager] Initialized. Max plants: 50, Auto-growth: True
TradingManager initialized successfully
MarketManager initialized successfully
TestStrainData must be instantiated using the ScriptableObject.CreateInstance method instead of new TestStrainData.
[Chimera] ScriptableObject of type TestStrainData has no name assigned.
[Chimera] PlantStrainSO '' has no base species assigned.
[Chimera] PlantStrainSO '' has no strain name assigned.
TestGenotypeData must be instantiated using the ScriptableObject.CreateInstance method instead of new TestGenotypeData.
[Chimera] ScriptableObject of type TestGenotypeData has no name assigned.
[Chimera] GenotypeDataSO '' has no species assigned.
[Chimera] GenotypeDataSO '' has no gene pairs defined.
[PC011IntegrationTests] Test setup completed
[PC011IntegrationTests] Testing contract system integration
[Chimera] ScriptableObject of type MarketProductSO has no name assigned.
[PC011IntegrationTests] Contract system integration test completed
[CultivationManager] Shutting down cultivation systems...
[CultivationManager] Saving states for 0 plants...
]]></output>
              </test-case>
              <test-case id="1069" name="Test_07_ReputationSystemIntegration" fullname="ProjectChimera.Testing.Economy.PC011IntegrationTests.Test_07_ReputationSystemIntegration" methodname="Test_07_ReputationSystemIntegration" classname="ProjectChimera.Testing.Economy.PC011IntegrationTests" runstate="Runnable" seed="281776355" result="Passed" start-time="2025-07-24 00:33:04Z" end-time="2025-07-24 00:33:04Z" duration="0.005529" asserts="0">
                <properties>
                  <property name="retryIteration" value="0" />
                  <property name="repeatIteration" value="0" />
                </properties>
                <output><![CDATA[[Chimera][GameManager] AudioFocusHandler already exists
[Chimera][GameManager] Settings Manager not assigned
[CultivationManager] Initializing cultivation systems...
[CultivationManager] Initialized. Max plants: 50, Auto-growth: True
TradingManager initialized successfully
MarketManager initialized successfully
TestStrainData must be instantiated using the ScriptableObject.CreateInstance method instead of new TestStrainData.
[Chimera] ScriptableObject of type TestStrainData has no name assigned.
[Chimera] PlantStrainSO '' has no base species assigned.
[Chimera] PlantStrainSO '' has no strain name assigned.
TestGenotypeData must be instantiated using the ScriptableObject.CreateInstance method instead of new TestGenotypeData.
[Chimera] ScriptableObject of type TestGenotypeData has no name assigned.
[Chimera] GenotypeDataSO '' has no species assigned.
[Chimera] GenotypeDataSO '' has no gene pairs defined.
[PC011IntegrationTests] Test setup completed
[PC011IntegrationTests] Testing reputation system integration
[PC011IntegrationTests] Reputation change: 100.00 → 115.00
[CultivationManager] Shutting down cultivation systems...
[CultivationManager] Saving states for 0 plants...
]]></output>
              </test-case>
              <test-case id="1070" name="Test_08_StorageMechanicsAndAutomation" fullname="ProjectChimera.Testing.Economy.PC011IntegrationTests.Test_08_StorageMechanicsAndAutomation" methodname="Test_08_StorageMechanicsAndAutomation" classname="ProjectChimera.Testing.Economy.PC011IntegrationTests" runstate="Runnable" seed="1692192208" result="Passed" start-time="2025-07-24 00:33:04Z" end-time="2025-07-24 00:33:04Z" duration="0.005911" asserts="0">
                <properties>
                  <property name="retryIteration" value="0" />
                  <property name="repeatIteration" value="0" />
                </properties>
                <output><![CDATA[[Chimera][GameManager] AudioFocusHandler already exists
[Chimera][GameManager] Settings Manager not assigned
[CultivationManager] Initializing cultivation systems...
[CultivationManager] Initialized. Max plants: 50, Auto-growth: True
TradingManager initialized successfully
MarketManager initialized successfully
TestStrainData must be instantiated using the ScriptableObject.CreateInstance method instead of new TestStrainData.
[Chimera] ScriptableObject of type TestStrainData has no name assigned.
[Chimera] PlantStrainSO '' has no base species assigned.
[Chimera] PlantStrainSO '' has no strain name assigned.
TestGenotypeData must be instantiated using the ScriptableObject.CreateInstance method instead of new TestGenotypeData.
[Chimera] ScriptableObject of type TestGenotypeData has no name assigned.
[Chimera] GenotypeDataSO '' has no species assigned.
[Chimera] GenotypeDataSO '' has no gene pairs defined.
[PC011IntegrationTests] Test setup completed
[PC011IntegrationTests] Testing storage mechanics and automation
[Chimera] ScriptableObject of type MarketProductSO has no name assigned.
[PC011IntegrationTests] Storage and automation test completed. Alerts: 0
[CultivationManager] Shutting down cultivation systems...
[CultivationManager] Saving states for 0 plants...
]]></output>
              </test-case>
              <test-case id="1071" name="Test_09_PerformanceWithLargeDataset" fullname="ProjectChimera.Testing.Economy.PC011IntegrationTests.Test_09_PerformanceWithLargeDataset" methodname="Test_09_PerformanceWithLargeDataset" classname="ProjectChimera.Testing.Economy.PC011IntegrationTests" runstate="Runnable" seed="1781673794" result="Passed" start-time="2025-07-24 00:33:04Z" end-time="2025-07-24 00:33:04Z" duration="0.006938" asserts="0">
                <properties>
                  <property name="retryIteration" value="0" />
                  <property name="repeatIteration" value="0" />
                </properties>
                <output><![CDATA[[Chimera][GameManager] AudioFocusHandler already exists
[Chimera][GameManager] Settings Manager not assigned
[CultivationManager] Initializing cultivation systems...
[CultivationManager] Initialized. Max plants: 50, Auto-growth: True
TradingManager initialized successfully
MarketManager initialized successfully
TestStrainData must be instantiated using the ScriptableObject.CreateInstance method instead of new TestStrainData.
[Chimera] ScriptableObject of type TestStrainData has no name assigned.
[Chimera] PlantStrainSO '' has no base species assigned.
[Chimera] PlantStrainSO '' has no strain name assigned.
TestGenotypeData must be instantiated using the ScriptableObject.CreateInstance method instead of new TestGenotypeData.
[Chimera] ScriptableObject of type TestGenotypeData has no name assigned.
[Chimera] GenotypeDataSO '' has no species assigned.
[Chimera] GenotypeDataSO '' has no gene pairs defined.
[PC011IntegrationTests] Test setup completed
[PC011IntegrationTests] Testing performance with large dataset
[Chimera] ScriptableObject of type MarketProductSO has no name assigned.
[PC011IntegrationTests] Performance test completed. Add: 0ms, Search: 0ms, Stats: 0ms
[CultivationManager] Shutting down cultivation systems...
[CultivationManager] Saving states for 0 plants...
]]></output>
              </test-case>
              <test-case id="1072" name="Test_10_StressTestScenarios" fullname="ProjectChimera.Testing.Economy.PC011IntegrationTests.Test_10_StressTestScenarios" methodname="Test_10_StressTestScenarios" classname="ProjectChimera.Testing.Economy.PC011IntegrationTests" runstate="Runnable" seed="1370248232" result="Passed" start-time="2025-07-24 00:33:04Z" end-time="2025-07-24 00:33:04Z" duration="0.342707" asserts="0">
                <properties>
                  <property name="retryIteration" value="0" />
                  <property name="repeatIteration" value="0" />
                </properties>
                <output><![CDATA[[Chimera][GameManager] AudioFocusHandler already exists
[Chimera][GameManager] Settings Manager not assigned
[CultivationManager] Initializing cultivation systems...
[CultivationManager] Initialized. Max plants: 50, Auto-growth: True
TradingManager initialized successfully
MarketManager initialized successfully
TestStrainData must be instantiated using the ScriptableObject.CreateInstance method instead of new TestStrainData.
[Chimera] ScriptableObject of type TestStrainData has no name assigned.
[Chimera] PlantStrainSO '' has no base species assigned.
[Chimera] PlantStrainSO '' has no strain name assigned.
TestGenotypeData must be instantiated using the ScriptableObject.CreateInstance method instead of new TestGenotypeData.
[Chimera] ScriptableObject of type TestGenotypeData has no name assigned.
[Chimera] GenotypeDataSO '' has no species assigned.
[Chimera] GenotypeDataSO '' has no gene pairs defined.
[PC011IntegrationTests] Test setup completed
[PC011IntegrationTests] Running stress test scenarios
[Chimera] ScriptableObject of type PlantInstanceSO has no name assigned.
[CultivationManager] Planted 'Stress Plant 0' (ID: plant_20250723_001) at position (0.00, 0.00, 0.00)
[CultivationManager] Processing daily growth for 1 plants...
Plant Stress Plant 0: Calculated max height 0.0cm from genetics (Fitness: 1.00)
[CultivationManager] Plant 'plant_20250723_001' transitioned from Seed to Germination
[CultivationManager] Growth processed. Average health: 1.00, Dead plants removed: 0
[CultivationManager] Processing daily growth for 1 plants...
Plant Stress Plant 0: Calculated max height 0.0cm from genetics (Fitness: 1.00)
[CultivationManager] Growth processed. Average health: 1.00, Dead plants removed: 0
[CultivationManager] Processing daily growth for 1 plants...
Plant Stress Plant 0: Calculated max height 0.0cm from genetics (Fitness: 1.00)
[CultivationManager] Growth processed. Average health: 1.00, Dead plants removed: 0
[CultivationManager] Processing daily growth for 1 plants...
Plant Stress Plant 0: Calculated max height 0.0cm from genetics (Fitness: 1.00)
[CultivationManager] Plant 'plant_20250723_001' transitioned from Germination to Seedling
[CultivationManager] Growth processed. Average health: 1.00, Dead plants removed: 0
[CultivationManager] Processing daily growth for 1 plants...
Plant Stress Plant 0: Calculated max height 0.0cm from genetics (Fitness: 1.00)
[CultivationManager] Growth processed. Average health: 1.00, Dead plants removed: 0
[CultivationManager] Processing daily growth for 1 plants...
Plant Stress Plant 0: Calculated max height 0.0cm from genetics (Fitness: 1.00)
[CultivationManager] Growth processed. Average health: 1.00, Dead plants removed: 0
[CultivationManager] Processing daily growth for 1 plants...
Plant Stress Plant 0: Calculated max height 0.0cm from genetics (Fitness: 1.00)
[CultivationManager] Growth processed. Average health: 1.00, Dead plants removed: 0
[CultivationManager] Processing daily growth for 1 plants...
Plant Stress Plant 0: Calculated max height 0.0cm from genetics (Fitness: 1.00)
[CultivationManager] Growth processed. Average health: 1.00, Dead plants removed: 0
[CultivationManager] Processing daily growth for 1 plants...
Plant Stress Plant 0: Calculated max height 0.0cm from genetics (Fitness: 1.00)
[CultivationManager] Growth processed. Average health: 1.00, Dead plants removed: 0
[CultivationManager] Processing daily growth for 1 plants...
Plant Stress Plant 0: Calculated max height 0.0cm from genetics (Fitness: 1.00)
[CultivationManager] Growth processed. Average health: 1.00, Dead plants removed: 0
[CultivationManager] Processing daily growth for 1 plants...
Plant Stress Plant 0: Calculated max height 0.0cm from genetics (Fitness: 1.00)
[CultivationManager] Growth processed. Average health: 1.00, Dead plants removed: 0
[CultivationManager] Processing daily growth for 1 plants...
Plant Stress Plant 0: Calculated max height 0.0cm from genetics (Fitness: 1.00)
[CultivationManager] Growth processed. Average health: 1.00, Dead plants removed: 0
[CultivationManager] Processing daily growth for 1 plants...
Plant Stress Plant 0: Calculated max height 0.0cm from genetics (Fitness: 1.00)
[CultivationManager] Growth processed. Average health: 1.00, Dead plants removed: 0
[CultivationManager] Processing daily growth for 1 plants...
Plant Stress Plant 0: Calculated max height 0.0cm from genetics (Fitness: 1.00)
[CultivationManager] Growth processed. Average health: 1.00, Dead plants removed: 0
[CultivationManager] Processing daily growth for 1 plants...
Plant Stress Plant 0: Calculated max height 0.0cm from genetics (Fitness: 1.00)
[CultivationManager] Growth processed. Average health: 1.00, Dead plants removed: 0
[CultivationManager] Harvested plant 'plant_20250723_001': 0.0g at 0.0% potency
[PlayerInventory] Added 0.0g of Unknown Product (Quality: 0.0%, Batch: _plant_20250723_001_20250723_2033)
[CultivationManager] Successfully added 0.0g to inventory (Batch: _plant_20250723_001_20250723_2033, Quality: 0.0%)
[CultivationManager] Removed plant 'plant_20250723_001' (Harvest: True)
[Chimera] ScriptableObject of type PlantInstanceSO has no name assigned.
[CultivationManager] Planted 'Stress Plant 1' (ID: plant_20250723_001) at position (1.00, 0.00, 0.00)
[CultivationManager] Processing daily growth for 1 plants...
Plant Stress Plant 1: Calculated max height 0.0cm from genetics (Fitness: 1.00)
[CultivationManager] Plant 'plant_20250723_001' transitioned from Seed to Germination
[CultivationManager] Growth processed. Average health: 1.00, Dead plants removed: 0
[CultivationManager] Processing daily growth for 1 plants...
Plant Stress Plant 1: Calculated max height 0.0cm from genetics (Fitness: 1.00)
[CultivationManager] Growth processed. Average health: 1.00, Dead plants removed: 0
[CultivationManager] Processing daily growth for 1 plants...
Plant Stress Plant 1: Calculated max height 0.0cm from genetics (Fitness: 1.00)
[CultivationManager] Growth processed. Average health: 1.00, Dead plants removed: 0
[CultivationManager] Processing daily growth for 1 plants...
Plant Stress Plant 1: Calculated max height 0.0cm from genetics (Fitness: 1.00)
[CultivationManager] Plant 'plant_20250723_001' transitioned from Germination to Seedling
[CultivationManager] Growth processed. Average health: 1.00, Dead plants removed: 0
[CultivationManager] Processing daily growth for 1 plants...
Plant Stress Plant 1: Calculated max height 0.0cm from genetics (Fitness: 1.00)
[CultivationManager] Growth processed. Average health: 1.00, Dead plants removed: 0
[CultivationManager] Processing daily growth for 1 plants...
Plant Stress Plant 1: Calculated max height 0.0cm from genetics (Fitness: 1.00)
[CultivationManager] Growth processed. Average health: 1.00, Dead plants removed: 0
[CultivationManager] Processing daily growth for 1 plants...
Plant Stress Plant 1: Calculated max height 0.0cm from genetics (Fitness: 1.00)
[CultivationManager] Growth processed. Average health: 1.00, Dead plants removed: 0
[CultivationManager] Processing daily growth for 1 plants...
Plant Stress Plant 1: Calculated max height 0.0cm from genetics (Fitness: 1.00)
[CultivationManager] Growth processed. Average health: 1.00, Dead plants removed: 0
[CultivationManager] Processing daily growth for 1 plants...
Plant Stress Plant 1: Calculated max height 0.0cm from genetics (Fitness: 1.00)
[CultivationManager] Growth processed. Average health: 1.00, Dead plants removed: 0
[CultivationManager] Processing daily growth for 1 plants...
Plant Stress Plant 1: Calculated max height 0.0cm from genetics (Fitness: 1.00)
[CultivationManager] Growth processed. Average health: 1.00, Dead plants removed: 0
[CultivationManager] Processing daily growth for 1 plants...
Plant Stress Plant 1: Calculated max height 0.0cm from genetics (Fitness: 1.00)
[CultivationManager] Growth processed. Average health: 1.00, Dead plants removed: 0
[CultivationManager] Processing daily growth for 1 plants...
Plant Stress Plant 1: Calculated max height 0.0cm from genetics (Fitness: 1.00)
[CultivationManager] Growth processed. Average health: 1.00, Dead plants removed: 0
[CultivationManager] Processing daily growth for 1 plants...
Plant Stress Plant 1: Calculated max height 0.0cm from genetics (Fitness: 1.00)
[CultivationManager] Growth processed. Average health: 1.00, Dead plants removed: 0
[CultivationManager] Processing daily growth for 1 plants...
Plant Stress Plant 1: Calculated max height 0.0cm from genetics (Fitness: 1.00)
[CultivationManager] Growth processed. Average health: 1.00, Dead plants removed: 0
[CultivationManager] Processing daily growth for 1 plants...
Plant Stress Plant 1: Calculated max height 0.0cm from genetics (Fitness: 1.00)
[CultivationManager] Growth processed. Average health: 1.00, Dead plants removed: 0
[CultivationManager] Harvested plant 'plant_20250723_001': 0.0g at 0.0% potency
[PlayerInventory] Added 0.0g of Unknown Product (Quality: 0.0%, Batch: _plant_20250723_001_20250723_2033)
[CultivationManager] Successfully added 0.0g to inventory (Batch: _plant_20250723_001_20250723_2033, Quality: 0.0%)
[CultivationManager] Removed plant 'plant_20250723_001' (Harvest: True)
[Chimera] ScriptableObject of type PlantInstanceSO has no name assigned.
[CultivationManager] Planted 'Stress Plant 2' (ID: plant_20250723_001) at position (2.00, 0.00, 0.00)
[CultivationManager] Processing daily growth for 1 plants...
Plant Stress Plant 2: Calculated max height 0.0cm from genetics (Fitness: 1.00)
[CultivationManager] Plant 'plant_20250723_001' transitioned from Seed to Germination
[CultivationManager] Growth processed. Average health: 1.00, Dead plants removed: 0
[CultivationManager] Processing daily growth for 1 plants...
Plant Stress Plant 2: Calculated max height 0.0cm from genetics (Fitness: 1.00)
[CultivationManager] Growth processed. Average health: 1.00, Dead plants removed: 0
[CultivationManager] Processing daily growth for 1 plants...
Plant Stress Plant 2: Calculated max height 0.0cm from genetics (Fitness: 1.00)
[CultivationManager] Growth processed. Average health: 1.00, Dead plants removed: 0
[CultivationManager] Processing daily growth for 1 plants...
Plant Stress Plant 2: Calculated max height 0.0cm from genetics (Fitness: 1.00)
[CultivationManager] Plant 'plant_20250723_001' transitioned from Germination to Seedling
[CultivationManager] Growth processed. Average health: 1.00, Dead plants removed: 0
[CultivationManager] Processing daily growth for 1 plants...
Plant Stress Plant 2: Calculated max height 0.0cm from genetics (Fitness: 1.00)
[CultivationManager] Growth processed. Average health: 1.00, Dead plants removed: 0
[CultivationManager] Processing daily growth for 1 plants...
Plant Stress Plant 2: Calculated max height 0.0cm from genetics (Fitness: 1.00)
[CultivationManager] Growth processed. Average health: 1.00, Dead plants removed: 0
[CultivationManager] Processing daily growth for 1 plants...
Plant Stress Plant 2: Calculated max height 0.0cm from genetics (Fitness: 1.00)
[CultivationManager] Growth processed. Average health: 1.00, Dead plants removed: 0
[CultivationManager] Processing daily growth for 1 plants...
Plant Stress Plant 2: Calculated max height 0.0cm from genetics (Fitness: 1.00)
[CultivationManager] Growth processed. Average health: 1.00, Dead plants removed: 0
[CultivationManager] Processing daily growth for 1 plants...
Plant Stress Plant 2: Calculated max height 0.0cm from genetics (Fitness: 1.00)
[CultivationManager] Growth processed. Average health: 1.00, Dead plants removed: 0
[CultivationManager] Processing daily growth for 1 plants...
Plant Stress Plant 2: Calculated max height 0.0cm from genetics (Fitness: 1.00)
[CultivationManager] Growth processed. Average health: 1.00, Dead plants removed: 0
[CultivationManager] Processing daily growth for 1 plants...
Plant Stress Plant 2: Calculated max height 0.0cm from genetics (Fitness: 1.00)
[CultivationManager] Growth processed. Average health: 1.00, Dead plants removed: 0
[CultivationManager] Processing daily growth for 1 plants...
Plant Stress Plant 2: Calculated max height 0.0cm from genetics (Fitness: 1.00)
[CultivationManager] Growth processed. Average health: 1.00, Dead plants removed: 0
[CultivationManager] Processing daily growth for 1 plants...
Plant Stress Plant 2: Calculated max height 0.0cm from genetics (Fitness: 1.00)
[CultivationManager] Growth processed. Average health: 1.00, Dead plants removed: 0
[CultivationManager] Processing daily growth for 1 plants...
Plant Stress Plant 2: Calculated max height 0.0cm from genetics (Fitness: 1.00)
[CultivationManager] Growth processed. Average health: 1.00, Dead plants removed: 0
[CultivationManager] Processing daily growth for 1 plants...
Plant Stress Plant 2: Calculated max height 0.0cm from genetics (Fitness: 1.00)
[CultivationManager] Growth processed. Average health: 1.00, Dead plants removed: 0
[CultivationManager] Harvested plant 'plant_20250723_001': 0.0g at 0.0% potency
[PlayerInventory] Added 0.0g of Unknown Product (Quality: 0.0%, Batch: _plant_20250723_001_20250723_2033)
[CultivationManager] Successfully added 0.0g to inventory (Batch: _plant_20250723_001_20250723_2033, Quality: 0.0%)
[CultivationManager] Removed plant 'plant_20250723_001' (Harvest: True)
[Chimera] ScriptableObject of type PlantInstanceSO has no name assigned.
[CultivationManager] Planted 'Stress Plant 3' (ID: plant_20250723_001) at position (3.00, 0.00, 0.00)
[CultivationManager] Processing daily growth for 1 plants...
Plant Stress Plant 3: Calculated max height 0.0cm from genetics (Fitness: 1.00)
[CultivationManager] Plant 'plant_20250723_001' transitioned from Seed to Germination
[CultivationManager] Growth processed. Average health: 1.00, Dead plants removed: 0
[CultivationManager] Processing daily growth for 1 plants...
Plant Stress Plant 3: Calculated max height 0.0cm from genetics (Fitness: 1.00)
[CultivationManager] Growth processed. Average health: 1.00, Dead plants removed: 0
[CultivationManager] Processing daily growth for 1 plants...
Plant Stress Plant 3: Calculated max height 0.0cm from genetics (Fitness: 1.00)
[CultivationManager] Growth processed. Average health: 1.00, Dead plants removed: 0
[CultivationManager] Processing daily growth for 1 plants...
Plant Stress Plant 3: Calculated max height 0.0cm from genetics (Fitness: 1.00)
[CultivationManager] Plant 'plant_20250723_001' transitioned from Germination to Seedling
[CultivationManager] Growth processed. Average health: 1.00, Dead plants removed: 0
[CultivationManager] Processing daily growth for 1 plants...
Plant Stress Plant 3: Calculated max height 0.0cm from genetics (Fitness: 1.00)
[CultivationManager] Growth processed. Average health: 1.00, Dead plants removed: 0
[CultivationManager] Processing daily growth for 1 plants...
Plant Stress Plant 3: Calculated max height 0.0cm from genetics (Fitness: 1.00)
[CultivationManager] Growth processed. Average health: 1.00, Dead plants removed: 0
[CultivationManager] Processing daily growth for 1 plants...
Plant Stress Plant 3: Calculated max height 0.0cm from genetics (Fitness: 1.00)
[CultivationManager] Growth processed. Average health: 1.00, Dead plants removed: 0
[CultivationManager] Processing daily growth for 1 plants...
Plant Stress Plant 3: Calculated max height 0.0cm from genetics (Fitness: 1.00)
[CultivationManager] Growth processed. Average health: 1.00, Dead plants removed: 0
[CultivationManager] Processing daily growth for 1 plants...
Plant Stress Plant 3: Calculated max height 0.0cm from genetics (Fitness: 1.00)
[CultivationManager] Growth processed. Average health: 1.00, Dead plants removed: 0
[CultivationManager] Processing daily growth for 1 plants...
Plant Stress Plant 3: Calculated max height 0.0cm from genetics (Fitness: 1.00)
[CultivationManager] Growth processed. Average health: 1.00, Dead plants removed: 0
[CultivationManager] Processing daily growth for 1 plants...
Plant Stress Plant 3: Calculated max height 0.0cm from genetics (Fitness: 1.00)
[CultivationManager] Growth processed. Average health: 1.00, Dead plants removed: 0
[CultivationManager] Processing daily growth for 1 plants...
Plant Stress Plant 3: Calculated max height 0.0cm from genetics (Fitness: 1.00)
[CultivationManager] Growth processed. Average health: 1.00, Dead plants removed: 0
[CultivationManager] Processing daily growth for 1 plants...
Plant Stress Plant 3: Calculated max height 0.0cm from genetics (Fitness: 1.00)
[CultivationManager] Growth processed. Average health: 1.00, Dead plants removed: 0
[CultivationManager] Processing daily growth for 1 plants...
Plant Stress Plant 3: Calculated max height 0.0cm from genetics (Fitness: 1.00)
[CultivationManager] Growth processed. Average health: 1.00, Dead plants removed: 0
[CultivationManager] Processing daily growth for 1 plants...
Plant Stress Plant 3: Calculated max height 0.0cm from genetics (Fitness: 1.00)
[CultivationManager] Growth processed. Average health: 1.00, Dead plants removed: 0
[CultivationManager] Harvested plant 'plant_20250723_001': 0.0g at 0.0% potency
[PlayerInventory] Added 0.0g of Unknown Product (Quality: 0.0%, Batch: _plant_20250723_001_20250723_2033)
[CultivationManager] Successfully added 0.0g to inventory (Batch: _plant_20250723_001_20250723_2033, Quality: 0.0%)
[CultivationManager] Removed plant 'plant_20250723_001' (Harvest: True)
[Chimera] ScriptableObject of type PlantInstanceSO has no name assigned.
[CultivationManager] Planted 'Stress Plant 4' (ID: plant_20250723_001) at position (4.00, 0.00, 0.00)
[CultivationManager] Processing daily growth for 1 plants...
Plant Stress Plant 4: Calculated max height 0.0cm from genetics (Fitness: 1.00)
[CultivationManager] Plant 'plant_20250723_001' transitioned from Seed to Germination
[CultivationManager] Growth processed. Average health: 1.00, Dead plants removed: 0
[CultivationManager] Processing daily growth for 1 plants...
Plant Stress Plant 4: Calculated max height 0.0cm from genetics (Fitness: 1.00)
[CultivationManager] Growth processed. Average health: 1.00, Dead plants removed: 0
[CultivationManager] Processing daily growth for 1 plants...
Plant Stress Plant 4: Calculated max height 0.0cm from genetics (Fitness: 1.00)
[CultivationManager] Growth processed. Average health: 1.00, Dead plants removed: 0
[CultivationManager] Processing daily growth for 1 plants...
Plant Stress Plant 4: Calculated max height 0.0cm from genetics (Fitness: 1.00)
[CultivationManager] Plant 'plant_20250723_001' transitioned from Germination to Seedling
[CultivationManager] Growth processed. Average health: 1.00, Dead plants removed: 0
[CultivationManager] Processing daily growth for 1 plants...
Plant Stress Plant 4: Calculated max height 0.0cm from genetics (Fitness: 1.00)
[CultivationManager] Growth processed. Average health: 1.00, Dead plants removed: 0
[CultivationManager] Processing daily growth for 1 plants...
Plant Stress Plant 4: Calculated max height 0.0cm from genetics (Fitness: 1.00)
[CultivationManager] Growth processed. Average health: 1.00, Dead plants removed: 0
[CultivationManager] Processing daily growth for 1 plants...
Plant Stress Plant 4: Calculated max height 0.0cm from genetics (Fitness: 1.00)
[CultivationManager] Growth processed. Average health: 1.00, Dead plants removed: 0
[CultivationManager] Processing daily growth for 1 plants...
Plant Stress Plant 4: Calculated max height 0.0cm from genetics (Fitness: 1.00)
[CultivationManager] Growth processed. Average health: 1.00, Dead plants removed: 0
[CultivationManager] Processing daily growth for 1 plants...
Plant Stress Plant 4: Calculated max height 0.0cm from genetics (Fitness: 1.00)
[CultivationManager] Growth processed. Average health: 1.00, Dead plants removed: 0
[CultivationManager] Processing daily growth for 1 plants...
Plant Stress Plant 4: Calculated max height 0.0cm from genetics (Fitness: 1.00)
[CultivationManager] Growth processed. Average health: 1.00, Dead plants removed: 0
[CultivationManager] Processing daily growth for 1 plants...
Plant Stress Plant 4: Calculated max height 0.0cm from genetics (Fitness: 1.00)
[CultivationManager] Growth processed. Average health: 1.00, Dead plants removed: 0
[CultivationManager] Processing daily growth for 1 plants...
Plant Stress Plant 4: Calculated max height 0.0cm from genetics (Fitness: 1.00)
[CultivationManager] Growth processed. Average health: 1.00, Dead plants removed: 0
[CultivationManager] Processing daily growth for 1 plants...
Plant Stress Plant 4: Calculated max height 0.0cm from genetics (Fitness: 1.00)
[CultivationManager] Growth processed. Average health: 1.00, Dead plants removed: 0
[CultivationManager] Processing daily growth for 1 plants...
Plant Stress Plant 4: Calculated max height 0.0cm from genetics (Fitness: 1.00)
[CultivationManager] Growth processed. Average health: 1.00, Dead plants removed: 0
[CultivationManager] Processing daily growth for 1 plants...
Plant Stress Plant 4: Calculated max height 0.0cm from genetics (Fitness: 1.00)
[CultivationManager] Growth processed. Average health: 1.00, Dead plants removed: 0
[CultivationManager] Harvested plant 'plant_20250723_001': 0.0g at 0.0% potency
[PlayerInventory] Added 0.0g of Unknown Product (Quality: 0.0%, Batch: _plant_20250723_001_20250723_2033)
[CultivationManager] Successfully added 0.0g to inventory (Batch: _plant_20250723_001_20250723_2033, Quality: 0.0%)
[CultivationManager] Removed plant 'plant_20250723_001' (Harvest: True)
[Chimera] ScriptableObject of type PlantInstanceSO has no name assigned.
[CultivationManager] Planted 'Stress Plant 5' (ID: plant_20250723_001) at position (5.00, 0.00, 0.00)
[CultivationManager] Processing daily growth for 1 plants...
Plant Stress Plant 5: Calculated max height 0.0cm from genetics (Fitness: 1.00)
[CultivationManager] Plant 'plant_20250723_001' transitioned from Seed to Germination
[CultivationManager] Growth processed. Average health: 1.00, Dead plants removed: 0
[CultivationManager] Processing daily growth for 1 plants...
Plant Stress Plant 5: Calculated max height 0.0cm from genetics (Fitness: 1.00)
[CultivationManager] Growth processed. Average health: 1.00, Dead plants removed: 0
[CultivationManager] Processing daily growth for 1 plants...
Plant Stress Plant 5: Calculated max height 0.0cm from genetics (Fitness: 1.00)
[CultivationManager] Growth processed. Average health: 1.00, Dead plants removed: 0
[CultivationManager] Processing daily growth for 1 plants...
Plant Stress Plant 5: Calculated max height 0.0cm from genetics (Fitness: 1.00)
[CultivationManager] Plant 'plant_20250723_001' transitioned from Germination to Seedling
[CultivationManager] Growth processed. Average health: 1.00, Dead plants removed: 0
[CultivationManager] Processing daily growth for 1 plants...
Plant Stress Plant 5: Calculated max height 0.0cm from genetics (Fitness: 1.00)
[CultivationManager] Growth processed. Average health: 1.00, Dead plants removed: 0
[CultivationManager] Processing daily growth for 1 plants...
Plant Stress Plant 5: Calculated max height 0.0cm from genetics (Fitness: 1.00)
[CultivationManager] Growth processed. Average health: 1.00, Dead plants removed: 0
[CultivationManager] Processing daily growth for 1 plants...
Plant Stress Plant 5: Calculated max height 0.0cm from genetics (Fitness: 1.00)
[CultivationManager] Growth processed. Average health: 1.00, Dead plants removed: 0
[CultivationManager] Processing daily growth for 1 plants...
Plant Stress Plant 5: Calculated max height 0.0cm from genetics (Fitness: 1.00)
[CultivationManager] Growth processed. Average health: 1.00, Dead plants removed: 0
[CultivationManager] Processing daily growth for 1 plants...
Plant Stress Plant 5: Calculated max height 0.0cm from genetics (Fitness: 1.00)
[CultivationManager] Growth processed. Average health: 1.00, Dead plants removed: 0
[CultivationManager] Processing daily growth for 1 plants...
Plant Stress Plant 5: Calculated max height 0.0cm from genetics (Fitness: 1.00)
[CultivationManager] Growth processed. Average health: 1.00, Dead plants removed: 0
[CultivationManager] Processing daily growth for 1 plants...
Plant Stress Plant 5: Calculated max height 0.0cm from genetics (Fitness: 1.00)
[CultivationManager] Growth processed. Average health: 1.00, Dead plants removed: 0
[CultivationManager] Processing daily growth for 1 plants...
Plant Stress Plant 5: Calculated max height 0.0cm from genetics (Fitness: 1.00)
[CultivationManager] Growth processed. Average health: 1.00, Dead plants removed: 0
[CultivationManager] Processing daily growth for 1 plants...
Plant Stress Plant 5: Calculated max height 0.0cm from genetics (Fitness: 1.00)
[CultivationManager] Growth processed. Average health: 1.00, Dead plants removed: 0
[CultivationManager] Processing daily growth for 1 plants...
Plant Stress Plant 5: Calculated max height 0.0cm from genetics (Fitness: 1.00)
[CultivationManager] Growth processed. Average health: 1.00, Dead plants removed: 0
[CultivationManager] Processing daily growth for 1 plants...
Plant Stress Plant 5: Calculated max height 0.0cm from genetics (Fitness: 1.00)
[CultivationManager] Growth processed. Average health: 1.00, Dead plants removed: 0
[CultivationManager] Harvested plant 'plant_20250723_001': 0.0g at 0.0% potency
[PlayerInventory] Added 0.0g of Unknown Product (Quality: 0.0%, Batch: _plant_20250723_001_20250723_2033)
[CultivationManager] Successfully added 0.0g to inventory (Batch: _plant_20250723_001_20250723_2033, Quality: 0.0%)
[CultivationManager] Removed plant 'plant_20250723_001' (Harvest: True)
[Chimera] ScriptableObject of type PlantInstanceSO has no name assigned.
[CultivationManager] Planted 'Stress Plant 6' (ID: plant_20250723_001) at position (6.00, 0.00, 0.00)
[CultivationManager] Processing daily growth for 1 plants...
Plant Stress Plant 6: Calculated max height 0.0cm from genetics (Fitness: 1.00)
[CultivationManager] Plant 'plant_20250723_001' transitioned from Seed to Germination
[CultivationManager] Growth processed. Average health: 1.00, Dead plants removed: 0
[CultivationManager] Processing daily growth for 1 plants...
Plant Stress Plant 6: Calculated max height 0.0cm from genetics (Fitness: 1.00)
[CultivationManager] Growth processed. Average health: 1.00, Dead plants removed: 0
[CultivationManager] Processing daily growth for 1 plants...
Plant Stress Plant 6: Calculated max height 0.0cm from genetics (Fitness: 1.00)
[CultivationManager] Growth processed. Average health: 1.00, Dead plants removed: 0
[CultivationManager] Processing daily growth for 1 plants...
Plant Stress Plant 6: Calculated max height 0.0cm from genetics (Fitness: 1.00)
[CultivationManager] Plant 'plant_20250723_001' transitioned from Germination to Seedling
[CultivationManager] Growth processed. Average health: 1.00, Dead plants removed: 0
[CultivationManager] Processing daily growth for 1 plants...
Plant Stress Plant 6: Calculated max height 0.0cm from genetics (Fitness: 1.00)
[CultivationManager] Growth processed. Average health: 1.00, Dead plants removed: 0
[CultivationManager] Processing daily growth for 1 plants...
Plant Stress Plant 6: Calculated max height 0.0cm from genetics (Fitness: 1.00)
[...]
                <properties>
                  <property name="retryIteration" value="0" />
                  <property name="repeatIteration" value="0" />
                </properties>
                <failure>
                  <message><![CDATA[SetUp : Unhandled log message: '[Error] [Chimera][PlantManager] CultivationManager not found! PlantManager requires CultivationManager as data source.'. Use UnityEngine.TestTools.LogAssert.Expect]]></message>
                  <stack-trace><![CDATA[ProjectChimera.Core.ChimeraMonoBehaviour:LogError (string) (at Assets/ProjectChimera/Core/ChimeraMonoBehaviour.cs:141)
ProjectChimera.Systems.Cultivation.PlantManager:OnManagerInitialize () (at Assets/ProjectChimera/Systems/Cultivation/PlantManager.cs:124)
ProjectChimera.Core.ChimeraManager:InitializeManager () (at Assets/ProjectChimera/Core/ChimeraManager.cs:149)
ProjectChimera.Core.ChimeraManager:Initialize () (at Assets/ProjectChimera/Core/ChimeraManager.cs:124)
ProjectChimera.Core.ChimeraManager:Awake () (at Assets/ProjectChimera/Core/ChimeraManager.cs:114)
UnityEngine.GameObject:AddComponent<ProjectChimera.Systems.Cultivation.PlantManager> ()
ProjectChimera.Testing.Core.ChimeraTestBase:CreateTestManager<ProjectChimera.Systems.Cultivation.PlantManager> () (at Assets/ProjectChimera/Testing/Core/ChimeraTestBase.cs:81)
ProjectChimera.Testing.Systems.PlantManagerServiceIntegrationTests:SetUp () (at Assets/ProjectChimera/Testing/Systems/PlantManagerServiceIntegrationTests.cs:40)
System.Reflection.MethodBase:Invoke (object,object[])
NUnit.Framework.Internal.Reflect:InvokeMethod (System.Reflection.MethodInfo,object,object[])
NUnit.Framework.Internal.Reflect:InvokeMethod (System.Reflection.MethodInfo,object)
UnityEngine.SetupCoroutine:InvokeMoveNext (System.Collections.IEnumerator,intptr) (at /Users/bokken/build/output/unity/unity/Runtime/Export/Scripting/Coroutines.cs:17)

]]></stack-trace>
                </failure>
                <output><![CDATA[[CultivationManager] Initializing cultivation systems...
[CultivationManager] Initialized. Max plants: 50, Auto-growth: True
[Chimera][PlantManager] CultivationManager not found! PlantManager requires CultivationManager as data source.
[Chimera] ScriptableObject of type PlantStrainSO has no name assigned.
[Chimera] PlantStrainSO '' has no base species assigned.
[Chimera] PlantStrainSO '' has no strain name assigned.
[Chimera][PlantInstance] Initialized plant PLANT_8DDCA282EA017AA_8036 from strain TestStrain
[Chimera][PlantManager] PlantManager shutting down - CultivationManager handles plant cleanup
[CultivationManager] Shutting down cultivation systems...
[CultivationManager] Saving states for 0 plants...
]]></output>
              </test-case>
              <test-case id="1151" name="PlantManager_ServiceIntegrationWithStressSystem" fullname="ProjectChimera.Testing.Systems.PlantManagerServiceIntegrationTests.PlantManager_ServiceIntegrationWithStressSystem" methodname="PlantManager_ServiceIntegrationWithStressSystem" classname="ProjectChimera.Testing.Systems.PlantManagerServiceIntegrationTests" runstate="Runnable" seed="2111551301" result="Failed" start-time="2025-07-24 00:33:28Z" end-time="2025-07-24 00:33:28Z" duration="0.003022" asserts="0">
                <properties>
                  <property name="retryIteration" value="0" />
                  <property name="repeatIteration" value="0" />
                </properties>
                <failure>
                  <message><![CDATA[SetUp : Unhandled log message: '[Error] [Chimera][PlantManager] CultivationManager not found! PlantManager requires CultivationManager as data source.'. Use UnityEngine.TestTools.LogAssert.Expect]]></message>
                  <stack-trace><![CDATA[ProjectChimera.Core.ChimeraMonoBehaviour:LogError (string) (at Assets/ProjectChimera/Core/ChimeraMonoBehaviour.cs:141)
ProjectChimera.Systems.Cultivation.PlantManager:OnManagerInitialize () (at Assets/ProjectChimera/Systems/Cultivation/PlantManager.cs:124)
ProjectChimera.Core.ChimeraManager:InitializeManager () (at Assets/ProjectChimera/Core/ChimeraManager.cs:149)
ProjectChimera.Core.ChimeraManager:Initialize () (at Assets/ProjectChimera/Core/ChimeraManager.cs:124)
ProjectChimera.Core.ChimeraManager:Awake () (at Assets/ProjectChimera/Core/ChimeraManager.cs:114)
UnityEngine.GameObject:AddComponent<ProjectChimera.Systems.Cultivation.PlantManager> ()
ProjectChimera.Testing.Core.ChimeraTestBase:CreateTestManager<ProjectChimera.Systems.Cultivation.PlantManager> () (at Assets/ProjectChimera/Testing/Core/ChimeraTestBase.cs:81)
ProjectChimera.Testing.Systems.PlantManagerServiceIntegrationTests:SetUp () (at Assets/ProjectChimera/Testing/Systems/PlantManagerServiceIntegrationTests.cs:40)
System.Reflection.MethodBase:Invoke (object,object[])
NUnit.Framework.Internal.Reflect:InvokeMethod (System.Reflection.MethodInfo,object,object[])
NUnit.Framework.Internal.Reflect:InvokeMethod (System.Reflection.MethodInfo,object)
UnityEngine.SetupCoroutine:InvokeMoveNext (System.Collections.IEnumerator,intptr) (at /Users/bokken/build/output/unity/unity/Runtime/Export/Scripting/Coroutines.cs:17)

]]></stack-trace>
                </failure>
                <output><![CDATA[[CultivationManager] Initializing cultivation systems...
[CultivationManager] Initialized. Max plants: 50, Auto-growth: True
[Chimera][PlantManager] CultivationManager not found! PlantManager requires CultivationManager as data source.
[Chimera] ScriptableObject of type PlantStrainSO has no name assigned.
[Chimera] PlantStrainSO '' has no base species assigned.
[Chimera] PlantStrainSO '' has no strain name assigned.
[Chimera][PlantInstance] Initialized plant PLANT_8DDCA282EA0911C_3776 from strain TestStrain
[Chimera][PlantManager] PlantManager shutting down - CultivationManager handles plant cleanup
[CultivationManager] Shutting down cultivation systems...
[CultivationManager] Saving states for 0 plants...
]]></output>
              </test-case>
              <test-case id="1143" name="PlantManager_ShutsDownSpecializedServices" fullname="ProjectChimera.Testing.Systems.PlantManagerServiceIntegrationTests.PlantManager_ShutsDownSpecializedServices" methodname="PlantManager_ShutsDownSpecializedServices" classname="ProjectChimera.Testing.Systems.PlantManagerServiceIntegrationTests" runstate="Runnable" seed="1624274856" result="Failed" start-time="2025-07-24 00:33:28Z" end-time="2025-07-24 00:33:28Z" duration="0.002972" asserts="0">
                <properties>
                  <property name="retryIteration" value="0" />
                  <property name="repeatIteration" value="0" />
                </properties>
                <failure>
                  <message><![CDATA[SetUp : Unhandled log message: '[Error] [Chimera][PlantManager] CultivationManager not found! PlantManager requires CultivationManager as data source.'. Use UnityEngine.TestTools.LogAssert.Expect]]></message>
                  <stack-trace><![CDATA[ProjectChimera.Core.ChimeraMonoBehaviour:LogError (string) (at Assets/ProjectChimera/Core/ChimeraMonoBehaviour.cs:141)
ProjectChimera.Systems.Cultivation.PlantManager:OnManagerInitialize () (at Assets/ProjectChimera/Systems/Cultivation/PlantManager.cs:124)
ProjectChimera.Core.ChimeraManager:InitializeManager () (at Assets/ProjectChimera/Core/ChimeraManager.cs:149)
ProjectChimera.Core.ChimeraManager:Initialize () (at Assets/ProjectChimera/Core/ChimeraManager.cs:124)
ProjectChimera.Core.ChimeraManager:Awake () (at Assets/ProjectChimera/Core/ChimeraManager.cs:114)
UnityEngine.GameObject:AddComponent<ProjectChimera.Systems.Cultivation.PlantManager> ()
ProjectChimera.Testing.Core.ChimeraTestBase:CreateTestManager<ProjectChimera.Systems.Cultivation.PlantManager> () (at Assets/ProjectChimera/Testing/Core/ChimeraTestBase.cs:81)
ProjectChimera.Testing.Systems.PlantManagerServiceIntegrationTests:SetUp () (at Assets/ProjectChimera/Testing/Systems/PlantManagerServiceIntegrationTests.cs:40)
System.Reflection.MethodBase:Invoke (object,object[])
NUnit.Framework.Internal.Reflect:InvokeMethod (System.Reflection.MethodInfo,object,object[])
NUnit.Framework.Internal.Reflect:InvokeMethod (System.Reflection.MethodInfo,object)
UnityEngine.SetupCoroutine:InvokeMoveNext (System.Collections.IEnumerator,intptr) (at /Users/bokken/build/output/unity/unity/Runtime/Export/Scripting/Coroutines.cs:17)

]]></stack-trace>
                </failure>
                <output><![CDATA[[CultivationManager] Initializing cultivation systems...
[CultivationManager] Initialized. Max plants: 50, Auto-growth: True
[Chimera][PlantManager] CultivationManager not found! PlantManager requires CultivationManager as data source.
[Chimera] ScriptableObject of type PlantStrainSO has no name assigned.
[Chimera] PlantStrainSO '' has no base species assigned.
[Chimera] PlantStrainSO '' has no strain name assigned.
[Chimera][PlantInstance] Initialized plant PLANT_8DDCA282EA108B8_9259 from strain TestStrain
[Chimera][PlantManager] PlantManager shutting down - CultivationManager handles plant cleanup
[CultivationManager] Shutting down cultivation systems...
[CultivationManager] Saving states for 0 plants...
]]></output>
              </test-case>
            </test-suite>
            <test-suite type="TestFixture" id="1152" name="SceneGenerationIntegrationTest" fullname="ProjectChimera.Testing.Systems.SceneGenerationIntegrationTest" classname="ProjectChimera.Testing.Systems.SceneGenerationIntegrationTest" runstate="Runnable" testcasecount="5" result="Failed" site="Child" start-time="2025-07-24 00:33:28Z" end-time="2025-07-24 00:33:29Z" duration="0.578557" total="5" passed="4" failed="1" inconclusive="0" skipped="0" asserts="0">
              <properties />
              <failure>
                <message><![CDATA[One or more child tests had errors]]></message>
              </failure>
              <output><![CDATA[[Chimera][PlantInstance] Initialized plant PLANT_8DDCA282E9BC222_4673 from strain TestStrain
[Chimera][PlantInstance] Initialized plant PLANT_8DDCA282E9C91B6_9249 from strain TestStrain
[Chimera][PlantInstance] Initialized plant PLANT_8DDCA282E9D03A8_3232 from strain TestStrain
[Chimera][PlantInstance] Initialized plant PLANT_8DDCA282E9DD210_6050 from strain TestStrain
[Chimera][PlantInstance] Initialized plant PLANT_8DDCA282E9E4998_8383 from strain TestStrain
[Chimera][PlantInstance] Initialized plant PLANT_8DDCA282E9EBC84_1191 from strain TestStrain
[Chimera][PlantInstance] Initialized plant PLANT_8DDCA282E9F9E9C_3703 from strain TestStrain
[Chimera][PlantInstance] Initialized plant PLANT_8DDCA282EA017AA_8036 from strain TestStrain
[Chimera][PlantInstance] Initialized plant PLANT_8DDCA282EA0911C_3776 from strain TestStrain
[Chimera][PlantInstance] Initialized plant PLANT_8DDCA282EA108B8_9259 from strain TestStrain
]]></output>
              <test-case id="1154" name="TestCompleteSceneGeneration" fullname="ProjectChimera.Testing.Systems.SceneGenerationIntegrationTest.TestCompleteSceneGeneration" methodname="TestCompleteSceneGeneration" classname="ProjectChimera.Testing.Systems.SceneGenerationIntegrationTest" runstate="Runnable" seed="1352806799" result="Passed" start-time="2025-07-24 00:33:28Z" end-time="2025-07-24 00:33:29Z" duration="0.550981" asserts="0">
                <properties>
                  <property name="_JOINTYPE" value="UnityCombinatorial" />
                  <property name="retryIteration" value="0" />
                  <property name="repeatIteration" value="0" />
                </properties>
                <output><![CDATA[[20:33:28.639][Chimera][WARNING] Service TerrainGenerationService is enabled but not found
[20:33:28.640][Chimera][WARNING] Service BuildingGenerationService is enabled but not found
[20:33:28.640][Chimera][WARNING] Service VegetationGenerationService is enabled but not found
[20:33:28.640][Chimera][WARNING] Service EquipmentGenerationService is enabled but not found
[20:33:28.640][Chimera][WARNING] Service EnvironmentalGenerationService is enabled but not found
[20:33:28.640][Chimera][WARNING] Service DetailGenerationService is enabled but not found
[20:33:28.640][Chimera][DEBUG] ProceduralSceneOrchestrator initialized successfully
[20:33:28.653][Chimera][WARNING] ProceduralSceneOrchestrator already initialized
[20:33:28.657][Chimera][DEBUG] Starting complete scene generation for IndoorFacility facility (Size: (20, 20), Seed: 12345)
[20:33:28.658][Chimera][DEBUG] Starting generation phase: Terrain
[20:33:28.658][Chimera][DEBUG] Completed generation phase: Terrain in 0.00s
[20:33:28.763][Chimera][DEBUG] Starting generation phase: Buildings
[20:33:28.763][Chimera][DEBUG] Completed generation phase: Buildings in 0.00s
[20:33:28.868][Chimera][DEBUG] Starting generation phase: Vegetation
[20:33:28.868][Chimera][DEBUG] Completed generation phase: Vegetation in 0.00s
[20:33:28.973][Chimera][DEBUG] Starting generation phase: Equipment
[20:33:28.973][Chimera][DEBUG] Completed generation phase: Equipment in 0.00s
[20:33:29.076][Chimera][DEBUG] Starting generation phase: Environmental
[20:33:29.076][Chimera][DEBUG] Completed generation phase: Environmental in 0.00s
[20:33:29.181][Chimera][DEBUG] Starting generation phase: Details
[20:33:29.182][Chimera][DEBUG] Completed generation phase: Details in 0.00s
[20:33:29.185][Chimera][DEBUG] Scene generation report: 0 total objects generated
[20:33:29.185][Chimera][DEBUG] Complete scene generation finished in 0.53s
[20:33:29.186][Chimera][DEBUG] ProceduralSceneOrchestrator shutdown completed
]]></output>
              </test-case>
              <test-case id="1157" name="TestConfigurationUpdate" fullname="ProjectChimera.Testing.Systems.SceneGenerationIntegrationTest.TestConfigurationUpdate" methodname="TestConfigurationUpdate" classname="ProjectChimera.Testing.Systems.SceneGenerationIntegrationTest" runstate="Runnable" seed="1062899450" result="Passed" start-time="2025-07-24 00:33:29Z" end-time="2025-07-24 00:33:29Z" duration="0.003746" asserts="0">
                <properties>
                  <property name="retryIteration" value="0" />
                  <property name="repeatIteration" value="0" />
                </properties>
                <output><![CDATA[[20:33:29.189][Chimera][WARNING] Service TerrainGenerationService is enabled but not found
[20:33:29.189][Chimera][WARNING] Service BuildingGenerationService is enabled but not found
[20:33:29.190][Chimera][WARNING] Service VegetationGenerationService is enabled but not found
[20:33:29.190][Chimera][WARNING] Service EquipmentGenerationService is enabled but not found
[20:33:29.191][Chimera][WARNING] Service EnvironmentalGenerationService is enabled but not found
[20:33:29.191][Chimera][WARNING] Service DetailGenerationService is enabled but not found
[20:33:29.191][Chimera][DEBUG] ProceduralSceneOrchestrator initialized successfully
[20:33:29.192][Chimera][DEBUG] Scene generation configuration updated
[20:33:29.192][Chimera][DEBUG] ProceduralSceneOrchestrator shutdown completed
]]></output>
              </test-case>
              <test-case id="1153" name="TestOrchestratorInitialization" fullname="ProjectChimera.Testing.Systems.SceneGenerationIntegrationTest.TestOrchestratorInitialization" methodname="TestOrchestratorInitialization" classname="ProjectChimera.Testing.Systems.SceneGenerationIntegrationTest" runstate="Runnable" seed="1235949577" result="Failed" start-time="2025-07-24 00:33:29Z" end-time="2025-07-24 00:33:29Z" duration="0.007577" asserts="0">
                <properties>
                  <property name="_JOINTYPE" value="UnityCombinatorial" />
                  <property name="retryIteration" value="0" />
                  <property name="repeatIteration" value="0" />
                </properties>
                <failure>
                  <message><![CDATA[  Orchestrator should not be initialized initially
  Expected: False
  But was:  True
]]></message>
                  <stack-trace><![CDATA[at ProjectChimera.Testing.Systems.SceneGenerationIntegrationTest+<TestOrchestratorInitialization>d__4.MoveNext () [0x0001e] in /Users/devon/Documents/Cursor/Projects/Assets/ProjectChimera/Testing/Systems/SceneGenerationIntegrationTest.cs:39
at UnityEngine.TestTools.TestEnumerator+<Execute>d__7.MoveNext () [0x0003a] in ./Library/PackageCache/com.unity.test-framework@b10ae3e6f84c/UnityEngine.TestRunner/NUnitExtensions/Attributes/TestEnumerator.cs:44
]]></stack-trace>
                </failure>
                <output><![CDATA[[20:33:29.193][Chimera][WARNING] Service TerrainGenerationService is enabled but not found
[20:33:29.193][Chimera][WARNING] Service BuildingGenerationService is enabled but not found
[20:33:29.193][Chimera][WARNING] Service VegetationGenerationService is enabled but not found
[20:33:29.193][Chimera][WARNING] Service EquipmentGenerationService is enabled but not found
[20:33:29.193][Chimera][WARNING] Service EnvironmentalGenerationService is enabled but not found
[20:33:29.193][Chimera][WARNING] Service DetailGenerationService is enabled but not found
[20:33:29.193][Chimera][DEBUG] ProceduralSceneOrchestrator initialized successfully
[20:33:29.200][Chimera][DEBUG] ProceduralSceneOrchestrator shutdown completed
]]></output>
              </test-case>
              <test-case id="1155" name="TestPhaseEnableDisable" fullname="ProjectChimera.Testing.Systems.SceneGenerationIntegrationTest.TestPhaseEnableDisable" methodname="TestPhaseEnableDisable" classname="ProjectChimera.Testing.Systems.SceneGenerationIntegrationTest" runstate="Runnable" seed="782989859" result="Passed" start-time="2025-07-24 00:33:29Z" end-time="2025-07-24 00:33:29Z" duration="0.003654" asserts="0">
                <properties>
                  <property name="retryIteration" value="0" />
                  <property name="repeatIteration" value="0" />
                </properties>
                <output><![CDATA[[20:33:29.200][Chimera][WARNING] Service TerrainGenerationService is enabled but not found
[20:33:29.201][Chimera][WARNING] Service BuildingGenerationService is enabled but not found
[20:33:29.201][Chimera][WARNING] Service VegetationGenerationService is enabled but not found
[20:33:29.202][Chimera][WARNING] Service EquipmentGenerationService is enabled but not found
[20:33:29.202][Chimera][WARNING] Service EnvironmentalGenerationService is enabled but not found
[20:33:29.202][Chimera][WARNING] Service DetailGenerationService is enabled but not found
[20:33:29.203][Chimera][DEBUG] ProceduralSceneOrchestrator initialized successfully
[20:33:29.203][Chimera][DEBUG] Phase Terrain disabled
[20:33:29.203][Chimera][DEBUG] Phase Terrain enabled
[20:33:29.204][Chimera][DEBUG] ProceduralSceneOrchestrator shutdown completed
]]></output>
              </test-case>
              <test-case id="1156" name="TestServiceInterface" fullname="ProjectChimera.Testing.Systems.SceneGenerationIntegrationTest.TestServiceInterface" methodname="TestServiceInterface" classname="ProjectChimera.Testing.Systems.SceneGenerationIntegrationTest" runstate="Runnable" seed="1736205440" result="Passed" start-time="2025-07-24 00:33:29Z" end-time="2025-07-24 00:33:29Z" duration="0.004104" asserts="0">
                <properties>
                  <property name="retryIteration" value="0" />
                  <property name="repeatIteration" value="0" />
                </properties>
                <output><![CDATA[Saving results to: /Users/devon/Library/Application Support/DefaultCompany/Chimera/TestResults.xml
]]></output>
              </test-case>
            </test-suite>
          </test-suite>
        </test-suite>
      </test-suite>
    </test-suite>
  </test-suite>
</test-run>