<?xml version="1.0" encoding="utf-8"?>
<test-run id="2" testcasecount="142" result="Failed(Child)" total="142" passed="133" failed="9" inconclusive="0" skipped="0" asserts="0" engine-version="3.5.0.0" clr-version="4.0.30319.42000" start-time="2025-07-24 00:43:06Z" end-time="2025-07-24 00:43:32Z" duration="25.7081109">
  <test-suite type="TestSuite" id="1190" name="Chimera" fullname="Chimera" runstate="Runnable" testcasecount="142" result="Failed" site="Child" start-time="2025-07-24 00:43:06Z" end-time="2025-07-24 00:43:32Z" duration="25.708111" total="142" passed="133" failed="9" inconclusive="0" skipped="0" asserts="0">
    <properties>
      <property name="platform" value="PlayMode" />
    </properties>
    <failure>
      <message><![CDATA[One or more child tests had errors]]></message>
    </failure>
    <test-suite type="Assembly" id="1096" name="ProjectChimera.Testing.dll" fullname="/Users/devon/Documents/Cursor/Projects/Library/ScriptAssemblies/ProjectChimera.Testing.dll" runstate="Runnable" testcasecount="77" result="Failed" site="Child" start-time="2025-07-24 00:43:06Z" end-time="2025-07-24 00:43:28Z" duration="22.152344" total="77" passed="71" failed="6" inconclusive="0" skipped="0" asserts="0">
      <properties>
        <property name="_PID" value="1923" />
        <property name="_APPDOMAIN" value="Unity Child Domain" />
        <property name="platform" value="PlayMode" />
        <property name="EditorOnly" value="False" />
      </properties>
      <failure>
        <message><![CDATA[One or more child tests had errors]]></message>
      </failure>
      <test-suite type="TestSuite" id="1097" name="ProjectChimera" fullname="ProjectChimera" runstate="Runnable" testcasecount="77" result="Failed" site="Child" start-time="2025-07-24 00:43:06Z" end-time="2025-07-24 00:43:28Z" duration="22.147562" total="77" passed="71" failed="6" inconclusive="0" skipped="0" asserts="0">
        <properties />
        <failure>
          <message><![CDATA[One or more child tests had errors]]></message>
        </failure>
        <test-suite type="TestSuite" id="1098" name="Testing" fullname="ProjectChimera.Testing" runstate="Runnable" testcasecount="77" result="Failed" site="Child" start-time="2025-07-24 00:43:06Z" end-time="2025-07-24 00:43:28Z" duration="22.144949" total="77" passed="71" failed="6" inconclusive="0" skipped="0" asserts="0">
          <properties />
          <failure>
            <message><![CDATA[One or more child tests had errors]]></message>
          </failure>
          <test-suite type="TestSuite" id="1105" name="Data" fullname="ProjectChimera.Testing.Data" runstate="Runnable" testcasecount="11" result="Failed" site="Child" start-time="2025-07-24 00:43:06Z" end-time="2025-07-24 00:43:06Z" duration="0.043958" total="11" passed="7" failed="4" inconclusive="0" skipped="0" asserts="0">
            <properties />
            <failure>
              <message><![CDATA[One or more child tests had errors]]></message>
            </failure>
            <test-suite type="TestFixture" id="1083" name="DataStructureTests" fullname="ProjectChimera.Testing.Data.DataStructureTests" classname="ProjectChimera.Testing.Data.DataStructureTests" runstate="Runnable" testcasecount="0" result="Passed" start-time="2025-07-24 00:43:06Z" end-time="2025-07-24 00:43:06Z" duration="0.001364" total="0" passed="0" failed="0" inconclusive="0" skipped="0" asserts="0">
              <properties>
                <property name="Category" value="Data Structures" />
              </properties>
            </test-suite>
            <test-suite type="TestFixture" id="1084" name="UnicodeJsonTests" fullname="ProjectChimera.Testing.Data.UnicodeJsonTests" classname="ProjectChimera.Testing.Data.UnicodeJsonTests" runstate="Runnable" testcasecount="11" result="Failed" site="Child" start-time="2025-07-24 00:43:06Z" end-time="2025-07-24 00:43:06Z" duration="0.037419" total="11" passed="7" failed="4" inconclusive="0" skipped="0" asserts="0">
              <properties>
                <property name="Category" value="Unicode JSON" />
              </properties>
              <failure>
                <message><![CDATA[One or more child tests had errors]]></message>
              </failure>
              <test-case id="1093" name="Test_GeneticData_UnicodeHandling" fullname="ProjectChimera.Testing.Data.UnicodeJsonTests.Test_GeneticData_UnicodeHandling" methodname="Test_GeneticData_UnicodeHandling" classname="ProjectChimera.Testing.Data.UnicodeJsonTests" runstate="Runnable" seed="1262041767" result="Passed" start-time="2025-07-24 00:43:06Z" end-time="2025-07-24 00:43:06Z" duration="0.012599" asserts="0">
                <properties>
                  <property name="retryIteration" value="0" />
                  <property name="repeatIteration" value="0" />
                </properties>
              </test-case>
              <test-case id="1095" name="Test_JsonCompaction" fullname="ProjectChimera.Testing.Data.UnicodeJsonTests.Test_JsonCompaction" methodname="Test_JsonCompaction" classname="ProjectChimera.Testing.Data.UnicodeJsonTests" runstate="Runnable" seed="514389196" result="Passed" start-time="2025-07-24 00:43:06Z" end-time="2025-07-24 00:43:06Z" duration="0.001985" asserts="0">
                <properties>
                  <property name="retryIteration" value="0" />
                  <property name="repeatIteration" value="0" />
                </properties>
              </test-case>
              <test-case id="1090" name="Test_JsonHelper_InvalidJsonHandling" fullname="ProjectChimera.Testing.Data.UnicodeJsonTests.Test_JsonHelper_InvalidJsonHandling" methodname="Test_JsonHelper_InvalidJsonHandling" classname="ProjectChimera.Testing.Data.UnicodeJsonTests" runstate="Runnable" seed="743821853" result="Failed" start-time="2025-07-24 00:43:06Z" end-time="2025-07-24 00:43:06Z" duration="0.002837" asserts="0">
                <properties>
                  <property name="retryIteration" value="0" />
                  <property name="repeatIteration" value="0" />
                </properties>
                <failure>
                  <message><![CDATA[Unhandled log message: '[Error] Failed to deserialize JSON to TestDataWithUnicode: JSON parse error: Missing a name for object member.'. Use UnityEngine.TestTools.LogAssert.Expect]]></message>
                  <stack-trace><![CDATA[ProjectChimera.Core.JsonUtilityHelper:FromJsonSafe<ProjectChimera.Testing.Data.UnicodeJsonTests/TestDataWithUnicode> (string) (at Assets/ProjectChimera/Core/JsonUtilityHelper.cs:48)
ProjectChimera.Testing.Data.UnicodeJsonTests:Test_JsonHelper_InvalidJsonHandling () (at Assets/ProjectChimera/Testing/Data/UnicodeJsonTests.cs:130)
System.Reflection.MethodBase:Invoke (object,object[])
NUnit.Framework.Internal.Reflect:InvokeMethod (System.Reflection.MethodInfo,object,object[])
NUnit.Framework.Internal.MethodWrapper:Invoke (object,object[])
NUnit.Framework.Internal.Commands.TestMethodCommand:RunNonAsyncTestMethod (NUnit.Framework.Internal.ITestExecutionContext)
NUnit.Framework.Internal.Commands.TestMethodCommand:RunTestMethod (NUnit.Framework.Internal.ITestExecutionContext)
NUnit.Framework.Internal.Commands.TestMethodCommand:Execute (NUnit.Framework.Internal.ITestExecutionContext)
UnityEngine.SetupCoroutine:InvokeMoveNext (System.Collections.IEnumerator,intptr) (at /Users/bokken/build/output/unity/unity/Runtime/Export/Scripting/Coroutines.cs:17)

]]></stack-trace>
                </failure>
                <output><![CDATA[Failed to deserialize JSON to TestDataWithUnicode: JSON parse error: Missing a name for object member.
]]></output>
              </test-case>
              <test-case id="1089" name="Test_JsonHelper_SafeDeserialization" fullname="ProjectChimera.Testing.Data.UnicodeJsonTests.Test_JsonHelper_SafeDeserialization" methodname="Test_JsonHelper_SafeDeserialization" classname="ProjectChimera.Testing.Data.UnicodeJsonTests" runstate="Runnable" seed="315725691" result="Passed" start-time="2025-07-24 00:43:06Z" end-time="2025-07-24 00:43:06Z" duration="0.000167" asserts="0">
                <properties>
                  <property name="retryIteration" value="0" />
                  <property name="repeatIteration" value="0" />
                </properties>
              </test-case>
              <test-case id="1088" name="Test_JsonHelper_SafeSerialization" fullname="ProjectChimera.Testing.Data.UnicodeJsonTests.Test_JsonHelper_SafeSerialization" methodname="Test_JsonHelper_SafeSerialization" classname="ProjectChimera.Testing.Data.UnicodeJsonTests" runstate="Runnable" seed="993741364" result="Passed" start-time="2025-07-24 00:43:06Z" end-time="2025-07-24 00:43:06Z" duration="0.000242" asserts="0">
                <properties>
                  <property name="retryIteration" value="0" />
                  <property name="repeatIteration" value="0" />
                </properties>
              </test-case>
              <test-case id="1094" name="Test_LargeDataset_Performance" fullname="ProjectChimera.Testing.Data.UnicodeJsonTests.Test_LargeDataset_Performance" methodname="Test_LargeDataset_Performance" classname="ProjectChimera.Testing.Data.UnicodeJsonTests" runstate="Runnable" seed="1025087681" result="Passed" start-time="2025-07-24 00:43:06Z" end-time="2025-07-24 00:43:06Z" duration="0.003378" asserts="0">
                <properties>
                  <property name="retryIteration" value="0" />
                  <property name="repeatIteration" value="0" />
                </properties>
                <output><![CDATA[Large dataset serialization time: 0ms, JSON size: 2 bytes
]]></output>
              </test-case>
              <test-case id="1091" name="Test_ObjectScanning_DetectsIssues" fullname="ProjectChimera.Testing.Data.UnicodeJsonTests.Test_ObjectScanning_DetectsIssues" methodname="Test_ObjectScanning_DetectsIssues" classname="ProjectChimera.Testing.Data.UnicodeJsonTests" runstate="Runnable" seed="832357338" result="Failed" start-time="2025-07-24 00:43:06Z" end-time="2025-07-24 00:43:06Z" duration="0.003273" asserts="0">
                <properties>
                  <property name="retryIteration" value="0" />
                  <property name="repeatIteration" value="0" />
                </properties>
                <failure>
                  <message><![CDATA[  Should detect at least 2 issues
  Expected: greater than or equal to 2
  But was:  1
]]></message>
                  <stack-trace><![CDATA[at ProjectChimera.Testing.Data.UnicodeJsonTests.Test_ObjectScanning_DetectsIssues () [0x00056] in /Users/devon/Documents/Cursor/Projects/Assets/ProjectChimera/Testing/Data/UnicodeJsonTests.cs:156
]]></stack-trace>
                </failure>
              </test-case>
              <test-case id="1092" name="Test_ObjectScanning_NoIssues" fullname="ProjectChimera.Testing.Data.UnicodeJsonTests.Test_ObjectScanning_NoIssues" methodname="Test_ObjectScanning_NoIssues" classname="ProjectChimera.Testing.Data.UnicodeJsonTests" runstate="Runnable" seed="1583320045" result="Failed" start-time="2025-07-24 00:43:06Z" end-time="2025-07-24 00:43:06Z" duration="0.000301" asserts="0">
                <properties>
                  <property name="retryIteration" value="0" />
                  <property name="repeatIteration" value="0" />
                </properties>
                <failure>
                  <message><![CDATA[  Should not detect issues in valid object
  Expected: False
  But was:  True
]]></message>
                  <stack-trace><![CDATA[at ProjectChimera.Testing.Data.UnicodeJsonTests.Test_ObjectScanning_NoIssues () [0x00042] in /Users/devon/Documents/Cursor/Projects/Assets/ProjectChimera/Testing/Data/UnicodeJsonTests.cs:174
]]></stack-trace>
                </failure>
              </test-case>
              <test-case id="1086" name="Test_UnicodeDetection_InvalidHighSurrogate" fullname="ProjectChimera.Testing.Data.UnicodeJsonTests.Test_UnicodeDetection_InvalidHighSurrogate" methodname="Test_UnicodeDetection_InvalidHighSurrogate" classname="ProjectChimera.Testing.Data.UnicodeJsonTests" runstate="Runnable" seed="991663910" result="Passed" start-time="2025-07-24 00:43:06Z" end-time="2025-07-24 00:43:06Z" duration="0.000377" asserts="0">
                <properties>
                  <property name="retryIteration" value="0" />
                  <property name="repeatIteration" value="0" />
                </properties>
              </test-case>
              <test-case id="1087" name="Test_UnicodeDetection_OrphanedLowSurrogate" fullname="ProjectChimera.Testing.Data.UnicodeJsonTests.Test_UnicodeDetection_OrphanedLowSurrogate" methodname="Test_UnicodeDetection_OrphanedLowSurrogate" classname="ProjectChimera.Testing.Data.UnicodeJsonTests" runstate="Runnable" seed="657187955" result="Passed" start-time="2025-07-24 00:43:06Z" end-time="2025-07-24 00:43:06Z" duration="0.000087" asserts="0">
                <properties>
                  <property name="retryIteration" value="0" />
                  <property name="repeatIteration" value="0" />
                </properties>
              </test-case>
              <test-case id="1085" name="Test_UnicodeDetection_ValidText" fullname="ProjectChimera.Testing.Data.UnicodeJsonTests.Test_UnicodeDetection_ValidText" methodname="Test_UnicodeDetection_ValidText" classname="ProjectChimera.Testing.Data.UnicodeJsonTests" runstate="Runnable" seed="1391108185" result="Failed" start-time="2025-07-24 00:43:06Z" end-time="2025-07-24 00:43:06Z" duration="0.000153" asserts="0">
                <properties>
                  <property name="retryIteration" value="0" />
                  <property name="repeatIteration" value="0" />
                </properties>
                <failure>
                  <message><![CDATA[  Valid Unicode text should not have issues
  Expected: False
  But was:  True
]]></message>
                  <stack-trace><![CDATA[at ProjectChimera.Testing.Data.UnicodeJsonTests.Test_UnicodeDetection_ValidText () [0x0000c] in /Users/devon/Documents/Cursor/Projects/Assets/ProjectChimera/Testing/Data/UnicodeJsonTests.cs:42
]]></stack-trace>
                </failure>
              </test-case>
            </test-suite>
          </test-suite>
          <test-suite type="TestSuite" id="1104" name="Economy" fullname="ProjectChimera.Testing.Economy" runstate="Runnable" testcasecount="18" result="Failed" site="Child" start-time="2025-07-24 00:43:06Z" end-time="2025-07-24 00:43:07Z" duration="0.648803" total="18" passed="17" failed="1" inconclusive="0" skipped="0" asserts="0">
            <properties />
            <failure>
              <message><![CDATA[One or more child tests had errors]]></message>
            </failure>
            <test-suite type="TestFixture" id="1062" name="PC011IntegrationTests" fullname="ProjectChimera.Testing.Economy.PC011IntegrationTests" classname="ProjectChimera.Testing.Economy.PC011IntegrationTests" runstate="Runnable" testcasecount="10" result="Failed" site="Child" start-time="2025-07-24 00:43:06Z" end-time="2025-07-24 00:43:07Z" duration="0.589036" total="10" passed="9" failed="1" inconclusive="0" skipped="0" asserts="0">
              <properties />
              <failure>
                <message><![CDATA[One or more child tests had errors]]></message>
              </failure>
              <test-case id="1063" name="Test_01_PlantToHarvestToSaleWorkflow" fullname="ProjectChimera.Testing.Economy.PC011IntegrationTests.Test_01_PlantToHarvestToSaleWorkflow" methodname="Test_01_PlantToHarvestToSaleWorkflow" classname="ProjectChimera.Testing.Economy.PC011IntegrationTests" runstate="Runnable" seed="1320754047" result="Passed" start-time="2025-07-24 00:43:06Z" end-time="2025-07-24 00:43:06Z" duration="0.040003" asserts="0">
                <properties>
                  <property name="retryIteration" value="0" />
                  <property name="repeatIteration" value="0" />
                </properties>
                <output><![CDATA[[AudioFocusHandler] Audio Focus Handler initialized with FMOD compatibility
[Chimera][GameManager] AudioFocusHandler created to prevent FMOD errors
[Chimera][GameManager] Settings Manager not assigned
[CultivationManager] Initializing cultivation systems...
[CultivationManager] Initialized. Max plants: 50, Auto-growth: True
TradingManager initialized successfully
MarketManager initialized successfully
TestStrainData must be instantiated using the ScriptableObject.CreateInstance method instead of new TestStrainData.
[Chimera] ScriptableObject of type TestStrainData has no name assigned.
[Chimera] PlantStrainSO '' has no base species assigned.
[Chimera] PlantStrainSO '' has no strain name assigned.
TestGenotypeData must be instantiated using the ScriptableObject.CreateInstance method instead of new TestGenotypeData.
[Chimera] ScriptableObject of type TestGenotypeData has no name assigned.
[Chimera] GenotypeDataSO '' has no species assigned.
[Chimera] GenotypeDataSO '' has no gene pairs defined.
[PC011IntegrationTests] Test setup completed
[PC011IntegrationTests] Starting Plant → Harvest → Sale workflow test
[Chimera] ScriptableObject of type PlantInstanceSO has no name assigned.
[CultivationManager] Planted 'Test Plant' (ID: plant_20250723_001) at position (0.00, 0.00, 0.00)
[CultivationManager] Processing daily growth for 1 plants...
Plant Test Plant: Calculated max height 0.0cm from genetics (Fitness: 1.00)
[CultivationManager] Plant 'plant_20250723_001' transitioned from Seed to Germination
[CultivationManager] Growth processed. Average health: 1.00, Dead plants removed: 0
[CultivationManager] Processing daily growth for 1 plants...
Plant Test Plant: Calculated max height 0.0cm from genetics (Fitness: 1.00)
[CultivationManager] Growth processed. Average health: 1.00, Dead plants removed: 0
[CultivationManager] Processing daily growth for 1 plants...
Plant Test Plant: Calculated max height 0.0cm from genetics (Fitness: 1.00)
[CultivationManager] Growth processed. Average health: 1.00, Dead plants removed: 0
[CultivationManager] Processing daily growth for 1 plants...
Plant Test Plant: Calculated max height 0.0cm from genetics (Fitness: 1.00)
[CultivationManager] Plant 'plant_20250723_001' transitioned from Germination to Seedling
[CultivationManager] Growth processed. Average health: 1.00, Dead plants removed: 0
[CultivationManager] Processing daily growth for 1 plants...
Plant Test Plant: Calculated max height 0.0cm from genetics (Fitness: 1.00)
[CultivationManager] Growth processed. Average health: 1.00, Dead plants removed: 0
[CultivationManager] Processing daily growth for 1 plants...
Plant Test Plant: Calculated max height 0.0cm from genetics (Fitness: 1.00)
[CultivationManager] Growth processed. Average health: 1.00, Dead plants removed: 0
[CultivationManager] Processing daily growth for 1 plants...
Plant Test Plant: Calculated max height 0.0cm from genetics (Fitness: 1.00)
[CultivationManager] Growth processed. Average health: 1.00, Dead plants removed: 0
[CultivationManager] Processing daily growth for 1 plants...
Plant Test Plant: Calculated max height 0.0cm from genetics (Fitness: 1.00)
[CultivationManager] Growth processed. Average health: 1.00, Dead plants removed: 0
[CultivationManager] Processing daily growth for 1 plants...
Plant Test Plant: Calculated max height 0.0cm from genetics (Fitness: 1.00)
[CultivationManager] Growth processed. Average health: 1.00, Dead plants removed: 0
[CultivationManager] Processing daily growth for 1 plants...
Plant Test Plant: Calculated max height 0.0cm from genetics (Fitness: 1.00)
[CultivationManager] Growth processed. Average health: 1.00, Dead plants removed: 0
[CultivationManager] Harvested plant 'plant_20250723_001': 0.0g at 0.0% potency
[PlayerInventory] Added 0.0g of Unknown Product (Quality: 0.0%, Batch: _plant_20250723_001_20250723_2043)
[CultivationManager] Successfully added 0.0g to inventory (Batch: _plant_20250723_001_20250723_2043, Quality: 0.0%)
[CultivationManager] Removed plant 'plant_20250723_001' (Harvest: True)
[PC011IntegrationTests] Plant → Harvest → Sale workflow test completed successfully
[CultivationManager] Shutting down cultivation systems...
[CultivationManager] Saving states for 0 plants...
]]></output>
              </test-case>
              <test-case id="1064" name="Test_02_QualityBasedPricingSystem" fullname="ProjectChimera.Testing.Economy.PC011IntegrationTests.Test_02_QualityBasedPricingSystem" methodname="Test_02_QualityBasedPricingSystem" classname="ProjectChimera.Testing.Economy.PC011IntegrationTests" runstate="Runnable" seed="159737570" result="Passed" start-time="2025-07-24 00:43:06Z" end-time="2025-07-24 00:43:06Z" duration="0.007357" asserts="0">
                <properties>
                  <property name="retryIteration" value="0" />
                  <property name="repeatIteration" value="0" />
                </properties>
                <output><![CDATA[[Chimera][GameManager] AudioFocusHandler already exists
[Chimera][GameManager] Settings Manager not assigned
[CultivationManager] Initializing cultivation systems...
[CultivationManager] Initialized. Max plants: 50, Auto-growth: True
TradingManager initialized successfully
MarketManager initialized successfully
TestStrainData must be instantiated using the ScriptableObject.CreateInstance method instead of new TestStrainData.
[Chimera] ScriptableObject of type TestStrainData has no name assigned.
[Chimera] PlantStrainSO '' has no base species assigned.
[Chimera] PlantStrainSO '' has no strain name assigned.
TestGenotypeData must be instantiated using the ScriptableObject.CreateInstance method instead of new TestGenotypeData.
[Chimera] ScriptableObject of type TestGenotypeData has no name assigned.
[Chimera] GenotypeDataSO '' has no species assigned.
[Chimera] GenotypeDataSO '' has no gene pairs defined.
[PC011IntegrationTests] Test setup completed
[PC011IntegrationTests] Testing quality-based pricing system
[Chimera] ScriptableObject of type MarketProductSO has no name assigned.
[PC011IntegrationTests] Quality pricing: High=60.00, Medium=50.00, Low=35.00
[CultivationManager] Shutting down cultivation systems...
[CultivationManager] Saving states for 0 plants...
]]></output>
              </test-case>
              <test-case id="1065" name="Test_03_ProductionBasedMarketSupply" fullname="ProjectChimera.Testing.Economy.PC011IntegrationTests.Test_03_ProductionBasedMarketSupply" methodname="Test_03_ProductionBasedMarketSupply" classname="ProjectChimera.Testing.Economy.PC011IntegrationTests" runstate="Runnable" seed="1064388826" result="Passed" start-time="2025-07-24 00:43:06Z" end-time="2025-07-24 00:43:06Z" duration="0.075480" asserts="0">
                <properties>
                  <property name="retryIteration" value="0" />
                  <property name="repeatIteration" value="0" />
                </properties>
                <output><![CDATA[[Chimera][GameManager] AudioFocusHandler already exists
[Chimera][GameManager] Settings Manager not assigned
[CultivationManager] Initializing cultivation systems...
[CultivationManager] Initialized. Max plants: 50, Auto-growth: True
TradingManager initialized successfully
MarketManager initialized successfully
TestStrainData must be instantiated using the ScriptableObject.CreateInstance method instead of new TestStrainData.
[Chimera] ScriptableObject of type TestStrainData has no name assigned.
[Chimera] PlantStrainSO '' has no base species assigned.
[Chimera] PlantStrainSO '' has no strain name assigned.
TestGenotypeData must be instantiated using the ScriptableObject.CreateInstance method instead of new TestGenotypeData.
[Chimera] ScriptableObject of type TestGenotypeData has no name assigned.
[Chimera] GenotypeDataSO '' has no species assigned.
[Chimera] GenotypeDataSO '' has no gene pairs defined.
[PC011IntegrationTests] Test setup completed
[PC011IntegrationTests] Testing production-based market supply system
[Chimera] ScriptableObject of type PlantInstanceSO has no name assigned.
[CultivationManager] Planted 'Supply Test Plant 0' (ID: plant_20250723_001) at position (0.00, 0.00, 0.00)
[CultivationManager] Processing daily growth for 1 plants...
Plant Supply Test Plant 0: Calculated max height 0.0cm from genetics (Fitness: 1.00)
[CultivationManager] Plant 'plant_20250723_001' transitioned from Seed to Germination
[CultivationManager] Growth processed. Average health: 1.00, Dead plants removed: 0
[CultivationManager] Processing daily growth for 1 plants...
Plant Supply Test Plant 0: Calculated max height 0.0cm from genetics (Fitness: 1.00)
[CultivationManager] Growth processed. Average health: 1.00, Dead plants removed: 0
[CultivationManager] Processing daily growth for 1 plants...
Plant Supply Test Plant 0: Calculated max height 0.0cm from genetics (Fitness: 1.00)
[CultivationManager] Growth processed. Average health: 1.00, Dead plants removed: 0
[CultivationManager] Processing daily growth for 1 plants...
Plant Supply Test Plant 0: Calculated max height 0.0cm from genetics (Fitness: 1.00)
[CultivationManager] Plant 'plant_20250723_001' transitioned from Germination to Seedling
[CultivationManager] Growth processed. Average health: 1.00, Dead plants removed: 0
[CultivationManager] Processing daily growth for 1 plants...
Plant Supply Test Plant 0: Calculated max height 0.0cm from genetics (Fitness: 1.00)
[CultivationManager] Growth processed. Average health: 1.00, Dead plants removed: 0
[CultivationManager] Processing daily growth for 1 plants...
Plant Supply Test Plant 0: Calculated max height 0.0cm from genetics (Fitness: 1.00)
[CultivationManager] Growth processed. Average health: 1.00, Dead plants removed: 0
[CultivationManager] Processing daily growth for 1 plants...
Plant Supply Test Plant 0: Calculated max height 0.0cm from genetics (Fitness: 1.00)
[CultivationManager] Growth processed. Average health: 1.00, Dead plants removed: 0
[CultivationManager] Processing daily growth for 1 plants...
Plant Supply Test Plant 0: Calculated max height 0.0cm from genetics (Fitness: 1.00)
[CultivationManager] Growth processed. Average health: 1.00, Dead plants removed: 0
[CultivationManager] Processing daily growth for 1 plants...
Plant Supply Test Plant 0: Calculated max height 0.0cm from genetics (Fitness: 1.00)
[CultivationManager] Growth processed. Average health: 1.00, Dead plants removed: 0
[CultivationManager] Processing daily growth for 1 plants...
Plant Supply Test Plant 0: Calculated max height 0.0cm from genetics (Fitness: 1.00)
[CultivationManager] Growth processed. Average health: 1.00, Dead plants removed: 0
[CultivationManager] Harvested plant 'plant_20250723_001': 0.0g at 0.0% potency
[PlayerInventory] Added 0.0g of Unknown Product (Quality: 0.0%, Batch: _plant_20250723_001_20250723_2043)
[CultivationManager] Successfully added 0.0g to inventory (Batch: _plant_20250723_001_20250723_2043, Quality: 0.0%)
[CultivationManager] Removed plant 'plant_20250723_001' (Harvest: True)
[Chimera] ScriptableObject of type PlantInstanceSO has no name assigned.
[CultivationManager] Planted 'Supply Test Plant 1' (ID: plant_20250723_001) at position (1.00, 0.00, 0.00)
[CultivationManager] Processing daily growth for 1 plants...
Plant Supply Test Plant 1: Calculated max height 0.0cm from genetics (Fitness: 1.00)
[CultivationManager] Plant 'plant_20250723_001' transitioned from Seed to Germination
[CultivationManager] Growth processed. Average health: 1.00, Dead plants removed: 0
[CultivationManager] Processing daily growth for 1 plants...
Plant Supply Test Plant 1: Calculated max height 0.0cm from genetics (Fitness: 1.00)
[CultivationManager] Growth processed. Average health: 1.00, Dead plants removed: 0
[CultivationManager] Processing daily growth for 1 plants...
Plant Supply Test Plant 1: Calculated max height 0.0cm from genetics (Fitness: 1.00)
[CultivationManager] Growth processed. Average health: 1.00, Dead plants removed: 0
[CultivationManager] Processing daily growth for 1 plants...
Plant Supply Test Plant 1: Calculated max height 0.0cm from genetics (Fitness: 1.00)
[CultivationManager] Plant 'plant_20250723_001' transitioned from Germination to Seedling
[CultivationManager] Growth processed. Average health: 1.00, Dead plants removed: 0
[CultivationManager] Processing daily growth for 1 plants...
Plant Supply Test Plant 1: Calculated max height 0.0cm from genetics (Fitness: 1.00)
[CultivationManager] Growth processed. Average health: 1.00, Dead plants removed: 0
[CultivationManager] Processing daily growth for 1 plants...
Plant Supply Test Plant 1: Calculated max height 0.0cm from genetics (Fitness: 1.00)
[CultivationManager] Growth processed. Average health: 1.00, Dead plants removed: 0
[CultivationManager] Processing daily growth for 1 plants...
Plant Supply Test Plant 1: Calculated max height 0.0cm from genetics (Fitness: 1.00)
[CultivationManager] Growth processed. Average health: 1.00, Dead plants removed: 0
[CultivationManager] Processing daily growth for 1 plants...
Plant Supply Test Plant 1: Calculated max height 0.0cm from genetics (Fitness: 1.00)
[CultivationManager] Growth processed. Average health: 1.00, Dead plants removed: 0
[CultivationManager] Processing daily growth for 1 plants...
Plant Supply Test Plant 1: Calculated max height 0.0cm from genetics (Fitness: 1.00)
[CultivationManager] Growth processed. Average health: 1.00, Dead plants removed: 0
[CultivationManager] Processing daily growth for 1 plants...
Plant Supply Test Plant 1: Calculated max height 0.0cm from genetics (Fitness: 1.00)
[CultivationManager] Growth processed. Average health: 1.00, Dead plants removed: 0
[CultivationManager] Harvested plant 'plant_20250723_001': 0.0g at 0.0% potency
[PlayerInventory] Added 0.0g of Unknown Product (Quality: 0.0%, Batch: _plant_20250723_001_20250723_2043)
[CultivationManager] Successfully added 0.0g to inventory (Batch: _plant_20250723_001_20250723_2043, Quality: 0.0%)
[CultivationManager] Removed plant 'plant_20250723_001' (Harvest: True)
[Chimera] ScriptableObject of type PlantInstanceSO has no name assigned.
[CultivationManager] Planted 'Supply Test Plant 2' (ID: plant_20250723_001) at position (2.00, 0.00, 0.00)
[CultivationManager] Processing daily growth for 1 plants...
Plant Supply Test Plant 2: Calculated max height 0.0cm from genetics (Fitness: 1.00)
[CultivationManager] Plant 'plant_20250723_001' transitioned from Seed to Germination
[CultivationManager] Growth processed. Average health: 1.00, Dead plants removed: 0
[CultivationManager] Processing daily growth for 1 plants...
Plant Supply Test Plant 2: Calculated max height 0.0cm from genetics (Fitness: 1.00)
[CultivationManager] Growth processed. Average health: 1.00, Dead plants removed: 0
[CultivationManager] Processing daily growth for 1 plants...
Plant Supply Test Plant 2: Calculated max height 0.0cm from genetics (Fitness: 1.00)
[CultivationManager] Growth processed. Average health: 1.00, Dead plants removed: 0
[CultivationManager] Processing daily growth for 1 plants...
Plant Supply Test Plant 2: Calculated max height 0.0cm from genetics (Fitness: 1.00)
[CultivationManager] Plant 'plant_20250723_001' transitioned from Germination to Seedling
[CultivationManager] Growth processed. Average health: 1.00, Dead plants removed: 0
[CultivationManager] Processing daily growth for 1 plants...
Plant Supply Test Plant 2: Calculated max height 0.0cm from genetics (Fitness: 1.00)
[CultivationManager] Growth processed. Average health: 1.00, Dead plants removed: 0
[CultivationManager] Processing daily growth for 1 plants...
Plant Supply Test Plant 2: Calculated max height 0.0cm from genetics (Fitness: 1.00)
[CultivationManager] Growth processed. Average health: 1.00, Dead plants removed: 0
[CultivationManager] Processing daily growth for 1 plants...
Plant Supply Test Plant 2: Calculated max height 0.0cm from genetics (Fitness: 1.00)
[CultivationManager] Growth processed. Average health: 1.00, Dead plants removed: 0
[CultivationManager] Processing daily growth for 1 plants...
Plant Supply Test Plant 2: Calculated max height 0.0cm from genetics (Fitness: 1.00)
[CultivationManager] Growth processed. Average health: 1.00, Dead plants removed: 0
[CultivationManager] Processing daily growth for 1 plants...
Plant Supply Test Plant 2: Calculated max height 0.0cm from genetics (Fitness: 1.00)
[CultivationManager] Growth processed. Average health: 1.00, Dead plants removed: 0
[CultivationManager] Processing daily growth for 1 plants...
Plant Supply Test Plant 2: Calculated max height 0.0cm from genetics (Fitness: 1.00)
[CultivationManager] Growth processed. Average health: 1.00, Dead plants removed: 0
[CultivationManager] Harvested plant 'plant_20250723_001': 0.0g at 0.0% potency
[PlayerInventory] Added 0.0g of Unknown Product (Quality: 0.0%, Batch: _plant_20250723_001_20250723_2043)
[CultivationManager] Successfully added 0.0g to inventory (Batch: _plant_20250723_001_20250723_2043, Quality: 0.0%)
[CultivationManager] Removed plant 'plant_20250723_001' (Harvest: True)
[Chimera] ScriptableObject of type PlantInstanceSO has no name assigned.
[CultivationManager] Planted 'Supply Test Plant 3' (ID: plant_20250723_001) at position (3.00, 0.00, 0.00)
[CultivationManager] Processing daily growth for 1 plants...
Plant Supply Test Plant 3: Calculated max height 0.0cm from genetics (Fitness: 1.00)
[CultivationManager] Plant 'plant_20250723_001' transitioned from Seed to Germination
[CultivationManager] Growth processed. Average health: 1.00, Dead plants removed: 0
[CultivationManager] Processing daily growth for 1 plants...
Plant Supply Test Plant 3: Calculated max height 0.0cm from genetics (Fitness: 1.00)
[CultivationManager] Growth processed. Average health: 1.00, Dead plants removed: 0
[CultivationManager] Processing daily growth for 1 plants...
Plant Supply Test Plant 3: Calculated max height 0.0cm from genetics (Fitness: 1.00)
[CultivationManager] Growth processed. Average health: 1.00, Dead plants removed: 0
[CultivationManager] Processing daily growth for 1 plants...
Plant Supply Test Plant 3: Calculated max height 0.0cm from genetics (Fitness: 1.00)
[CultivationManager] Plant 'plant_20250723_001' transitioned from Germination to Seedling
[CultivationManager] Growth processed. Average health: 1.00, Dead plants removed: 0
[CultivationManager] Processing daily growth for 1 plants...
Plant Supply Test Plant 3: Calculated max height 0.0cm from genetics (Fitness: 1.00)
[CultivationManager] Growth processed. Average health: 1.00, Dead plants removed: 0
[CultivationManager] Processing daily growth for 1 plants...
Plant Supply Test Plant 3: Calculated max height 0.0cm from genetics (Fitness: 1.00)
[CultivationManager] Growth processed. Average health: 1.00, Dead plants removed: 0
[CultivationManager] Processing daily growth for 1 plants...
Plant Supply Test Plant 3: Calculated max height 0.0cm from genetics (Fitness: 1.00)
[CultivationManager] Growth processed. Average health: 1.00, Dead plants removed: 0
[CultivationManager] Processing daily growth for 1 plants...
Plant Supply Test Plant 3: Calculated max height 0.0cm from genetics (Fitness: 1.00)
[CultivationManager] Growth processed. Average health: 1.00, Dead plants removed: 0
[CultivationManager] Processing daily growth for 1 plants...
Plant Supply Test Plant 3: Calculated max height 0.0cm from genetics (Fitness: 1.00)
[CultivationManager] Growth processed. Average health: 1.00, Dead plants removed: 0
[CultivationManager] Processing daily growth for 1 plants...
Plant Supply Test Plant 3: Calculated max height 0.0cm from genetics (Fitness: 1.00)
[CultivationManager] Growth processed. Average health: 1.00, Dead plants removed: 0
[CultivationManager] Harvested plant 'plant_20250723_001': 0.0g at 0.0% potency
[PlayerInventory] Added 0.0g of Unknown Product (Quality: 0.0%, Batch: _plant_20250723_001_20250723_2043)
[CultivationManager] Successfully added 0.0g to inventory (Batch: _plant_20250723_001_20250723_2043, Quality: 0.0%)
[CultivationManager] Removed plant 'plant_20250723_001' (Harvest: True)
[Chimera] ScriptableObject of type PlantInstanceSO has no name assigned.
[CultivationManager] Planted 'Supply Test Plant 4' (ID: plant_20250723_001) at position (4.00, 0.00, 0.00)
[CultivationManager] Processing daily growth for 1 plants...
Plant Supply Test Plant 4: Calculated max height 0.0cm from genetics (Fitness: 1.00)
[CultivationManager] Plant 'plant_20250723_001' transitioned from Seed to Germination
[CultivationManager] Growth processed. Average health: 1.00, Dead plants removed: 0
[CultivationManager] Processing daily growth for 1 plants...
Plant Supply Test Plant 4: Calculated max height 0.0cm from genetics (Fitness: 1.00)
[CultivationManager] Growth processed. Average health: 1.00, Dead plants removed: 0
[CultivationManager] Processing daily growth for 1 plants...
Plant Supply Test Plant 4: Calculated max height 0.0cm from genetics (Fitness: 1.00)
[CultivationManager] Growth processed. Average health: 1.00, Dead plants removed: 0
[CultivationManager] Processing daily growth for 1 plants...
Plant Supply Test Plant 4: Calculated max height 0.0cm from genetics (Fitness: 1.00)
[CultivationManager] Plant 'plant_20250723_001' transitioned from Germination to Seedling
[CultivationManager] Growth processed. Average health: 1.00, Dead plants removed: 0
[CultivationManager] Processing daily growth for 1 plants...
Plant Supply Test Plant 4: Calculated max height 0.0cm from genetics (Fitness: 1.00)
[CultivationManager] Growth processed. Average health: 1.00, Dead plants removed: 0
[CultivationManager] Processing daily growth for 1 plants...
Plant Supply Test Plant 4: Calculated max height 0.0cm from genetics (Fitness: 1.00)
[CultivationManager] Growth processed. Average health: 1.00, Dead plants removed: 0
[CultivationManager] Processing daily growth for 1 plants...
Plant Supply Test Plant 4: Calculated max height 0.0cm from genetics (Fitness: 1.00)
[CultivationManager] Growth processed. Average health: 1.00, Dead plants removed: 0
[CultivationManager] Processing daily growth for 1 plants...
Plant Supply Test Plant 4: Calculated max height 0.0cm from genetics (Fitness: 1.00)
[CultivationManager] Growth processed. Average health: 1.00, Dead plants removed: 0
[CultivationManager] Processing daily growth for 1 plants...
Plant Supply Test Plant 4: Calculated max height 0.0cm from genetics (Fitness: 1.00)
[CultivationManager] Growth processed. Average health: 1.00, Dead plants removed: 0
[CultivationManager] Processing daily growth for 1 plants...
Plant Supply Test Plant 4: Calculated max height 0.0cm from genetics (Fitness: 1.00)
[CultivationManager] Growth processed. Average health: 1.00, Dead plants removed: 0
[CultivationManager] Harvested plant 'plant_20250723_001': 0.0g at 0.0% potency
[PlayerInventory] Added 0.0g of Unknown Product (Quality: 0.0%, Batch: _plant_20250723_001_20250723_2043)
[CultivationManager] Successfully added 0.0g to inventory (Batch: _plant_20250723_001_20250723_2043, Quality: 0.0%)
[CultivationManager] Removed plant 'plant_20250723_001' (Harvest: True)
[PC011IntegrationTests] Supply change: 100.00 → 120.00
[CultivationManager] Shutting down cultivation systems...
[CultivationManager] Saving states for 0 plants...
]]></output>
              </test-case>
              <test-case id="1066" name="Test_04_QualityDegradationSystem" fullname="ProjectChimera.Testing.Economy.PC011IntegrationTests.Test_04_QualityDegradationSystem" methodname="Test_04_QualityDegradationSystem" classname="ProjectChimera.Testing.Economy.PC011IntegrationTests" runstate="Runnable" seed="1804861843" result="Failed" start-time="2025-07-24 00:43:06Z" end-time="2025-07-24 00:43:06Z" duration="0.008076" asserts="0">
                <properties>
                  <property name="retryIteration" value="0" />
                  <property name="repeatIteration" value="0" />
                </properties>
                <failure>
                  <message><![CDATA[  Quality should degrade over time with poor storage
  Expected: less than 0.899999976f
  But was:  0.899999976f
]]></message>
                  <stack-trace><![CDATA[at ProjectChimera.Testing.Economy.PC011IntegrationTests.Test_04_QualityDegradationSystem () [0x00083] in /Users/devon/Documents/Cursor/Projects/Assets/ProjectChimera/Testing/Economy/PC011IntegrationTests.cs:239
]]></stack-trace>
                </failure>
                <output><![CDATA[[Chimera][GameManager] AudioFocusHandler already exists
[Chimera][GameManager] Settings Manager not assigned
[CultivationManager] Initializing cultivation systems...
[CultivationManager] Initialized. Max plants: 50, Auto-growth: True
TradingManager initialized successfully
MarketManager initialized successfully
TestStrainData must be instantiated using the ScriptableObject.CreateInstance method instead of new TestStrainData.
[Chimera] ScriptableObject of type TestStrainData has no name assigned.
[Chimera] PlantStrainSO '' has no base species assigned.
[Chimera] PlantStrainSO '' has no strain name assigned.
TestGenotypeData must be instantiated using the ScriptableObject.CreateInstance method instead of new TestGenotypeData.
[Chimera] ScriptableObject of type TestGenotypeData has no name assigned.
[Chimera] GenotypeDataSO '' has no species assigned.
[Chimera] GenotypeDataSO '' has no gene pairs defined.
[PC011IntegrationTests] Test setup completed
[PC011IntegrationTests] Testing quality degradation system
[Chimera] ScriptableObject of type MarketProductSO has no name assigned.
[CultivationManager] Shutting down cultivation systems...
[CultivationManager] Saving states for 0 plants...
]]></output>
              </test-case>
              <test-case id="1067" name="Test_05_BatchTrackingSystem" fullname="ProjectChimera.Testing.Economy.PC011IntegrationTests.Test_05_BatchTrackingSystem" methodname="Test_05_BatchTrackingSystem" classname="ProjectChimera.Testing.Economy.PC011IntegrationTests" runstate="Runnable" seed="1267544490" result="Passed" start-time="2025-07-24 00:43:06Z" end-time="2025-07-24 00:43:06Z" duration="0.008237" asserts="0">
                <properties>
                  <property name="retryIteration" value="0" />
                  <property name="repeatIteration" value="0" />
                </properties>
                <output><![CDATA[[Chimera][GameManager] AudioFocusHandler already exists
[Chimera][GameManager] Settings Manager not assigned
[CultivationManager] Initializing cultivation systems...
[CultivationManager] Initialized. Max plants: 50, Auto-growth: True
TradingManager initialized successfully
MarketManager initialized successfully
TestStrainData must be instantiated using the ScriptableObject.CreateInstance method instead of new TestStrainData.
[Chimera] ScriptableObject of type TestStrainData has no name assigned.
[Chimera] PlantStrainSO '' has no base species assigned.
[Chimera] PlantStrainSO '' has no strain name assigned.
TestGenotypeData must be instantiated using the ScriptableObject.CreateInstance method instead of new TestGenotypeData.
[Chimera] ScriptableObject of type TestGenotypeData has no name assigned.
[Chimera] GenotypeDataSO '' has no species assigned.
[Chimera] GenotypeDataSO '' has no gene pairs defined.
[PC011IntegrationTests] Test setup completed
[PC011IntegrationTests] Testing batch tracking system
[Chimera] ScriptableObject of type MarketProductSO has no name assigned.
[PC011IntegrationTests] Batch tracking verified for batch: BATCH_20250723_3861
[CultivationManager] Shutting down cultivation systems...
[CultivationManager] Saving states for 0 plants...
]]></output>
              </test-case>
              <test-case id="1068" name="Test_06_ContractSystemIntegration" fullname="ProjectChimera.Testing.Economy.PC011IntegrationTests.Test_06_ContractSystemIntegration" methodname="Test_06_ContractSystemIntegration" classname="ProjectChimera.Testing.Economy.PC011IntegrationTests" runstate="Runnable" seed="800777914" result="Passed" start-time="2025-07-24 00:43:06Z" end-time="2025-07-24 00:43:06Z" duration="0.007321" asserts="0">
                <properties>
                  <property name="retryIteration" value="0" />
                  <property name="repeatIteration" value="0" />
                </properties>
                <output><![CDATA[[Chimera][GameManager] AudioFocusHandler already exists
[Chimera][GameManager] Settings Manager not assigned
[CultivationManager] Initializing cultivation systems...
[CultivationManager] Initialized. Max plants: 50, Auto-growth: True
TradingManager initialized successfully
MarketManager initialized successfully
TestStrainData must be instantiated using the ScriptableObject.CreateInstance method instead of new TestStrainData.
[Chimera] ScriptableObject of type TestStrainData has no name assigned.
[Chimera] PlantStrainSO '' has no base species assigned.
[Chimera] PlantStrainSO '' has no strain name assigned.
TestGenotypeData must be instantiated using the ScriptableObject.CreateInstance method instead of new TestGenotypeData.
[Chimera] ScriptableObject of type TestGenotypeData has no name assigned.
[Chimera] GenotypeDataSO '' has no species assigned.
[Chimera] GenotypeDataSO '' has no gene pairs defined.
[PC011IntegrationTests] Test setup completed
[PC011IntegrationTests] Testing contract system integration
[Chimera] ScriptableObject of type MarketProductSO has no name assigned.
[PC011IntegrationTests] Contract system integration test completed
[CultivationManager] Shutting down cultivation systems...
[CultivationManager] Saving states for 0 plants...
]]></output>
              </test-case>
              <test-case id="1069" name="Test_07_ReputationSystemIntegration" fullname="ProjectChimera.Testing.Economy.PC011IntegrationTests.Test_07_ReputationSystemIntegration" methodname="Test_07_ReputationSystemIntegration" classname="ProjectChimera.Testing.Economy.PC011IntegrationTests" runstate="Runnable" seed="2003997155" result="Passed" start-time="2025-07-24 00:43:06Z" end-time="2025-07-24 00:43:06Z" duration="0.007605" asserts="0">
                <properties>
                  <property name="retryIteration" value="0" />
                  <property name="repeatIteration" value="0" />
                </properties>
                <output><![CDATA[[Chimera][GameManager] AudioFocusHandler already exists
[Chimera][GameManager] Settings Manager not assigned
[CultivationManager] Initializing cultivation systems...
[CultivationManager] Initialized. Max plants: 50, Auto-growth: True
TradingManager initialized successfully
MarketManager initialized successfully
TestStrainData must be instantiated using the ScriptableObject.CreateInstance method instead of new TestStrainData.
[Chimera] ScriptableObject of type TestStrainData has no name assigned.
[Chimera] PlantStrainSO '' has no base species assigned.
[Chimera] PlantStrainSO '' has no strain name assigned.
TestGenotypeData must be instantiated using the ScriptableObject.CreateInstance method instead of new TestGenotypeData.
[Chimera] ScriptableObject of type TestGenotypeData has no name assigned.
[Chimera] GenotypeDataSO '' has no species assigned.
[Chimera] GenotypeDataSO '' has no gene pairs defined.
[PC011IntegrationTests] Test setup completed
[PC011IntegrationTests] Testing reputation system integration
[PC011IntegrationTests] Reputation change: 100.00 → 115.00
[CultivationManager] Shutting down cultivation systems...
[CultivationManager] Saving states for 0 plants...
]]></output>
              </test-case>
              <test-case id="1070" name="Test_08_StorageMechanicsAndAutomation" fullname="ProjectChimera.Testing.Economy.PC011IntegrationTests.Test_08_StorageMechanicsAndAutomation" methodname="Test_08_StorageMechanicsAndAutomation" classname="ProjectChimera.Testing.Economy.PC011IntegrationTests" runstate="Runnable" seed="1333225926" result="Passed" start-time="2025-07-24 00:43:06Z" end-time="2025-07-24 00:43:06Z" duration="0.007476" asserts="0">
                <properties>
                  <property name="retryIteration" value="0" />
                  <property name="repeatIteration" value="0" />
                </properties>
                <output><![CDATA[[Chimera][GameManager] AudioFocusHandler already exists
[Chimera][GameManager] Settings Manager not assigned
[CultivationManager] Initializing cultivation systems...
[CultivationManager] Initialized. Max plants: 50, Auto-growth: True
TradingManager initialized successfully
MarketManager initialized successfully
TestStrainData must be instantiated using the ScriptableObject.CreateInstance method instead of new TestStrainData.
[Chimera] ScriptableObject of type TestStrainData has no name assigned.
[Chimera] PlantStrainSO '' has no base species assigned.
[Chimera] PlantStrainSO '' has no strain name assigned.
TestGenotypeData must be instantiated using the ScriptableObject.CreateInstance method instead of new TestGenotypeData.
[Chimera] ScriptableObject of type TestGenotypeData has no name assigned.
[Chimera] GenotypeDataSO '' has no species assigned.
[Chimera] GenotypeDataSO '' has no gene pairs defined.
[PC011IntegrationTests] Test setup completed
[PC011IntegrationTests] Testing storage mechanics and automation
[Chimera] ScriptableObject of type MarketProductSO has no name assigned.
[PC011IntegrationTests] Storage and automation test completed. Alerts: 0
[CultivationManager] Shutting down cultivation systems...
[CultivationManager] Saving states for 0 plants...
]]></output>
              </test-case>
              <test-case id="1071" name="Test_09_PerformanceWithLargeDataset" fullname="ProjectChimera.Testing.Economy.PC011IntegrationTests.Test_09_PerformanceWithLargeDataset" methodname="Test_09_PerformanceWithLargeDataset" classname="ProjectChimera.Testing.Economy.PC011IntegrationTests" runstate="Runnable" seed="1967297563" result="Passed" start-time="2025-07-24 00:43:06Z" end-time="2025-07-24 00:43:06Z" duration="0.008403" asserts="0">
                <properties>
                  <property name="retryIteration" value="0" />
                  <property name="repeatIteration" value="0" />
                </properties>
                <output><![CDATA[[Chimera][GameManager] AudioFocusHandler already exists
[Chimera][GameManager] Settings Manager not assigned
[CultivationManager] Initializing cultivation systems...
[CultivationManager] Initialized. Max plants: 50, Auto-growth: True
TradingManager initialized successfully
MarketManager initialized successfully
TestStrainData must be instantiated using the ScriptableObject.CreateInstance method instead of new TestStrainData.
[Chimera] ScriptableObject of type TestStrainData has no name assigned.
[Chimera] PlantStrainSO '' has no base species assigned.
[Chimera] PlantStrainSO '' has no strain name assigned.
TestGenotypeData must be instantiated using the ScriptableObject.CreateInstance method instead of new TestGenotypeData.
[Chimera] ScriptableObject of type TestGenotypeData has no name assigned.
[Chimera] GenotypeDataSO '' has no species assigned.
[Chimera] GenotypeDataSO '' has no gene pairs defined.
[PC011IntegrationTests] Test setup completed
[PC011IntegrationTests] Testing performance with large dataset
[Chimera] ScriptableObject of type MarketProductSO has no name assigned.
[PC011IntegrationTests] Performance test completed. Add: 0ms, Search: 0ms, Stats: 0ms
[CultivationManager] Shutting down cultivation systems...
[CultivationManager] Saving states for 0 plants...
]]></output>
              </test-case>
              <test-case id="1072" name="Test_10_StressTestScenarios" fullname="ProjectChimera.Testing.Economy.PC011IntegrationTests.Test_10_StressTestScenarios" methodname="Test_10_StressTestScenarios" classname="ProjectChimera.Testing.Economy.PC011IntegrationTests" runstate="Runnable" seed="1383590029" result="Passed" start-time="2025-07-24 00:43:06Z" end-time="2025-07-24 00:43:07Z" duration="0.407935" asserts="0">
                <properties>
                  <property name="retryIteration" value="0" />
                  <property name="repeatIteration" value="0" />
                </properties>
                <output><![CDATA[[Chimera][GameManager] AudioFocusHandler already exists
[Chimera][GameManager] Settings Manager not assigned
[CultivationManager] Initializing cultivation systems...
[CultivationManager] Initialized. Max plants: 50, Auto-growth: True
TradingManager initialized successfully
MarketManager initialized successfully
TestStrainData must be instantiated using the ScriptableObject.CreateInstance method instead of new TestStrainData.
[Chimera] ScriptableObject of type TestStrainData has no name assigned.
[Chimera] PlantStrainSO '' has no base species assigned.
[Chimera] PlantStrainSO '' has no strain name assigned.
TestGenotypeData must be instantiated using the ScriptableObject.CreateInstance method instead of new TestGenotypeData.
[Chimera] ScriptableObject of type TestGenotypeData has no name assigned.
[Chimera] GenotypeDataSO '' has no species assigned.
[Chimera] GenotypeDataSO '' has no gene pairs defined.
[PC011IntegrationTests] Test setup completed
[PC011IntegrationTests] Running stress test scenarios
[Chimera] ScriptableObject of type PlantInstanceSO has no name assigned.
[CultivationManager] Planted 'Stress Plant 0' (ID: plant_20250723_001) at position (0.00, 0.00, 0.00)
[CultivationManager] Processing daily growth for 1 plants...
Plant Stress Plant 0: Calculated max height 0.0cm from genetics (Fitness: 1.00)
[CultivationManager] Plant 'plant_20250723_001' transitioned from Seed to Germination
[CultivationManager] Growth processed. Average health: 1.00, Dead plants removed: 0
[CultivationManager] Processing daily growth for 1 plants...
Plant Stress Plant 0: Calculated max height 0.0cm from genetics (Fitness: 1.00)
[CultivationManager] Growth processed. Average health: 1.00, Dead plants removed: 0
[CultivationManager] Processing daily growth for 1 plants...
Plant Stress Plant 0: Calculated max height 0.0cm from genetics (Fitness: 1.00)
[CultivationManager] Growth processed. Average health: 1.00, Dead plants removed: 0
[CultivationManager] Processing daily growth for 1 plants...
Plant Stress Plant 0: Calculated max height 0.0cm from genetics (Fitness: 1.00)
[CultivationManager] Plant 'plant_20250723_001' transitioned from Germination to Seedling
[CultivationManager] Growth processed. Average health: 1.00, Dead plants removed: 0
[CultivationManager] Processing daily growth for 1 plants...
Plant Stress Plant 0: Calculated max height 0.0cm from genetics (Fitness: 1.00)
[CultivationManager] Growth processed. Average health: 1.00, Dead plants removed: 0
[CultivationManager] Processing daily growth for 1 plants...
Plant Stress Plant 0: Calculated max height 0.0cm from genetics (Fitness: 1.00)
[CultivationManager] Growth processed. Average health: 1.00, Dead plants removed: 0
[CultivationManager] Processing daily growth for 1 plants...
Plant Stress Plant 0: Calculated max height 0.0cm from genetics (Fitness: 1.00)
[CultivationManager] Growth processed. Average health: 1.00, Dead plants removed: 0
[CultivationManager] Processing daily growth for 1 plants...
Plant Stress Plant 0: Calculated max height 0.0cm from genetics (Fitness: 1.00)
[CultivationManager] Growth processed. Average health: 1.00, Dead plants removed: 0
[CultivationManager] Processing daily growth for 1 plants...
Plant Stress Plant 0: Calculated max height 0.0cm from genetics (Fitness: 1.00)
[CultivationManager] Growth processed. Average health: 1.00, Dead plants removed: 0
[CultivationManager] Processing daily growth for 1 plants...
Plant Stress Plant 0: Calculated max height 0.0cm from genetics (Fitness: 1.00)
[CultivationManager] Growth processed. Average health: 1.00, Dead plants removed: 0
[CultivationManager] Processing daily growth for 1 plants...
Plant Stress Plant 0: Calculated max height 0.0cm from genetics (Fitness: 1.00)
[CultivationManager] Growth processed. Average health: 1.00, Dead plants removed: 0
[CultivationManager] Processing daily growth for 1 plants...
Plant Stress Plant 0: Calculated max height 0.0cm from genetics (Fitness: 1.00)
[CultivationManager] Growth processed. Average health: 1.00, Dead plants removed: 0
[CultivationManager] Processing daily growth for 1 plants...
Plant Stress Plant 0: Calculated max height 0.0cm from genetics (Fitness: 1.00)
[CultivationManager] Growth processed. Average health: 1.00, Dead plants removed: 0
[CultivationManager] Processing daily growth for 1 plants...
Plant Stress Plant 0: Calculated max height 0.0cm from genetics (Fitness: 1.00)
[CultivationManager] Growth processed. Average health: 1.00, Dead plants removed: 0
[CultivationManager] Processing daily growth for 1 plants...
Plant Stress Plant 0: Calculated max height 0.0cm from genetics (Fitness: 1.00)
[CultivationManager] Growth processed. Average health: 1.00, Dead plants removed: 0
[CultivationManager] Harvested plant 'plant_20250723_001': 0.0g at 0.0% potency
[PlayerInventory] Added 0.0g of Unknown Product (Quality: 0.0%, Batch: _plant_20250723_001_20250723_2043)
[CultivationManager] Successfully added 0.0g to inventory (Batch: _plant_20250723_001_20250723_2043, Quality: 0.0%)
[CultivationManager] Removed plant 'plant_20250723_001' (Harvest: True)
[Chimera] ScriptableObject of type PlantInstanceSO has no name assigned.
[CultivationManager] Planted 'Stress Plant 1' (ID: plant_20250723_001) at position (1.00, 0.00, 0.00)
[CultivationManager] Processing daily growth for 1 plants...
Plant Stress Plant 1: Calculated max height 0.0cm from genetics (Fitness: 1.00)
[CultivationManager] Plant 'plant_20250723_001' transitioned from Seed to Germination
[CultivationManager] Growth processed. Average health: 1.00, Dead plants removed: 0
[CultivationManager] Processing daily growth for 1 plants...
Plant Stress Plant 1: Calculated max height 0.0cm from genetics (Fitness: 1.00)
[CultivationManager] Growth processed. Average health: 1.00, Dead plants removed: 0
[CultivationManager] Processing daily growth for 1 plants...
Plant Stress Plant 1: Calculated max height 0.0cm from genetics (Fitness: 1.00)
[CultivationManager] Growth processed. Average health: 1.00, Dead plants removed: 0
[CultivationManager] Processing daily growth for 1 plants...
Plant Stress Plant 1: Calculated max height 0.0cm from genetics (Fitness: 1.00)
[CultivationManager] Plant 'plant_20250723_001' transitioned from Germination to Seedling
[CultivationManager] Growth processed. Average health: 1.00, Dead plants removed: 0
[CultivationManager] Processing daily growth for 1 plants...
Plant Stress Plant 1: Calculated max height 0.0cm from genetics (Fitness: 1.00)
[CultivationManager] Growth processed. Average health: 1.00, Dead plants removed: 0
[CultivationManager] Processing daily growth for 1 plants...
Plant Stress Plant 1: Calculated max height 0.0cm from genetics (Fitness: 1.00)
[CultivationManager] Growth processed. Average health: 1.00, Dead plants removed: 0
[CultivationManager] Processing daily growth for 1 plants...
Plant Stress Plant 1: Calculated max height 0.0cm from genetics (Fitness: 1.00)
[CultivationManager] Growth processed. Average health: 1.00, Dead plants removed: 0
[CultivationManager] Processing daily growth for 1 plants...
Plant Stress Plant 1: Calculated max height 0.0cm from genetics (Fitness: 1.00)
[CultivationManager] Growth processed. Average health: 1.00, Dead plants removed: 0
[CultivationManager] Processing daily growth for 1 plants...
Plant Stress Plant 1: Calculated max height 0.0cm from genetics (Fitness: 1.00)
[CultivationManager] Growth processed. Average health: 1.00, Dead plants removed: 0
[CultivationManager] Processing daily growth for 1 plants...
Plant Stress Plant 1: Calculated max height 0.0cm from genetics (Fitness: 1.00)
[CultivationManager] Growth processed. Average health: 1.00, Dead plants removed: 0
[CultivationManager] Processing daily growth for 1 plants...
Plant Stress Plant 1: Calculated max height 0.0cm from genetics (Fitness: 1.00)
[CultivationManager] Growth processed. Average health: 1.00, Dead plants removed: 0
[CultivationManager] Processing daily growth for 1 plants...
Plant Stress Plant 1: Calculated max height 0.0cm from genetics (Fitness: 1.00)
[CultivationManager] Growth processed. Average health: 1.00, Dead plants removed: 0
[CultivationManager] Processing daily growth for 1 plants...
Plant Stress Plant 1: Calculated max height 0.0cm from genetics (Fitness: 1.00)
[CultivationManager] Growth processed. Average health: 1.00, Dead plants removed: 0
[CultivationManager] Processing daily growth for 1 plants...
Plant Stress Plant 1: Calculated max height 0.0cm from genetics (Fitness: 1.00)
[CultivationManager] Growth processed. Average health: 1.00, Dead plants removed: 0
[CultivationManager] Processing daily growth for 1 plants...
Plant Stress Plant 1: Calculated max height 0.0cm from genetics (Fitness: 1.00)
[CultivationManager] Growth processed. Average health: 1.00, Dead plants removed: 0
[CultivationManager] Harvested plant 'plant_20250723_001': 0.0g at 0.0% potency
[PlayerInventory] Added 0.0g of Unknown Product (Quality: 0.0%, Batch: _plant_20250723_001_20250723_2043)
[CultivationManager] Successfully added 0.0g to inventory (Batch: _plant_20250723_001_20250723_2043, Quality: 0.0%)
[CultivationManager] Removed plant 'plant_20250723_001' (Harvest: True)
[Chimera] ScriptableObject of type PlantInstanceSO has no name assigned.
[CultivationManager] Planted 'Stress Plant 2' (ID: plant_20250723_001) at position (2.00, 0.00, 0.00)
[CultivationManager] Processing daily growth for 1 plants...
Plant Stress Plant 2: Calculated max height 0.0cm from genetics (Fitness: 1.00)
[CultivationManager] Plant 'plant_20250723_001' transitioned from Seed to Germination
[CultivationManager] Growth processed. Average health: 1.00, Dead plants removed: 0
[CultivationManager] Processing daily growth for 1 plants...
Plant Stress Plant 2: Calculated max height 0.0cm from genetics (Fitness: 1.00)
[CultivationManager] Growth processed. Average health: 1.00, Dead plants removed: 0
[CultivationManager] Processing daily growth for 1 plants...
Plant Stress Plant 2: Calculated max height 0.0cm from genetics (Fitness: 1.00)
[CultivationManager] Growth processed. Average health: 1.00, Dead plants removed: 0
[CultivationManager] Processing daily growth for 1 plants...
Plant Stress Plant 2: Calculated max height 0.0cm from genetics (Fitness: 1.00)
[CultivationManager] Plant 'plant_20250723_001' transitioned from Germination to Seedling
[CultivationManager] Growth processed. Average health: 1.00, Dead plants removed: 0
[CultivationManager] Processing daily growth for 1 plants...
Plant Stress Plant 2: Calculated max height 0.0cm from genetics (Fitness: 1.00)
[CultivationManager] Growth processed. Average health: 1.00, Dead plants removed: 0
[CultivationManager] Processing daily growth for 1 plants...
Plant Stress Plant 2: Calculated max height 0.0cm from genetics (Fitness: 1.00)
[CultivationManager] Growth processed. Average health: 1.00, Dead plants removed: 0
[CultivationManager] Processing daily growth for 1 plants...
Plant Stress Plant 2: Calculated max height 0.0cm from genetics (Fitness: 1.00)
[CultivationManager] Growth processed. Average health: 1.00, Dead plants removed: 0
[CultivationManager] Processing daily growth for 1 plants...
Plant Stress Plant 2: Calculated max height 0.0cm from genetics (Fitness: 1.00)
[CultivationManager] Growth processed. Average health: 1.00, Dead plants removed: 0
[CultivationManager] Processing daily growth for 1 plants...
Plant Stress Plant 2: Calculated max height 0.0cm from genetics (Fitness: 1.00)
[CultivationManager] Growth processed. Average health: 1.00, Dead plants removed: 0
[CultivationManager] Processing daily growth for 1 plants...
Plant Stress Plant 2: Calculated max height 0.0cm from genetics (Fitness: 1.00)
[CultivationManager] Growth processed. Average health: 1.00, Dead plants removed: 0
[CultivationManager] Processing daily growth for 1 plants...
Plant Stress Plant 2: Calculated max height 0.0cm from genetics (Fitness: 1.00)
[CultivationManager] Growth processed. Average health: 1.00, Dead plants removed: 0
[CultivationManager] Processing daily growth for 1 plants...
Plant Stress Plant 2: Calculated max height 0.0cm from genetics (Fitness: 1.00)
[CultivationManager] Growth processed. Average health: 1.00, Dead plants removed: 0
[CultivationManager] Processing daily growth for 1 plants...
Plant Stress Plant 2: Calculated max height 0.0cm from genetics (Fitness: 1.00)
[CultivationManager] Growth processed. Average health: 1.00, Dead plants removed: 0
[CultivationManager] Processing daily growth for 1 plants...
Plant Stress Plant 2: Calculated max height 0.0cm from genetics (Fitness: 1.00)
[CultivationManager] Growth processed. Average health: 1.00, Dead plants removed: 0
[CultivationManager] Processing daily growth for 1 plants...
Plant Stress Plant 2: Calculated max height 0.0cm from genetics (Fitness: 1.00)
[CultivationManager] Growth processed. Average health: 1.00, Dead plants removed: 0
[CultivationManager] Harvested plant 'plant_20250723_001': 0.0g at 0.0% potency
[PlayerInventory] Added 0.0g of Unknown Product (Quality: 0.0%, Batch: _plant_20250723_001_20250723_2043)
[CultivationManager] Successfully added 0.0g to inventory (Batch: _plant_20250723_001_20250723_2043, Quality: 0.0%)
[CultivationManager] Removed plant 'plant_20250723_001' (Harvest: True)
[Chimera] ScriptableObject of type PlantInstanceSO has no name assigned.
[CultivationManager] Planted 'Stress Plant 3' (ID: plant_20250723_001) at position (3.00, 0.00, 0.00)
[CultivationManager] Processing daily growth for 1 plants...
Plant Stress Plant 3: Calculated max height 0.0cm from genetics (Fitness: 1.00)
[CultivationManager] Plant 'plant_20250723_001' transitioned from Seed to Germination
[CultivationManager] Growth processed. Average health: 1.00, Dead plants removed: 0
[CultivationManager] Processing daily growth for 1 plants...
Plant Stress Plant 3: Calculated max height 0.0cm from genetics (Fitness: 1.00)
[CultivationManager] Growth processed. Average health: 1.00, Dead plants removed: 0
[CultivationManager] Processing daily growth for 1 plants...
Plant Stress Plant 3: Calculated max height 0.0cm from genetics (Fitness: 1.00)
[CultivationManager] Growth processed. Average health: 1.00, Dead plants removed: 0
[CultivationManager] Processing daily growth for 1 plants...
Plant Stress Plant 3: Calculated max height 0.0cm from genetics (Fitness: 1.00)
[CultivationManager] Plant 'plant_20250723_001' transitioned from Germination to Seedling
[CultivationManager] Growth processed. Average health: 1.00, Dead plants removed: 0
[CultivationManager] Processing daily growth for 1 plants...
Plant Stress Plant 3: Calculated max height 0.0cm from genetics (Fitness: 1.00)
[CultivationManager] Growth processed. Average health: 1.00, Dead plants removed: 0
[CultivationManager] Processing daily growth for 1 plants...
Plant Stress Plant 3: Calculated max height 0.0cm from genetics (Fitness: 1.00)
[CultivationManager] Growth processed. Average health: 1.00, Dead plants removed: 0
[CultivationManager] Processing daily growth for 1 plants...
Plant Stress Plant 3: Calculated max height 0.0cm from genetics (Fitness: 1.00)
[CultivationManager] Growth processed. Average health: 1.00, Dead plants removed: 0
[CultivationManager] Processing daily growth for 1 plants...
Plant Stress Plant 3: Calculated max height 0.0cm from genetics (Fitness: 1.00)
[CultivationManager] Growth processed. Average health: 1.00, Dead plants removed: 0
[CultivationManager] Processing daily growth for 1 plants...
Plant Stress Plant 3: Calculated max height 0.0cm from genetics (Fitness: 1.00)
[CultivationManager] Growth processed. Average health: 1.00, Dead plants removed: 0
[CultivationManager] Processing daily growth for 1 plants...
Plant Stress Plant 3: Calculated max height 0.0cm from genetics (Fitness: 1.00)
[CultivationManager] Growth processed. Average health: 1.00, Dead plants removed: 0
[CultivationManager] Processing daily growth for 1 plants...
Plant Stress Plant 3: Calculated max height 0.0cm from genetics (Fitness: 1.00)
[CultivationManager] Growth processed. Average health: 1.00, Dead plants removed: 0
[CultivationManager] Processing daily growth for 1 plants...
Plant Stress Plant 3: Calculated max height 0.0cm from genetics (Fitness: 1.00)
[CultivationManager] Growth processed. Average health: 1.00, Dead plants removed: 0
[CultivationManager] Processing daily growth for 1 plants...
Plant Stress Plant 3: Calculated max height 0.0cm from genetics (Fitness: 1.00)
[CultivationManager] Growth processed. Average health: 1.00, Dead plants removed: 0
[CultivationManager] Processing daily growth for 1 plants...
Plant Stress Plant 3: Calculated max height 0.0cm from genetics (Fitness: 1.00)
[CultivationManager] Growth processed. Average health: 1.00, Dead plants removed: 0
[CultivationManager] Processing daily growth for 1 plants...
Plant Stress Plant 3: Calculated max height 0.0cm from genetics (Fitness: 1.00)
[CultivationManager] Growth processed. Average health: 1.00, Dead plants removed: 0
[CultivationManager] Harvested plant 'plant_20250723_001': 0.0g at 0.0% potency
[PlayerInventory] Added 0.0g of Unknown Product (Quality: 0.0%, Batch: _plant_20250723_001_20250723_2043)
[CultivationManager] Successfully added 0.0g to inventory (Batch: _plant_20250723_001_20250723_2043, Quality: 0.0%)
[CultivationManager] Removed plant 'plant_20250723_001' (Harvest: True)
[Chimera] ScriptableObject of type PlantInstanceSO has no name assigned.
[CultivationManager] Planted 'Stress Plant 4' (ID: plant_20250723_001) at position (4.00, 0.00, 0.00)
[CultivationManager] Processing daily growth for 1 plants...
Plant Stress Plant 4: Calculated max height 0.0cm from genetics (Fitness: 1.00)
[CultivationManager] Plant 'plant_20250723_001' transitioned from Seed to Germination
[CultivationManager] Growth processed. Average health: 1.00, Dead plants removed: 0
[CultivationManager] Processing daily growth for 1 plants...
Plant Stress Plant 4: Calculated max height 0.0cm from genetics (Fitness: 1.00)
[CultivationManager] Growth processed. Average health: 1.00, Dead plants removed: 0
[CultivationManager] Processing daily growth for 1 plants...
Plant Stress Plant 4: Calculated max height 0.0cm from genetics (Fitness: 1.00)
[CultivationManager] Growth processed. Average health: 1.00, Dead plants removed: 0
[CultivationManager] Processing daily growth for 1 plants...
Plant Stress Plant 4: Calculated max height 0.0cm from genetics (Fitness: 1.00)
[CultivationManager] Plant 'plant_20250723_001' transitioned from Germination to Seedling
[CultivationManager] Growth processed. Average health: 1.00, Dead plants removed: 0
[CultivationManager] Processing daily growth for 1 plants...
Plant Stress Plant 4: Calculated max height 0.0cm from genetics (Fitness: 1.00)
[CultivationManager] Growth processed. Average health: 1.00, Dead plants removed: 0
[CultivationManager] Processing daily growth for 1 plants...
Plant Stress Plant 4: Calculated max height 0.0cm from genetics (Fitness: 1.00)
[CultivationManager] Growth processed. Average health: 1.00, Dead plants removed: 0
[CultivationManager] Processing daily growth for 1 plants...
Plant Stress Plant 4: Calculated max height 0.0cm from genetics (Fitness: 1.00)
[CultivationManager] Growth processed. Average health: 1.00, Dead plants removed: 0
[CultivationManager] Processing daily growth for 1 plants...
Plant Stress Plant 4: Calculated max height 0.0cm from genetics (Fitness: 1.00)
[CultivationManager] Growth processed. Average health: 1.00, Dead plants removed: 0
[CultivationManager] Processing daily growth for 1 plants...
Plant Stress Plant 4: Calculated max height 0.0cm from genetics (Fitness: 1.00)
[CultivationManager] Growth processed. Average health: 1.00, Dead plants removed: 0
[CultivationManager] Processing daily growth for 1 plants...
Plant Stress Plant 4: Calculated max height 0.0cm from genetics (Fitness: 1.00)
[CultivationManager] Growth processed. Average health: 1.00, Dead plants removed: 0
[CultivationManager] Processing daily growth for 1 plants...
Plant Stress Plant 4: Calculated max height 0.0cm from genetics (Fitness: 1.00)
[CultivationManager] Growth processed. Average health: 1.00, Dead plants removed: 0
[CultivationManager] Processing daily growth for 1 plants...
Plant Stress Plant 4: Calculated max height 0.0cm from genetics (Fitness: 1.00)
[CultivationManager] Growth processed. Average health: 1.00, Dead plants removed: 0
[CultivationManager] Processing daily growth for 1 plants...
Plant Stress Plant 4: Calculated max height 0.0cm from genetics (Fitness: 1.00)
[CultivationManager] Growth processed. Average health: 1.00, Dead plants removed: 0
[CultivationManager] Processing daily growth for 1 plants...
Plant Stress Plant 4: Calculated max height 0.0cm from genetics (Fitness: 1.00)
[CultivationManager] Growth processed. Average health: 1.00, Dead plants removed: 0
[CultivationManager] Processing daily growth for 1 plants...
Plant Stress Plant 4: Calculated max height 0.0cm from genetics (Fitness: 1.00)
[CultivationManager] Growth processed. Average health: 1.00, Dead plants removed: 0
[CultivationManager] Harvested plant 'plant_20250723_001': 0.0g at 0.0% potency
[PlayerInventory] Added 0.0g of Unknown Product (Quality: 0.0%, Batch: _plant_20250723_001_20250723_2043)
[CultivationManager] Successfully added 0.0g to inventory (Batch: _plant_20250723_001_20250723_2043, Quality: 0.0%)
[CultivationManager] Removed plant 'plant_20250723_001' (Harvest: True)
[Chimera] ScriptableObject of type PlantInstanceSO has no name assigned.
[CultivationManager] Planted 'Stress Plant 5' (ID: plant_20250723_001) at position (5.00, 0.00, 0.00)
[CultivationManager] Processing daily growth for 1 plants...
Plant Stress Plant 5: Calculated max height 0.0cm from genetics (Fitness: 1.00)
[CultivationManager] Plant 'plant_20250723_001' transitioned from Seed to Germination
[CultivationManager] Growth processed. Average health: 1.00, Dead plants removed: 0
[CultivationManager] Processing daily growth for 1 plants...
Plant Stress Plant 5: Calculated max height 0.0cm from genetics (Fitness: 1.00)
[CultivationManager] Growth processed. Average health: 1.00, Dead plants removed: 0
[CultivationManager] Processing daily growth for 1 plants...
Plant Stress Plant 5: Calculated max height 0.0cm from genetics (Fitness: 1.00)
[CultivationManager] Growth processed. Average health: 1.00, Dead plants removed: 0
[CultivationManager] Processing daily growth for 1 plants...
Plant Stress Plant 5: Calculated max height 0.0cm from genetics (Fitness: 1.00)
[CultivationManager] Plant 'plant_20250723_001' transitioned from Germination to Seedling
[CultivationManager] Growth processed. Average health: 1.00, Dead plants removed: 0
[CultivationManager] Processing daily growth for 1 plants...
Plant Stress Plant 5: Calculated max height 0.0cm from genetics (Fitness: 1.00)
[CultivationManager] Growth processed. Average health: 1.00, Dead plants removed: 0
[CultivationManager] Processing daily growth for 1 plants...
Plant Stress Plant 5: Calculated max height 0.0cm from genetics (Fitness: 1.00)
[CultivationManager] Growth processed. Average health: 1.00, Dead plants removed: 0
[CultivationManager] Processing daily growth for 1 plants...
Plant Stress Plant 5: Calculated max height 0.0cm from genetics (Fitness: 1.00)
[CultivationManager] Growth processed. Average health: 1.00, Dead plants removed: 0
[CultivationManager] Processing daily growth for 1 plants...
Plant Stress Plant 5: Calculated max height 0.0cm from genetics (Fitness: 1.00)
[CultivationManager] Growth processed. Average health: 1.00, Dead plants removed: 0
[CultivationManager] Processing daily growth for 1 plants...
Plant Stress Plant 5: Calculated max height 0.0cm from genetics (Fitness: 1.00)
[CultivationManager] Growth processed. Average health: 1.00, Dead plants removed: 0
[CultivationManager] Processing daily growth for 1 plants...
Plant Stress Plant 5: Calculated max height 0.0cm from genetics (Fitness: 1.00)
[CultivationManager] Growth processed. Average health: 1.00, Dead plants removed: 0
[CultivationManager] Processing daily growth for 1 plants...
Plant Stress Plant 5: Calculated max height 0.0cm from genetics (Fitness: 1.00)
[CultivationManager] Growth processed. Average health: 1.00, Dead plants removed: 0
[CultivationManager] Processing daily growth for 1 plants...
Plant Stress Plant 5: Calculated max height 0.0cm from genetics (Fitness: 1.00)
[CultivationManager] Growth processed. Average health: 1.00, Dead plants removed: 0
[CultivationManager] Processing daily growth for 1 plants...
Plant Stress Plant 5: Calculated max height 0.0cm from genetics (Fitness: 1.00)
[CultivationManager] Growth processed. Average health: 1.00, Dead plants removed: 0
[CultivationManager] Processing daily growth for 1 plants...
Plant Stress Plant 5: Calculated max height 0.0cm from genetics (Fitness: 1.00)
[CultivationManager] Growth processed. Average health: 1.00, Dead plants removed: 0
[CultivationManager] Processing daily growth for 1 plants...
Plant Stress Plant 5: Calculated max height 0.0cm from genetics (Fitness: 1.00)
[CultivationManager] Growth processed. Average health: 1.00, Dead plants removed: 0
[CultivationManager] Harvested plant 'plant_20250723_001': 0.0g at 0.0% potency
[PlayerInventory] Added 0.0g of Unknown Product (Quality: 0.0%, Batch: _plant_20250723_001_20250723_2043)
[CultivationManager] Successfully added 0.0g to inventory (Batch: _plant_20250723_001_20250723_2043, Quality: 0.0%)
[CultivationManager] Removed plant 'plant_20250723_001' (Harvest: True)
[Chimera] ScriptableObject of type PlantInstanceSO has no name assigned.
[CultivationManager] Planted 'Stress Plant 6' (ID: plant_20250723_001) at position (6.00, 0.00, 0.00)
[CultivationManager] Processing daily growth for 1 plants...
Plant Stress Plant 6: Calculated max height 0.0cm from genetics (Fitness: 1.00)
[CultivationManager] Plant 'plant_20250723_001' transitioned from Seed to Germination
[CultivationManager] Growth processed. Average health: 1.00, Dead plants removed: 0
[CultivationManager] Processing daily growth for 1 plants...
Plant Stress Plant 6: Calculated max height 0.0cm from genetics (Fitness: 1.00)
[CultivationManager] Growth processed. Average health: 1.00, Dead plants removed: 0
[CultivationManager] Processing daily growth for 1 plants...
Plant Stress Plant 6: Calculated max height 0.0cm from genetics (Fitness: 1.00)
[CultivationManager] Growth processed. Average health: 1.00, Dead plants removed: 0
[CultivationManager] Processing daily growth for 1 plants...
Plant Stress Plant 6: Calculated max height 0.0cm from genetics (Fitness: 1.00)
[CultivationManager] Plant 'plant_20250723_001' transitioned from Germination to Seedling
[CultivationManager] Growth processed. Average health: 1.00, Dead plants removed: 0
[CultivationManager] Processing daily growth for 1 plants...
Plant Stress Plant 6: Calculated max height 0.0cm from genetics (Fitness: 1.00)
[CultivationManager] Growth processed. Average health: 1.00, Dead plants removed: 0
[CultivationManager] Processing daily growth for 1 plants...
Plant Stress Plant 6: Calculated max height 0.0cm from genetics (Fitness: 1.00)
[CultivationManager] Growth processed. Average health: 1.00, Dead plants removed: 0
[CultivationManager] Processing daily growth for 1 plants...
Plant Stress Plant 6: Calculated max height 0.0cm from genetics (Fitness: 1.00)
[CultivationManager] Growth processed. Average health: 1.00, Dead plants removed: 0
[CultivationManager] Processing daily growth for 1 plants...
Plant Stress Plant 6: Calculated max height 0.0cm from genetics (Fitness: 1.00)
[CultivationManager] Growth processed. Average health: 1.00, Dead plants removed: 0
[CultivationManager] Processing daily growth for 1 plants...
[...]
[CultivationManager] Shutting down cultivation systems...
[CultivationManager] Saving states for 0 plants...
]]></output>
              </test-case>
            </test-suite>
            <test-suite type="TestFixture" id="1152" name="SceneGenerationIntegrationTest" fullname="ProjectChimera.Testing.Systems.SceneGenerationIntegrationTest" classname="ProjectChimera.Testing.Systems.SceneGenerationIntegrationTest" runstate="Runnable" testcasecount="5" result="Failed" site="Child" start-time="2025-07-24 00:43:31Z" end-time="2025-07-24 00:43:32Z" duration="0.591394" total="5" passed="4" failed="1" inconclusive="0" skipped="0" asserts="0">
              <properties />
              <failure>
                <message><![CDATA[One or more child tests had errors]]></message>
              </failure>
              <output><![CDATA[[Chimera][PlantInstance] Initialized plant PLANT_8DDCA29961E94BE_7233 from strain TestStrain
[Chimera][PlantInstance] Initialized plant PLANT_8DDCA2996201F28_7986 from strain TestStrain
[Chimera][PlantInstance] Initialized plant PLANT_8DDCA2996203E18_9798 from strain TestStrain
[Chimera][PlantInstance] Initialized plant PLANT_8DDCA299621A302_2387 from strain TestStrain
[Chimera][PlantInstance] Initialized plant PLANT_8DDCA299622D510_3249 from strain TestStrain
[Chimera][PlantInstance] Initialized plant PLANT_8DDCA299623E41E_2845 from strain TestStrain
[Chimera][PlantInstance] Initialized plant PLANT_8DDCA299625153C_8001 from strain TestStrain
[Chimera][PlantInstance] Initialized plant PLANT_8DDCA299626463C_9751 from strain TestStrain
[Chimera][PlantInstance] Initialized plant PLANT_8DDCA2996276E18_2577 from strain TestStrain
[Chimera][PlantInstance] Initialized plant PLANT_8DDCA299627994C_7454 from strain TestStrain
[Chimera][PlantInstance] Initialized plant PLANT_8DDCA299627A964_7607 from strain TestStrain
[Chimera][PlantInstance] Initialized plant PLANT_8DDCA299627B792_8589 from strain TestStrain
[Chimera][PlantInstance] Initialized plant PLANT_8DDCA299627C58E_2568 from strain TestStrain
[Chimera][PlantInstance] Initialized plant PLANT_8DDCA299627D344_4949 from strain TestStrain
[Chimera][PlantInstance] Initialized plant PLANT_8DDCA299627E118_3168 from strain TestStrain
[Chimera][PlantInstance] Initialized plant PLANT_8DDCA299627EE88_8162 from strain TestStrain
[Chimera][PlantInstance] Initialized plant PLANT_8DDCA299627FC2A_5312 from strain TestStrain
[Chimera][PlantInstance] Initialized plant PLANT_8DDCA2996280968_6741 from strain TestStrain
[Chimera][PlantInstance] Initialized plant PLANT_8DDCA29962816CE_6831 from strain TestStrain
[Chimera][PlantInstance] Initialized plant PLANT_8DDCA299628243E_4817 from strain TestStrain
[Chimera][PlantInstance] Initialized plant PLANT_8DDCA2996283226_4077 from strain TestStrain
[Chimera][PlantInstance] Initialized plant PLANT_8DDCA2996284018_9420 from strain TestStrain
[Chimera][PlantInstance] Initialized plant PLANT_8DDCA2996284DBA_3134 from strain TestStrain
[Chimera][PlantInstance] Initialized plant PLANT_8DDCA2996285AF8_6636 from strain TestStrain
[Chimera][PlantInstance] Initialized plant PLANT_8DDCA2996286840_6668 from strain TestStrain
[Chimera][PlantInstance] Initialized plant PLANT_8DDCA299628759C_8055 from strain TestStrain
[Chimera][PlantInstance] Initialized plant PLANT_8DDCA29962882F8_7450 from strain TestStrain
[Chimera][PlantInstance] Initialized plant PLANT_8DDCA29962897FC_8500 from strain TestStrain
[Chimera][PlantInstance] Initialized plant PLANT_8DDCA299628A616_1466 from strain TestStrain
[Chimera][PlantInstance] Initialized plant PLANT_8DDCA299628B39A_2150 from strain TestStrain
[Chimera][PlantInstance] Initialized plant PLANT_8DDCA299628C1BE_1023 from strain TestStrain
[Chimera][PlantInstance] Initialized plant PLANT_8DDCA299628CF7E_5093 from strain TestStrain
[Chimera][PlantInstance] Initialized plant PLANT_8DDCA299628DCC6_1684 from strain TestStrain
[Chimera][PlantInstance] Initialized plant PLANT_8DDCA299628EA72_3382 from strain TestStrain
[Chimera][PlantInstance] Initialized plant PLANT_8DDCA299628F85A_9588 from strain TestStrain
[Chimera][PlantInstance] Initialized plant PLANT_8DDCA299629057A_9011 from strain TestStrain
[Chimera][PlantInstance] Initialized plant PLANT_8DDCA29962912D6_5949 from strain TestStrain
[Chimera][PlantInstance] Initialized plant PLANT_8DDCA29962920FA_5151 from strain TestStrain
[Chimera][PlantInstance] Initialized plant PLANT_8DDCA2996292E38_6454 from strain TestStrain
[Chimera][PlantInstance] Initialized plant PLANT_8DDCA299629438C_8717 from strain TestStrain
[Chimera][PlantInstance] Initialized plant PLANT_8DDCA299629512E_2065 from strain TestStrain
[Chimera][PlantInstance] Initialized plant PLANT_8DDCA2996295E30_7367 from strain TestStrain
[Chimera][PlantInstance] Initialized plant PLANT_8DDCA2996296B6E_7823 from strain TestStrain
[Chimera][PlantInstance] Initialized plant PLANT_8DDCA299629788E_2300 from strain TestStrain
[Chimera][PlantInstance] Initialized plant PLANT_8DDCA29962985A4_1937 from strain TestStrain
[Chimera][PlantInstance] Initialized plant PLANT_8DDCA29962993B4_7774 from strain TestStrain
[Chimera][PlantInstance] Initialized plant PLANT_8DDCA299629A0B6_4114 from strain TestStrain
[Chimera][PlantInstance] Initialized plant PLANT_8DDCA299629ADA4_9391 from strain TestStrain
[Chimera][PlantInstance] Initialized plant PLANT_8DDCA299629C302_6826 from strain TestStrain
[Chimera][PlantInstance] Initialized plant PLANT_8DDCA299629D09A_6910 from strain TestStrain
[Chimera][PlantInstance] Initialized plant PLANT_8DDCA299629DDF6_7442 from strain TestStrain
[Chimera][PlantInstance] Initialized plant PLANT_8DDCA299629EB5C_3937 from strain TestStrain
[Chimera][PlantInstance] Initialized plant PLANT_8DDCA299629F94E_5474 from strain TestStrain
[Chimera][PlantInstance] Initialized plant PLANT_8DDCA29962A06BE_1271 from strain TestStrain
[Chimera][PlantInstance] Initialized plant PLANT_8DDCA29962A1438_8837 from strain TestStrain
[Chimera][PlantInstance] Initialized plant PLANT_8DDCA29962A218A_7937 from strain TestStrain
[Chimera][PlantInstance] Initialized plant PLANT_8DDCA29962A2EC8_2773 from strain TestStrain
[Chimera][PlantInstance] Initialized plant PLANT_8DDCA29962A3C42_4155 from strain TestStrain
[Chimera][PlantInstance] Initialized plant PLANT_8DDCA29962A49EE_4996 from strain TestStrain
[Chimera][PlantInstance] Initialized plant PLANT_8DDCA29962A5768_5084 from strain TestStrain
[Chimera][PlantInstance] Initialized plant PLANT_8DDCA29962A6474_4735 from strain TestStrain
[Chimera][PlantInstance] Initialized plant PLANT_8DDCA29962A71D0_6080 from strain TestStrain
[Chimera][PlantInstance] Initialized plant PLANT_8DDCA29962A7EF0_2740 from strain TestStrain
[Chimera][PlantInstance] Initialized plant PLANT_8DDCA29962A8BE8_6075 from strain TestStrain
[Chimera][PlantInstance] Initialized plant PLANT_8DDCA29962A98FE_1721 from strain TestStrain
[Chimera][PlantInstance] Initialized plant PLANT_8DDCA29962AA628_7460 from strain TestStrain
[Chimera][PlantInstance] Initialized plant PLANT_8DDCA29962AB320_8929 from strain TestStrain
[Chimera][PlantInstance] Initialized plant PLANT_8DDCA29962AC04A_1652 from strain TestStrain
[Chimera][PlantInstance] Initialized plant PLANT_8DDCA29962ACD74_9765 from strain TestStrain
[Chimera][PlantInstance] Initialized plant PLANT_8DDCA29962ADB8E_7912 from strain TestStrain
[Chimera][PlantInstance] Initialized plant PLANT_8DDCA29962AE8CC_5384 from strain TestStrain
[Chimera][PlantInstance] Initialized plant PLANT_8DDCA29962AF5E2_9628 from strain TestStrain
[Chimera][PlantInstance] Initialized plant PLANT_8DDCA29962B02F8_7854 from strain TestStrain
[Chimera][PlantInstance] Initialized plant PLANT_8DDCA29962B0FFA_3920 from strain TestStrain
[Chimera][PlantInstance] Initialized plant PLANT_8DDCA29962B262A_9330 from strain TestStrain
[Chimera][PlantInstance] Initialized plant PLANT_8DDCA29962B34C6_9763 from strain TestStrain
[Chimera][PlantInstance] Initialized plant PLANT_8DDCA29962B4376_6801 from strain TestStrain
[Chimera][PlantInstance] Initialized plant PLANT_8DDCA29962B50E6_8880 from strain TestStrain
[Chimera][PlantInstance] Initialized plant PLANT_8DDCA29962B5E60_1891 from strain TestStrain
[Chimera][PlantInstance] Initialized plant PLANT_8DDCA29962B6BC6_8413 from strain TestStrain
[Chimera][PlantInstance] Initialized plant PLANT_8DDCA29962B792C_2271 from strain TestStrain
[Chimera][PlantInstance] Initialized plant PLANT_8DDCA29962B867E_4301 from strain TestStrain
[Chimera][PlantInstance] Initialized plant PLANT_8DDCA29962B93E4_9786 from strain TestStrain
[Chimera][PlantInstance] Initialized plant PLANT_8DDCA29962BA17C_2639 from strain TestStrain
[Chimera][PlantInstance] Initialized plant PLANT_8DDCA29962BAFBE_9903 from strain TestStrain
[Chimera][PlantInstance] Initialized plant PLANT_8DDCA29962BBDCE_3538 from strain TestStrain
[Chimera][PlantInstance] Initialized plant PLANT_8DDCA29962BCB20_4001 from strain TestStrain
[Chimera][PlantInstance] Initialized plant PLANT_8DDCA29962BE15A_1197 from strain TestStrain
[Chimera][PlantInstance] Initialized plant PLANT_8DDCA29962BEF10_5670 from strain TestStrain
[Chimera][PlantInstance] Initialized plant PLANT_8DDCA29962BFC76_5794 from strain TestStrain
[Chimera][PlantInstance] Initialized plant PLANT_8DDCA29962C09A0_5016 from strain TestStrain
[Chimera][PlantInstance] Initialized plant PLANT_8DDCA29962C174C_1252 from strain TestStrain
[Chimera][PlantInstance] Initialized plant PLANT_8DDCA29962C24A8_6722 from strain TestStrain
[Chimera][PlantInstance] Initialized plant PLANT_8DDCA29962C320E_5993 from strain TestStrain
[Chimera][PlantInstance] Initialized plant PLANT_8DDCA29962C3F92_6182 from strain TestStrain
[Chimera][PlantInstance] Initialized plant PLANT_8DDCA29962C4D02_7041 from strain TestStrain
[Chimera][PlantInstance] Initialized plant PLANT_8DDCA29962C5A5E_4820 from strain TestStrain
[Chimera][PlantInstance] Initialized plant PLANT_8DDCA29962C680A_9809 from strain TestStrain
[Chimera][PlantInstance] Initialized plant PLANT_8DDCA29962C75CA_1675 from strain TestStrain
[Chimera][PlantInstance] Initialized plant PLANT_8DDCA29962C83D0_2094 from strain TestStrain
[Chimera][PlantInstance] Initialized plant PLANT_8DDCA29962C91E0_7144 from strain TestStrain
[Chimera][PlantInstance] Initialized plant PLANT_8DDCA29962C9FA0_7499 from strain TestStrain
[Chimera][PlantInstance] Initialized plant PLANT_8DDCA29962CAD42_4363 from strain TestStrain
[Chimera][PlantInstance] Initialized plant PLANT_8DDCA29962CBB16_6868 from strain TestStrain
[Chimera][PlantInstance] Initialized plant PLANT_8DDCA29962CC8CC_8596 from strain TestStrain
[Chimera][PlantInstance] Initialized plant PLANT_8DDCA29962CD63C_9972 from strain TestStrain
[Chimera][PlantInstance] Initialized plant PLANT_8DDCA29962CE424_1654 from strain TestStrain
[Chimera][PlantInstance] Initialized plant PLANT_8DDCA29962CF22A_2696 from strain TestStrain
[Chimera][PlantInstance] Initialized plant PLANT_8DDCA29962CFFB8_6163 from strain TestStrain
[Chimera][PlantInstance] Initialized plant PLANT_8DDCA29962E1EB6_7391 from strain TestStrain
[Chimera][PlantInstance] Initialized plant PLANT_8DDCA29962F5B3C_7172 from strain TestStrain
]]></output>
              <test-case id="1154" name="TestCompleteSceneGeneration" fullname="ProjectChimera.Testing.Systems.SceneGenerationIntegrationTest.TestCompleteSceneGeneration" methodname="TestCompleteSceneGeneration" classname="ProjectChimera.Testing.Systems.SceneGenerationIntegrationTest" runstate="Runnable" seed="692370540" result="Passed" start-time="2025-07-24 00:43:31Z" end-time="2025-07-24 00:43:32Z" duration="0.555642" asserts="0">
                <properties>
                  <property name="_JOINTYPE" value="UnityCombinatorial" />
                  <property name="retryIteration" value="0" />
                  <property name="repeatIteration" value="0" />
                </properties>
                <output><![CDATA[[20:43:31.880][Chimera][WARNING] Service TerrainGenerationService is enabled but not found
[20:43:31.880][Chimera][WARNING] Service BuildingGenerationService is enabled but not found
[20:43:31.881][Chimera][WARNING] Service VegetationGenerationService is enabled but not found
[20:43:31.881][Chimera][WARNING] Service EquipmentGenerationService is enabled but not found
[20:43:31.881][Chimera][WARNING] Service EnvironmentalGenerationService is enabled but not found
[20:43:31.881][Chimera][WARNING] Service DetailGenerationService is enabled but not found
[20:43:31.881][Chimera][DEBUG] ProceduralSceneOrchestrator initialized successfully
[20:43:31.895][Chimera][WARNING] ProceduralSceneOrchestrator already initialized
[20:43:31.899][Chimera][DEBUG] Starting complete scene generation for IndoorFacility facility (Size: (20, 20), Seed: 12345)
[20:43:31.900][Chimera][DEBUG] Starting generation phase: Terrain
[20:43:31.900][Chimera][DEBUG] Completed generation phase: Terrain in 0.00s
[20:43:32.005][Chimera][DEBUG] Starting generation phase: Buildings
[20:43:32.005][Chimera][DEBUG] Completed generation phase: Buildings in 0.00s
[20:43:32.110][Chimera][DEBUG] Starting generation phase: Vegetation
[20:43:32.110][Chimera][DEBUG] Completed generation phase: Vegetation in 0.00s
[20:43:32.216][Chimera][DEBUG] Starting generation phase: Equipment
[20:43:32.216][Chimera][DEBUG] Completed generation phase: Equipment in 0.00s
[20:43:32.322][Chimera][DEBUG] Starting generation phase: Environmental
[20:43:32.322][Chimera][DEBUG] Completed generation phase: Environmental in 0.00s
[20:43:32.427][Chimera][DEBUG] Starting generation phase: Details
[20:43:32.427][Chimera][DEBUG] Completed generation phase: Details in 0.00s
[20:43:32.431][Chimera][DEBUG] Scene generation report: 0 total objects generated
[20:43:32.431][Chimera][DEBUG] Complete scene generation finished in 0.53s
[20:43:32.431][Chimera][DEBUG] ProceduralSceneOrchestrator shutdown completed
]]></output>
              </test-case>
              <test-case id="1157" name="TestConfigurationUpdate" fullname="ProjectChimera.Testing.Systems.SceneGenerationIntegrationTest.TestConfigurationUpdate" methodname="TestConfigurationUpdate" classname="ProjectChimera.Testing.Systems.SceneGenerationIntegrationTest" runstate="Runnable" seed="1039865400" result="Passed" start-time="2025-07-24 00:43:32Z" end-time="2025-07-24 00:43:32Z" duration="0.003577" asserts="0">
                <properties>
                  <property name="retryIteration" value="0" />
                  <property name="repeatIteration" value="0" />
                </properties>
                <output><![CDATA[[20:43:32.435][Chimera][WARNING] Service TerrainGenerationService is enabled but not found
[20:43:32.435][Chimera][WARNING] Service BuildingGenerationService is enabled but not found
[20:43:32.436][Chimera][WARNING] Service VegetationGenerationService is enabled but not found
[20:43:32.436][Chimera][WARNING] Service EquipmentGenerationService is enabled but not found
[20:43:32.436][Chimera][WARNING] Service EnvironmentalGenerationService is enabled but not found
[20:43:32.437][Chimera][WARNING] Service DetailGenerationService is enabled but not found
[20:43:32.437][Chimera][DEBUG] ProceduralSceneOrchestrator initialized successfully
[20:43:32.437][Chimera][DEBUG] Scene generation configuration updated
[20:43:32.438][Chimera][DEBUG] ProceduralSceneOrchestrator shutdown completed
]]></output>
              </test-case>
              <test-case id="1153" name="TestOrchestratorInitialization" fullname="ProjectChimera.Testing.Systems.SceneGenerationIntegrationTest.TestOrchestratorInitialization" methodname="TestOrchestratorInitialization" classname="ProjectChimera.Testing.Systems.SceneGenerationIntegrationTest" runstate="Runnable" seed="1083482448" result="Failed" start-time="2025-07-24 00:43:32Z" end-time="2025-07-24 00:43:32Z" duration="0.010035" asserts="0">
                <properties>
                  <property name="_JOINTYPE" value="UnityCombinatorial" />
                  <property name="retryIteration" value="0" />
                  <property name="repeatIteration" value="0" />
                </properties>
                <failure>
                  <message><![CDATA[  Orchestrator should not be initialized initially
  Expected: False
  But was:  True
]]></message>
                  <stack-trace><![CDATA[at ProjectChimera.Testing.Systems.SceneGenerationIntegrationTest+<TestOrchestratorInitialization>d__4.MoveNext () [0x0001e] in /Users/devon/Documents/Cursor/Projects/Assets/ProjectChimera/Testing/Systems/SceneGenerationIntegrationTest.cs:39
at UnityEngine.TestTools.TestEnumerator+<Execute>d__7.MoveNext () [0x0003a] in ./Library/PackageCache/com.unity.test-framework@b10ae3e6f84c/UnityEngine.TestRunner/NUnitExtensions/Attributes/TestEnumerator.cs:44
]]></stack-trace>
                </failure>
                <output><![CDATA[[20:43:32.438][Chimera][WARNING] Service TerrainGenerationService is enabled but not found
[20:43:32.438][Chimera][WARNING] Service BuildingGenerationService is enabled but not found
[20:43:32.438][Chimera][WARNING] Service VegetationGenerationService is enabled but not found
[20:43:32.439][Chimera][WARNING] Service EquipmentGenerationService is enabled but not found
[20:43:32.439][Chimera][WARNING] Service EnvironmentalGenerationService is enabled but not found
[20:43:32.439][Chimera][WARNING] Service DetailGenerationService is enabled but not found
[20:43:32.439][Chimera][DEBUG] ProceduralSceneOrchestrator initialized successfully
[20:43:32.448][Chimera][DEBUG] ProceduralSceneOrchestrator shutdown completed
]]></output>
              </test-case>
              <test-case id="1155" name="TestPhaseEnableDisable" fullname="ProjectChimera.Testing.Systems.SceneGenerationIntegrationTest.TestPhaseEnableDisable" methodname="TestPhaseEnableDisable" classname="ProjectChimera.Testing.Systems.SceneGenerationIntegrationTest" runstate="Runnable" seed="1749065447" result="Passed" start-time="2025-07-24 00:43:32Z" end-time="2025-07-24 00:43:32Z" duration="0.003721" asserts="0">
                <properties>
                  <property name="retryIteration" value="0" />
                  <property name="repeatIteration" value="0" />
                </properties>
                <output><![CDATA[[20:43:32.449][Chimera][WARNING] Service TerrainGenerationService is enabled but not found
[20:43:32.449][Chimera][WARNING] Service BuildingGenerationService is enabled but not found
[20:43:32.449][Chimera][WARNING] Service VegetationGenerationService is enabled but not found
[20:43:32.450][Chimera][WARNING] Service EquipmentGenerationService is enabled but not found
[20:43:32.450][Chimera][WARNING] Service EnvironmentalGenerationService is enabled but not found
[20:43:32.450][Chimera][WARNING] Service DetailGenerationService is enabled but not found
[20:43:32.451][Chimera][DEBUG] ProceduralSceneOrchestrator initialized successfully
[20:43:32.451][Chimera][DEBUG] Phase Terrain disabled
[20:43:32.451][Chimera][DEBUG] Phase Terrain enabled
[20:43:32.452][Chimera][DEBUG] ProceduralSceneOrchestrator shutdown completed
]]></output>
              </test-case>
              <test-case id="1156" name="TestServiceInterface" fullname="ProjectChimera.Testing.Systems.SceneGenerationIntegrationTest.TestServiceInterface" methodname="TestServiceInterface" classname="ProjectChimera.Testing.Systems.SceneGenerationIntegrationTest" runstate="Runnable" seed="689958808" result="Passed" start-time="2025-07-24 00:43:32Z" end-time="2025-07-24 00:43:32Z" duration="0.004231" asserts="0">
                <properties>
                  <property name="retryIteration" value="0" />
                  <property name="repeatIteration" value="0" />
                </properties>
                <output><![CDATA[Saving results to: /Users/devon/Library/Application Support/DefaultCompany/Chimera/TestResults.xml
]]></output>
              </test-case>
            </test-suite>
          </test-suite>
        </test-suite>
      </test-suite>
    </test-suite>
  </test-suite>
</test-run>