<?xml version="1.0" encoding="utf-8"?>
<test-run id="2" testcasecount="142" result="Failed(Child)" total="142" passed="92" failed="50" inconclusive="0" skipped="0" asserts="0" engine-version="3.5.0.0" clr-version="4.0.30319.42000" start-time="2025-07-24 00:15:46Z" end-time="2025-07-24 00:16:11Z" duration="24.6912876">
  <test-suite type="TestSuite" id="1190" name="Chimera" fullname="Chimera" runstate="Runnable" testcasecount="142" result="Failed" site="Child" start-time="2025-07-24 00:15:46Z" end-time="2025-07-24 00:16:11Z" duration="24.691288" total="142" passed="92" failed="50" inconclusive="0" skipped="0" asserts="0">
    <properties>
      <property name="platform" value="PlayMode" />
    </properties>
    <failure>
      <message><![CDATA[One or more child tests had errors]]></message>
    </failure>
    <test-suite type="Assembly" id="1096" name="ProjectChimera.Testing.dll" fullname="/Users/devon/Documents/Cursor/Projects/Library/ScriptAssemblies/ProjectChimera.Testing.dll" runstate="Runnable" testcasecount="77" result="Failed" site="Child" start-time="2025-07-24 00:15:46Z" end-time="2025-07-24 00:16:07Z" duration="21.341035" total="77" passed="53" failed="24" inconclusive="0" skipped="0" asserts="0">
      <properties>
        <property name="_PID" value="1923" />
        <property name="_APPDOMAIN" value="Unity Child Domain" />
        <property name="platform" value="PlayMode" />
        <property name="EditorOnly" value="False" />
      </properties>
      <failure>
        <message><![CDATA[One or more child tests had errors]]></message>
      </failure>
      <test-suite type="TestSuite" id="1097" name="ProjectChimera" fullname="ProjectChimera" runstate="Runnable" testcasecount="77" result="Failed" site="Child" start-time="2025-07-24 00:15:46Z" end-time="2025-07-24 00:16:07Z" duration="21.339024" total="77" passed="53" failed="24" inconclusive="0" skipped="0" asserts="0">
        <properties />
        <failure>
          <message><![CDATA[One or more child tests had errors]]></message>
        </failure>
        <test-suite type="TestSuite" id="1098" name="Testing" fullname="ProjectChimera.Testing" runstate="Runnable" testcasecount="77" result="Failed" site="Child" start-time="2025-07-24 00:15:46Z" end-time="2025-07-24 00:16:07Z" duration="21.337293" total="77" passed="53" failed="24" inconclusive="0" skipped="0" asserts="0">
          <properties />
          <failure>
            <message><![CDATA[One or more child tests had errors]]></message>
          </failure>
          <test-suite type="TestSuite" id="1105" name="Data" fullname="ProjectChimera.Testing.Data" runstate="Runnable" testcasecount="11" result="Failed" site="Child" start-time="2025-07-24 00:15:46Z" end-time="2025-07-24 00:15:46Z" duration="0.042800" total="11" passed="6" failed="5" inconclusive="0" skipped="0" asserts="0">
            <properties />
            <failure>
              <message><![CDATA[One or more child tests had errors]]></message>
            </failure>
            <test-suite type="TestFixture" id="1083" name="DataStructureTests" fullname="ProjectChimera.Testing.Data.DataStructureTests" classname="ProjectChimera.Testing.Data.DataStructureTests" runstate="Runnable" testcasecount="0" result="Passed" start-time="2025-07-24 00:15:46Z" end-time="2025-07-24 00:15:46Z" duration="0.001464" total="0" passed="0" failed="0" inconclusive="0" skipped="0" asserts="0">
              <properties>
                <property name="Category" value="Data Structures" />
              </properties>
            </test-suite>
            <test-suite type="TestFixture" id="1084" name="UnicodeJsonTests" fullname="ProjectChimera.Testing.Data.UnicodeJsonTests" classname="ProjectChimera.Testing.Data.UnicodeJsonTests" runstate="Runnable" testcasecount="11" result="Failed" site="Child" start-time="2025-07-24 00:15:46Z" end-time="2025-07-24 00:15:46Z" duration="0.037332" total="11" passed="6" failed="5" inconclusive="0" skipped="0" asserts="0">
              <properties>
                <property name="Category" value="Unicode JSON" />
              </properties>
              <failure>
                <message><![CDATA[One or more child tests had errors]]></message>
              </failure>
              <test-case id="1093" name="Test_GeneticData_UnicodeHandling" fullname="ProjectChimera.Testing.Data.UnicodeJsonTests.Test_GeneticData_UnicodeHandling" methodname="Test_GeneticData_UnicodeHandling" classname="ProjectChimera.Testing.Data.UnicodeJsonTests" runstate="Runnable" seed="1176952696" result="Passed" start-time="2025-07-24 00:15:46Z" end-time="2025-07-24 00:15:46Z" duration="0.013417" asserts="0">
                <properties>
                  <property name="retryIteration" value="0" />
                  <property name="repeatIteration" value="0" />
                </properties>
              </test-case>
              <test-case id="1095" name="Test_JsonCompaction" fullname="ProjectChimera.Testing.Data.UnicodeJsonTests.Test_JsonCompaction" methodname="Test_JsonCompaction" classname="ProjectChimera.Testing.Data.UnicodeJsonTests" runstate="Runnable" seed="1489917975" result="Passed" start-time="2025-07-24 00:15:46Z" end-time="2025-07-24 00:15:46Z" duration="0.001881" asserts="0">
                <properties>
                  <property name="retryIteration" value="0" />
                  <property name="repeatIteration" value="0" />
                </properties>
              </test-case>
              <test-case id="1090" name="Test_JsonHelper_InvalidJsonHandling" fullname="ProjectChimera.Testing.Data.UnicodeJsonTests.Test_JsonHelper_InvalidJsonHandling" methodname="Test_JsonHelper_InvalidJsonHandling" classname="ProjectChimera.Testing.Data.UnicodeJsonTests" runstate="Runnable" seed="1218679642" result="Failed" start-time="2025-07-24 00:15:46Z" end-time="2025-07-24 00:15:46Z" duration="0.002642" asserts="0">
                <properties>
                  <property name="retryIteration" value="0" />
                  <property name="repeatIteration" value="0" />
                </properties>
                <failure>
                  <message><![CDATA[Unhandled log message: '[Error] Failed to deserialize JSON to TestDataWithUnicode: JSON parse error: Missing a name for object member.'. Use UnityEngine.TestTools.LogAssert.Expect]]></message>
                  <stack-trace><![CDATA[ProjectChimera.Core.JsonUtilityHelper:FromJsonSafe<ProjectChimera.Testing.Data.UnicodeJsonTests/TestDataWithUnicode> (string) (at Assets/ProjectChimera/Core/JsonUtilityHelper.cs:48)
ProjectChimera.Testing.Data.UnicodeJsonTests:Test_JsonHelper_InvalidJsonHandling () (at Assets/ProjectChimera/Testing/Data/UnicodeJsonTests.cs:130)
System.Reflection.MethodBase:Invoke (object,object[])
NUnit.Framework.Internal.Reflect:InvokeMethod (System.Reflection.MethodInfo,object,object[])
NUnit.Framework.Internal.MethodWrapper:Invoke (object,object[])
NUnit.Framework.Internal.Commands.TestMethodCommand:RunNonAsyncTestMethod (NUnit.Framework.Internal.ITestExecutionContext)
NUnit.Framework.Internal.Commands.TestMethodCommand:RunTestMethod (NUnit.Framework.Internal.ITestExecutionContext)
NUnit.Framework.Internal.Commands.TestMethodCommand:Execute (NUnit.Framework.Internal.ITestExecutionContext)
UnityEngine.SetupCoroutine:InvokeMoveNext (System.Collections.IEnumerator,intptr) (at /Users/bokken/build/output/unity/unity/Runtime/Export/Scripting/Coroutines.cs:17)

]]></stack-trace>
                </failure>
                <output><![CDATA[Failed to deserialize JSON to TestDataWithUnicode: JSON parse error: Missing a name for object member.
]]></output>
              </test-case>
              <test-case id="1089" name="Test_JsonHelper_SafeDeserialization" fullname="ProjectChimera.Testing.Data.UnicodeJsonTests.Test_JsonHelper_SafeDeserialization" methodname="Test_JsonHelper_SafeDeserialization" classname="ProjectChimera.Testing.Data.UnicodeJsonTests" runstate="Runnable" seed="620098717" result="Failed" start-time="2025-07-24 00:15:46Z" end-time="2025-07-24 00:15:46Z" duration="0.002299" asserts="0">
                <properties>
                  <property name="retryIteration" value="0" />
                  <property name="repeatIteration" value="0" />
                </properties>
                <failure>
                  <message><![CDATA[  Should successfully deserialize
  Expected: not null
  But was:  null
]]></message>
                  <stack-trace><![CDATA[at ProjectChimera.Testing.Data.UnicodeJsonTests.Test_JsonHelper_SafeDeserialization () [0x0000b] in /Users/devon/Documents/Cursor/Projects/Assets/ProjectChimera/Testing/Data/UnicodeJsonTests.cs:118
]]></stack-trace>
                </failure>
                <output><![CDATA[Failed to deserialize JSON to TestDataWithUnicode: JSON parse error: The surrogate pair in string is invalid.
]]></output>
              </test-case>
              <test-case id="1088" name="Test_JsonHelper_SafeSerialization" fullname="ProjectChimera.Testing.Data.UnicodeJsonTests.Test_JsonHelper_SafeSerialization" methodname="Test_JsonHelper_SafeSerialization" classname="ProjectChimera.Testing.Data.UnicodeJsonTests" runstate="Runnable" seed="63849158" result="Passed" start-time="2025-07-24 00:15:46Z" end-time="2025-07-24 00:15:46Z" duration="0.000305" asserts="0">
                <properties>
                  <property name="retryIteration" value="0" />
                  <property name="repeatIteration" value="0" />
                </properties>
              </test-case>
              <test-case id="1094" name="Test_LargeDataset_Performance" fullname="ProjectChimera.Testing.Data.UnicodeJsonTests.Test_LargeDataset_Performance" methodname="Test_LargeDataset_Performance" classname="ProjectChimera.Testing.Data.UnicodeJsonTests" runstate="Runnable" seed="310750140" result="Passed" start-time="2025-07-24 00:15:46Z" end-time="2025-07-24 00:15:46Z" duration="0.003187" asserts="0">
                <properties>
                  <property name="retryIteration" value="0" />
                  <property name="repeatIteration" value="0" />
                </properties>
                <output><![CDATA[Large dataset serialization time: 0ms, JSON size: 2 bytes
]]></output>
              </test-case>
              <test-case id="1091" name="Test_ObjectScanning_DetectsIssues" fullname="ProjectChimera.Testing.Data.UnicodeJsonTests.Test_ObjectScanning_DetectsIssues" methodname="Test_ObjectScanning_DetectsIssues" classname="ProjectChimera.Testing.Data.UnicodeJsonTests" runstate="Runnable" seed="557283449" result="Failed" start-time="2025-07-24 00:15:46Z" end-time="2025-07-24 00:15:46Z" duration="0.003845" asserts="0">
                <properties>
                  <property name="retryIteration" value="0" />
                  <property name="repeatIteration" value="0" />
                </properties>
                <failure>
                  <message><![CDATA[  Should detect at least 2 issues
  Expected: greater than or equal to 2
  But was:  1
]]></message>
                  <stack-trace><![CDATA[at ProjectChimera.Testing.Data.UnicodeJsonTests.Test_ObjectScanning_DetectsIssues () [0x00056] in /Users/devon/Documents/Cursor/Projects/Assets/ProjectChimera/Testing/Data/UnicodeJsonTests.cs:156
]]></stack-trace>
                </failure>
              </test-case>
              <test-case id="1092" name="Test_ObjectScanning_NoIssues" fullname="ProjectChimera.Testing.Data.UnicodeJsonTests.Test_ObjectScanning_NoIssues" methodname="Test_ObjectScanning_NoIssues" classname="ProjectChimera.Testing.Data.UnicodeJsonTests" runstate="Runnable" seed="244946935" result="Failed" start-time="2025-07-24 00:15:46Z" end-time="2025-07-24 00:15:46Z" duration="0.000359" asserts="0">
                <properties>
                  <property name="retryIteration" value="0" />
                  <property name="repeatIteration" value="0" />
                </properties>
                <failure>
                  <message><![CDATA[  Should not detect issues in valid object
  Expected: False
  But was:  True
]]></message>
                  <stack-trace><![CDATA[at ProjectChimera.Testing.Data.UnicodeJsonTests.Test_ObjectScanning_NoIssues () [0x00042] in /Users/devon/Documents/Cursor/Projects/Assets/ProjectChimera/Testing/Data/UnicodeJsonTests.cs:174
]]></stack-trace>
                </failure>
              </test-case>
              <test-case id="1086" name="Test_UnicodeDetection_InvalidHighSurrogate" fullname="ProjectChimera.Testing.Data.UnicodeJsonTests.Test_UnicodeDetection_InvalidHighSurrogate" methodname="Test_UnicodeDetection_InvalidHighSurrogate" classname="ProjectChimera.Testing.Data.UnicodeJsonTests" runstate="Runnable" seed="23358686" result="Passed" start-time="2025-07-24 00:15:46Z" end-time="2025-07-24 00:15:46Z" duration="0.000399" asserts="0">
                <properties>
                  <property name="retryIteration" value="0" />
                  <property name="repeatIteration" value="0" />
                </properties>
              </test-case>
              <test-case id="1087" name="Test_UnicodeDetection_OrphanedLowSurrogate" fullname="ProjectChimera.Testing.Data.UnicodeJsonTests.Test_UnicodeDetection_OrphanedLowSurrogate" methodname="Test_UnicodeDetection_OrphanedLowSurrogate" classname="ProjectChimera.Testing.Data.UnicodeJsonTests" runstate="Runnable" seed="910700045" result="Passed" start-time="2025-07-24 00:15:46Z" end-time="2025-07-24 00:15:46Z" duration="0.000101" asserts="0">
                <properties>
                  <property name="retryIteration" value="0" />
                  <property name="repeatIteration" value="0" />
                </properties>
              </test-case>
              <test-case id="1085" name="Test_UnicodeDetection_ValidText" fullname="ProjectChimera.Testing.Data.UnicodeJsonTests.Test_UnicodeDetection_ValidText" methodname="Test_UnicodeDetection_ValidText" classname="ProjectChimera.Testing.Data.UnicodeJsonTests" runstate="Runnable" seed="2076953110" result="Failed" start-time="2025-07-24 00:15:46Z" end-time="2025-07-24 00:15:46Z" duration="0.000155" asserts="0">
                <properties>
                  <property name="retryIteration" value="0" />
                  <property name="repeatIteration" value="0" />
                </properties>
                <failure>
                  <message><![CDATA[  Valid Unicode text should not have issues
  Expected: False
  But was:  True
]]></message>
                  <stack-trace><![CDATA[at ProjectChimera.Testing.Data.UnicodeJsonTests.Test_UnicodeDetection_ValidText () [0x0000c] in /Users/devon/Documents/Cursor/Projects/Assets/ProjectChimera/Testing/Data/UnicodeJsonTests.cs:42
]]></stack-trace>
                </failure>
              </test-case>
            </test-suite>
          </test-suite>
          <test-suite type="TestSuite" id="1104" name="Economy" fullname="ProjectChimera.Testing.Economy" runstate="Runnable" testcasecount="18" result="Failed" site="Child" start-time="2025-07-24 00:15:46Z" end-time="2025-07-24 00:15:46Z" duration="0.115128" total="18" passed="0" failed="18" inconclusive="0" skipped="0" asserts="0">
            <properties />
            <failure>
              <message><![CDATA[One or more child tests had errors]]></message>
            </failure>
            <test-suite type="TestFixture" id="1062" name="PC011IntegrationTests" fullname="ProjectChimera.Testing.Economy.PC011IntegrationTests" classname="ProjectChimera.Testing.Economy.PC011IntegrationTests" runstate="Runnable" testcasecount="10" result="Failed" site="Child" start-time="2025-07-24 00:15:46Z" end-time="2025-07-24 00:15:46Z" duration="0.076193" total="10" passed="0" failed="10" inconclusive="0" skipped="0" asserts="0">
              <properties />
              <failure>
                <message><![CDATA[One or more child tests had errors]]></message>
              </failure>
              <test-case id="1063" name="Test_01_PlantToHarvestToSaleWorkflow" fullname="ProjectChimera.Testing.Economy.PC011IntegrationTests.Test_01_PlantToHarvestToSaleWorkflow" methodname="Test_01_PlantToHarvestToSaleWorkflow" classname="ProjectChimera.Testing.Economy.PC011IntegrationTests" runstate="Runnable" seed="869990129" result="Failed" start-time="2025-07-24 00:15:46Z" end-time="2025-07-24 00:15:46Z" duration="0.018342" asserts="0">
                <properties>
                  <property name="retryIteration" value="0" />
                  <property name="repeatIteration" value="0" />
                </properties>
                <failure>
                  <message><![CDATA[SetUp : Unhandled log message: '[Exception] NullReferenceException: Object reference not set to an instance of an object'. Use UnityEngine.TestTools.LogAssert.Expect]]></message>
                  <stack-trace><![CDATA[ProjectChimera.Systems.Economy.TradingManager.InitializePlayerInventory () (at Assets/ProjectChimera/Systems/Economy/TradingManager.cs:414)
ProjectChimera.Systems.Economy.TradingManager.OnManagerInitialize () (at Assets/ProjectChimera/Systems/Economy/TradingManager.cs:74)
ProjectChimera.Core.ChimeraManager.InitializeManager () (at Assets/ProjectChimera/Core/ChimeraManager.cs:149)
ProjectChimera.Core.ChimeraManager.Initialize () (at Assets/ProjectChimera/Core/ChimeraManager.cs:124)
ProjectChimera.Core.ChimeraManager.Awake () (at Assets/ProjectChimera/Core/ChimeraManager.cs:114)
UnityEngine.GameObject:AddComponent()
ProjectChimera.Testing.Economy.PC011IntegrationTests:SetUp() (at Assets/ProjectChimera/Testing/Economy/PC011IntegrationTests.cs:43)
System.Reflection.MethodBase:Invoke(Object, Object[])
NUnit.Framework.Internal.Reflect:InvokeMethod(MethodInfo, Object, Object[])
NUnit.Framework.Internal.Reflect:InvokeMethod(MethodInfo, Object)
UnityEngine.SetupCoroutine:InvokeMoveNext(IEnumerator, IntPtr) (at /Users/bokken/build/output/unity/unity/Runtime/Export/Scripting/Coroutines.cs:17)

]]></stack-trace>
                </failure>
                <output><![CDATA[[AudioFocusHandler] Audio Focus Handler initialized with FMOD compatibility
[Chimera][GameManager] AudioFocusHandler created to prevent FMOD errors
[Chimera][GameManager] Settings Manager not assigned
[CultivationManager] Initializing cultivation systems...
[CultivationManager] Initialized. Max plants: 50, Auto-growth: True
NullReferenceException: Object reference not set to an instance of an object
ProjectChimera.Systems.Economy.TradingManager.InitializePlayerInventory () (at Assets/ProjectChimera/Systems/Economy/TradingManager.cs:414)
ProjectChimera.Systems.Economy.TradingManager.OnManagerInitialize () (at Assets/ProjectChimera/Systems/Economy/TradingManager.cs:74)
ProjectChimera.Core.ChimeraManager.InitializeManager () (at Assets/ProjectChimera/Core/ChimeraManager.cs:149)
ProjectChimera.Core.ChimeraManager.Initialize () (at Assets/ProjectChimera/Core/ChimeraManager.cs:124)
ProjectChimera.Core.ChimeraManager.Awake () (at Assets/ProjectChimera/Core/ChimeraManager.cs:114)
UnityEngine.GameObject:AddComponent()
ProjectChimera.Testing.Economy.PC011IntegrationTests:SetUp() (at Assets/ProjectChimera/Testing/Economy/PC011IntegrationTests.cs:43)
System.Reflection.MethodBase:Invoke(Object, Object[])
NUnit.Framework.Internal.Reflect:InvokeMethod(MethodInfo, Object, Object[])
NUnit.Framework.Internal.Reflect:InvokeMethod(MethodInfo, Object)
UnityEngine.SetupCoroutine:InvokeMoveNext(IEnumerator, IntPtr) (at /Users/bokken/build/output/unity/unity/Runtime/Export/Scripting/Coroutines.cs:17)

MarketManager initialized successfully
TestStrainData must be instantiated using the ScriptableObject.CreateInstance method instead of new TestStrainData.
[Chimera] ScriptableObject of type TestStrainData has no name assigned.
[Chimera] PlantStrainSO '' has no base species assigned.
[Chimera] PlantStrainSO '' has no strain name assigned.
TestGenotypeData must be instantiated using the ScriptableObject.CreateInstance method instead of new TestGenotypeData.
[Chimera] ScriptableObject of type TestGenotypeData has no name assigned.
[Chimera] GenotypeDataSO '' has no species assigned.
[Chimera] GenotypeDataSO '' has no gene pairs defined.
[PC011IntegrationTests] Test setup completed
[Chimera][TradingManager] Manager is not initialized
[CultivationManager] Shutting down cultivation systems...
[CultivationManager] Saving states for 0 plants...
]]></output>
              </test-case>
              <test-case id="1064" name="Test_02_QualityBasedPricingSystem" fullname="ProjectChimera.Testing.Economy.PC011IntegrationTests.Test_02_QualityBasedPricingSystem" methodname="Test_02_QualityBasedPricingSystem" classname="ProjectChimera.Testing.Economy.PC011IntegrationTests" runstate="Runnable" seed="858319143" result="Failed" start-time="2025-07-24 00:15:46Z" end-time="2025-07-24 00:15:46Z" duration="0.005778" asserts="0">
                <properties>
                  <property name="retryIteration" value="0" />
                  <property name="repeatIteration" value="0" />
                </properties>
                <failure>
                  <message><![CDATA[SetUp : Unhandled log message: '[Exception] NullReferenceException: Object reference not set to an instance of an object'. Use UnityEngine.TestTools.LogAssert.Expect]]></message>
                  <stack-trace><![CDATA[ProjectChimera.Systems.Economy.TradingManager.InitializePlayerInventory () (at Assets/ProjectChimera/Systems/Economy/TradingManager.cs:414)
ProjectChimera.Systems.Economy.TradingManager.OnManagerInitialize () (at Assets/ProjectChimera/Systems/Economy/TradingManager.cs:74)
ProjectChimera.Core.ChimeraManager.InitializeManager () (at Assets/ProjectChimera/Core/ChimeraManager.cs:149)
ProjectChimera.Core.ChimeraManager.Initialize () (at Assets/ProjectChimera/Core/ChimeraManager.cs:124)
ProjectChimera.Core.ChimeraManager.Awake () (at Assets/ProjectChimera/Core/ChimeraManager.cs:114)
UnityEngine.GameObject:AddComponent()
ProjectChimera.Testing.Economy.PC011IntegrationTests:SetUp() (at Assets/ProjectChimera/Testing/Economy/PC011IntegrationTests.cs:43)
System.Reflection.MethodBase:Invoke(Object, Object[])
NUnit.Framework.Internal.Reflect:InvokeMethod(MethodInfo, Object, Object[])
NUnit.Framework.Internal.Reflect:InvokeMethod(MethodInfo, Object)
UnityEngine.SetupCoroutine:InvokeMoveNext(IEnumerator, IntPtr) (at /Users/bokken/build/output/unity/unity/Runtime/Export/Scripting/Coroutines.cs:17)

]]></stack-trace>
                </failure>
                <output><![CDATA[[Chimera][GameManager] AudioFocusHandler already exists
[Chimera][GameManager] Settings Manager not assigned
[CultivationManager] Initializing cultivation systems...
[CultivationManager] Initialized. Max plants: 50, Auto-growth: True
NullReferenceException: Object reference not set to an instance of an object
ProjectChimera.Systems.Economy.TradingManager.InitializePlayerInventory () (at Assets/ProjectChimera/Systems/Economy/TradingManager.cs:414)
ProjectChimera.Systems.Economy.TradingManager.OnManagerInitialize () (at Assets/ProjectChimera/Systems/Economy/TradingManager.cs:74)
ProjectChimera.Core.ChimeraManager.InitializeManager () (at Assets/ProjectChimera/Core/ChimeraManager.cs:149)
ProjectChimera.Core.ChimeraManager.Initialize () (at Assets/ProjectChimera/Core/ChimeraManager.cs:124)
ProjectChimera.Core.ChimeraManager.Awake () (at Assets/ProjectChimera/Core/ChimeraManager.cs:114)
UnityEngine.GameObject:AddComponent()
ProjectChimera.Testing.Economy.PC011IntegrationTests:SetUp() (at Assets/ProjectChimera/Testing/Economy/PC011IntegrationTests.cs:43)
System.Reflection.MethodBase:Invoke(Object, Object[])
NUnit.Framework.Internal.Reflect:InvokeMethod(MethodInfo, Object, Object[])
NUnit.Framework.Internal.Reflect:InvokeMethod(MethodInfo, Object)
UnityEngine.SetupCoroutine:InvokeMoveNext(IEnumerator, IntPtr) (at /Users/bokken/build/output/unity/unity/Runtime/Export/Scripting/Coroutines.cs:17)

MarketManager initialized successfully
TestStrainData must be instantiated using the ScriptableObject.CreateInstance method instead of new TestStrainData.
[Chimera] ScriptableObject of type TestStrainData has no name assigned.
[Chimera] PlantStrainSO '' has no base species assigned.
[Chimera] PlantStrainSO '' has no strain name assigned.
TestGenotypeData must be instantiated using the ScriptableObject.CreateInstance method instead of new TestGenotypeData.
[Chimera] ScriptableObject of type TestGenotypeData has no name assigned.
[Chimera] GenotypeDataSO '' has no species assigned.
[Chimera] GenotypeDataSO '' has no gene pairs defined.
[PC011IntegrationTests] Test setup completed
[Chimera][TradingManager] Manager is not initialized
[CultivationManager] Shutting down cultivation systems...
[CultivationManager] Saving states for 0 plants...
]]></output>
              </test-case>
              <test-case id="1065" name="Test_03_ProductionBasedMarketSupply" fullname="ProjectChimera.Testing.Economy.PC011IntegrationTests.Test_03_ProductionBasedMarketSupply" methodname="Test_03_ProductionBasedMarketSupply" classname="ProjectChimera.Testing.Economy.PC011IntegrationTests" runstate="Runnable" seed="1117234740" result="Failed" start-time="2025-07-24 00:15:46Z" end-time="2025-07-24 00:15:46Z" duration="0.005660" asserts="0">
                <properties>
                  <property name="retryIteration" value="0" />
                  <property name="repeatIteration" value="0" />
                </properties>
                <failure>
                  <message><![CDATA[SetUp : Unhandled log message: '[Exception] NullReferenceException: Object reference not set to an instance of an object'. Use UnityEngine.TestTools.LogAssert.Expect]]></message>
                  <stack-trace><![CDATA[ProjectChimera.Systems.Economy.TradingManager.InitializePlayerInventory () (at Assets/ProjectChimera/Systems/Economy/TradingManager.cs:414)
ProjectChimera.Systems.Economy.TradingManager.OnManagerInitialize () (at Assets/ProjectChimera/Systems/Economy/TradingManager.cs:74)
ProjectChimera.Core.ChimeraManager.InitializeManager () (at Assets/ProjectChimera/Core/ChimeraManager.cs:149)
ProjectChimera.Core.ChimeraManager.Initialize () (at Assets/ProjectChimera/Core/ChimeraManager.cs:124)
ProjectChimera.Core.ChimeraManager.Awake () (at Assets/ProjectChimera/Core/ChimeraManager.cs:114)
UnityEngine.GameObject:AddComponent()
ProjectChimera.Testing.Economy.PC011IntegrationTests:SetUp() (at Assets/ProjectChimera/Testing/Economy/PC011IntegrationTests.cs:43)
System.Reflection.MethodBase:Invoke(Object, Object[])
NUnit.Framework.Internal.Reflect:InvokeMethod(MethodInfo, Object, Object[])
NUnit.Framework.Internal.Reflect:InvokeMethod(MethodInfo, Object)
UnityEngine.SetupCoroutine:InvokeMoveNext(IEnumerator, IntPtr) (at /Users/bokken/build/output/unity/unity/Runtime/Export/Scripting/Coroutines.cs:17)

]]></stack-trace>
                </failure>
                <output><![CDATA[[Chimera][GameManager] AudioFocusHandler already exists
[Chimera][GameManager] Settings Manager not assigned
[CultivationManager] Initializing cultivation systems...
[CultivationManager] Initialized. Max plants: 50, Auto-growth: True
NullReferenceException: Object reference not set to an instance of an object
ProjectChimera.Systems.Economy.TradingManager.InitializePlayerInventory () (at Assets/ProjectChimera/Systems/Economy/TradingManager.cs:414)
ProjectChimera.Systems.Economy.TradingManager.OnManagerInitialize () (at Assets/ProjectChimera/Systems/Economy/TradingManager.cs:74)
ProjectChimera.Core.ChimeraManager.InitializeManager () (at Assets/ProjectChimera/Core/ChimeraManager.cs:149)
ProjectChimera.Core.ChimeraManager.Initialize () (at Assets/ProjectChimera/Core/ChimeraManager.cs:124)
ProjectChimera.Core.ChimeraManager.Awake () (at Assets/ProjectChimera/Core/ChimeraManager.cs:114)
UnityEngine.GameObject:AddComponent()
ProjectChimera.Testing.Economy.PC011IntegrationTests:SetUp() (at Assets/ProjectChimera/Testing/Economy/PC011IntegrationTests.cs:43)
System.Reflection.MethodBase:Invoke(Object, Object[])
NUnit.Framework.Internal.Reflect:InvokeMethod(MethodInfo, Object, Object[])
NUnit.Framework.Internal.Reflect:InvokeMethod(MethodInfo, Object)
UnityEngine.SetupCoroutine:InvokeMoveNext(IEnumerator, IntPtr) (at /Users/bokken/build/output/unity/unity/Runtime/Export/Scripting/Coroutines.cs:17)

MarketManager initialized successfully
TestStrainData must be instantiated using the ScriptableObject.CreateInstance method instead of new TestStrainData.
[Chimera] ScriptableObject of type TestStrainData has no name assigned.
[Chimera] PlantStrainSO '' has no base species assigned.
[Chimera] PlantStrainSO '' has no strain name assigned.
TestGenotypeData must be instantiated using the ScriptableObject.CreateInstance method instead of new TestGenotypeData.
[Chimera] ScriptableObject of type TestGenotypeData has no name assigned.
[Chimera] GenotypeDataSO '' has no species assigned.
[Chimera] GenotypeDataSO '' has no gene pairs defined.
[PC011IntegrationTests] Test setup completed
[Chimera][TradingManager] Manager is not initialized
[CultivationManager] Shutting down cultivation systems...
[CultivationManager] Saving states for 0 plants...
]]></output>
              </test-case>
              <test-case id="1066" name="Test_04_QualityDegradationSystem" fullname="ProjectChimera.Testing.Economy.PC011IntegrationTests.Test_04_QualityDegradationSystem" methodname="Test_04_QualityDegradationSystem" classname="ProjectChimera.Testing.Economy.PC011IntegrationTests" runstate="Runnable" seed="1831038114" result="Failed" start-time="2025-07-24 00:15:46Z" end-time="2025-07-24 00:15:46Z" duration="0.005619" asserts="0">
                <properties>
                  <property name="retryIteration" value="0" />
                  <property name="repeatIteration" value="0" />
                </properties>
                <failure>
                  <message><![CDATA[SetUp : Unhandled log message: '[Exception] NullReferenceException: Object reference not set to an instance of an object'. Use UnityEngine.TestTools.LogAssert.Expect]]></message>
                  <stack-trace><![CDATA[ProjectChimera.Systems.Economy.TradingManager.InitializePlayerInventory () (at Assets/ProjectChimera/Systems/Economy/TradingManager.cs:414)
ProjectChimera.Systems.Economy.TradingManager.OnManagerInitialize () (at Assets/ProjectChimera/Systems/Economy/TradingManager.cs:74)
ProjectChimera.Core.ChimeraManager.InitializeManager () (at Assets/ProjectChimera/Core/ChimeraManager.cs:149)
ProjectChimera.Core.ChimeraManager.Initialize () (at Assets/ProjectChimera/Core/ChimeraManager.cs:124)
ProjectChimera.Core.ChimeraManager.Awake () (at Assets/ProjectChimera/Core/ChimeraManager.cs:114)
UnityEngine.GameObject:AddComponent()
ProjectChimera.Testing.Economy.PC011IntegrationTests:SetUp() (at Assets/ProjectChimera/Testing/Economy/PC011IntegrationTests.cs:43)
System.Reflection.MethodBase:Invoke(Object, Object[])
NUnit.Framework.Internal.Reflect:InvokeMethod(MethodInfo, Object, Object[])
NUnit.Framework.Internal.Reflect:InvokeMethod(MethodInfo, Object)
UnityEngine.SetupCoroutine:InvokeMoveNext(IEnumerator, IntPtr) (at /Users/bokken/build/output/unity/unity/Runtime/Export/Scripting/Coroutines.cs:17)

]]></stack-trace>
                </failure>
                <output><![CDATA[[Chimera][GameManager] AudioFocusHandler already exists
[Chimera][GameManager] Settings Manager not assigned
[CultivationManager] Initializing cultivation systems...
[CultivationManager] Initialized. Max plants: 50, Auto-growth: True
NullReferenceException: Object reference not set to an instance of an object
ProjectChimera.Systems.Economy.TradingManager.InitializePlayerInventory () (at Assets/ProjectChimera/Systems/Economy/TradingManager.cs:414)
ProjectChimera.Systems.Economy.TradingManager.OnManagerInitialize () (at Assets/ProjectChimera/Systems/Economy/TradingManager.cs:74)
ProjectChimera.Core.ChimeraManager.InitializeManager () (at Assets/ProjectChimera/Core/ChimeraManager.cs:149)
ProjectChimera.Core.ChimeraManager.Initialize () (at Assets/ProjectChimera/Core/ChimeraManager.cs:124)
ProjectChimera.Core.ChimeraManager.Awake () (at Assets/ProjectChimera/Core/ChimeraManager.cs:114)
UnityEngine.GameObject:AddComponent()
ProjectChimera.Testing.Economy.PC011IntegrationTests:SetUp() (at Assets/ProjectChimera/Testing/Economy/PC011IntegrationTests.cs:43)
System.Reflection.MethodBase:Invoke(Object, Object[])
NUnit.Framework.Internal.Reflect:InvokeMethod(MethodInfo, Object, Object[])
NUnit.Framework.Internal.Reflect:InvokeMethod(MethodInfo, Object)
UnityEngine.SetupCoroutine:InvokeMoveNext(IEnumerator, IntPtr) (at /Users/bokken/build/output/unity/unity/Runtime/Export/Scripting/Coroutines.cs:17)

MarketManager initialized successfully
TestStrainData must be instantiated using the ScriptableObject.CreateInstance method instead of new TestStrainData.
[Chimera] ScriptableObject of type TestStrainData has no name assigned.
[Chimera] PlantStrainSO '' has no base species assigned.
[Chimera] PlantStrainSO '' has no strain name assigned.
TestGenotypeData must be instantiated using the ScriptableObject.CreateInstance method instead of new TestGenotypeData.
[Chimera] ScriptableObject of type TestGenotypeData has no name assigned.
[Chimera] GenotypeDataSO '' has no species assigned.
[Chimera] GenotypeDataSO '' has no gene pairs defined.
[PC011IntegrationTests] Test setup completed
[Chimera][TradingManager] Manager is not initialized
[CultivationManager] Shutting down cultivation systems...
[CultivationManager] Saving states for 0 plants...
]]></output>
              </test-case>
              <test-case id="1067" name="Test_05_BatchTrackingSystem" fullname="ProjectChimera.Testing.Economy.PC011IntegrationTests.Test_05_BatchTrackingSystem" methodname="Test_05_BatchTrackingSystem" classname="ProjectChimera.Testing.Economy.PC011IntegrationTests" runstate="Runnable" seed="1797047943" result="Failed" start-time="2025-07-24 00:15:46Z" end-time="2025-07-24 00:15:46Z" duration="0.005642" asserts="0">
                <properties>
                  <property name="retryIteration" value="0" />
                  <property name="repeatIteration" value="0" />
                </properties>
                <failure>
                  <message><![CDATA[SetUp : Unhandled log message: '[Exception] NullReferenceException: Object reference not set to an instance of an object'. Use UnityEngine.TestTools.LogAssert.Expect]]></message>
                  <stack-trace><![CDATA[ProjectChimera.Systems.Economy.TradingManager.InitializePlayerInventory () (at Assets/ProjectChimera/Systems/Economy/TradingManager.cs:414)
ProjectChimera.Systems.Economy.TradingManager.OnManagerInitialize () (at Assets/ProjectChimera/Systems/Economy/TradingManager.cs:74)
ProjectChimera.Core.ChimeraManager.InitializeManager () (at Assets/ProjectChimera/Core/ChimeraManager.cs:149)
ProjectChimera.Core.ChimeraManager.Initialize () (at Assets/ProjectChimera/Core/ChimeraManager.cs:124)
ProjectChimera.Core.ChimeraManager.Awake () (at Assets/ProjectChimera/Core/ChimeraManager.cs:114)
UnityEngine.GameObject:AddComponent()
ProjectChimera.Testing.Economy.PC011IntegrationTests:SetUp() (at Assets/ProjectChimera/Testing/Economy/PC011IntegrationTests.cs:43)
System.Reflection.MethodBase:Invoke(Object, Object[])
NUnit.Framework.Internal.Reflect:InvokeMethod(MethodInfo, Object, Object[])
NUnit.Framework.Internal.Reflect:InvokeMethod(MethodInfo, Object)
UnityEngine.SetupCoroutine:InvokeMoveNext(IEnumerator, IntPtr) (at /Users/bokken/build/output/unity/unity/Runtime/Export/Scripting/Coroutines.cs:17)

]]></stack-trace>
                </failure>
                <output><![CDATA[[Chimera][GameManager] AudioFocusHandler already exists
[Chimera][GameManager] Settings Manager not assigned
[CultivationManager] Initializing cultivation systems...
[CultivationManager] Initialized. Max plants: 50, Auto-growth: True
NullReferenceException: Object reference not set to an instance of an object
ProjectChimera.Systems.Economy.TradingManager.InitializePlayerInventory () (at Assets/ProjectChimera/Systems/Economy/TradingManager.cs:414)
ProjectChimera.Systems.Economy.TradingManager.OnManagerInitialize () (at Assets/ProjectChimera/Systems/Economy/TradingManager.cs:74)
ProjectChimera.Core.ChimeraManager.InitializeManager () (at Assets/ProjectChimera/Core/ChimeraManager.cs:149)
ProjectChimera.Core.ChimeraManager.Initialize () (at Assets/ProjectChimera/Core/ChimeraManager.cs:124)
ProjectChimera.Core.ChimeraManager.Awake () (at Assets/ProjectChimera/Core/ChimeraManager.cs:114)
UnityEngine.GameObject:AddComponent()
ProjectChimera.Testing.Economy.PC011IntegrationTests:SetUp() (at Assets/ProjectChimera/Testing/Economy/PC011IntegrationTests.cs:43)
System.Reflection.MethodBase:Invoke(Object, Object[])
NUnit.Framework.Internal.Reflect:InvokeMethod(MethodInfo, Object, Object[])
NUnit.Framework.Internal.Reflect:InvokeMethod(MethodInfo, Object)
UnityEngine.SetupCoroutine:InvokeMoveNext(IEnumerator, IntPtr) (at /Users/bokken/build/output/unity/unity/Runtime/Export/Scripting/Coroutines.cs:17)

MarketManager initialized successfully
TestStrainData must be instantiated using the ScriptableObject.CreateInstance method instead of new TestStrainData.
[Chimera] ScriptableObject of type TestStrainData has no name assigned.
[Chimera] PlantStrainSO '' has no base species assigned.
[Chimera] PlantStrainSO '' has no strain name assigned.
TestGenotypeData must be instantiated using the ScriptableObject.CreateInstance method instead of new TestGenotypeData.
[Chimera] ScriptableObject of type TestGenotypeData has no name assigned.
[Chimera] GenotypeDataSO '' has no species assigned.
[Chimera] GenotypeDataSO '' has no gene pairs defined.
[PC011IntegrationTests] Test setup completed
[Chimera][TradingManager] Manager is not initialized
[CultivationManager] Shutting down cultivation systems...
[CultivationManager] Saving states for 0 plants...
]]></output>
              </test-case>
              <test-case id="1068" name="Test_06_ContractSystemIntegration" fullname="ProjectChimera.Testing.Economy.PC011IntegrationTests.Test_06_ContractSystemIntegration" methodname="Test_06_ContractSystemIntegration" classname="ProjectChimera.Testing.Economy.PC011IntegrationTests" runstate="Runnable" seed="1120905263" result="Failed" start-time="2025-07-24 00:15:46Z" end-time="2025-07-24 00:15:46Z" duration="0.005569" asserts="0">
                <properties>
                  <property name="retryIteration" value="0" />
                  <property name="repeatIteration" value="0" />
                </properties>
                <failure>
                  <message><![CDATA[SetUp : Unhandled log message: '[Exception] NullReferenceException: Object reference not set to an instance of an object'. Use UnityEngine.TestTools.LogAssert.Expect]]></message>
                  <stack-trace><![CDATA[ProjectChimera.Systems.Economy.TradingManager.InitializePlayerInventory () (at Assets/ProjectChimera/Systems/Economy/TradingManager.cs:414)
ProjectChimera.Systems.Economy.TradingManager.OnManagerInitialize () (at Assets/ProjectChimera/Systems/Economy/TradingManager.cs:74)
ProjectChimera.Core.ChimeraManager.InitializeManager () (at Assets/ProjectChimera/Core/ChimeraManager.cs:149)
ProjectChimera.Core.ChimeraManager.Initialize () (at Assets/ProjectChimera/Core/ChimeraManager.cs:124)
ProjectChimera.Core.ChimeraManager.Awake () (at Assets/ProjectChimera/Core/ChimeraManager.cs:114)
UnityEngine.GameObject:AddComponent()
ProjectChimera.Testing.Economy.PC011IntegrationTests:SetUp() (at Assets/ProjectChimera/Testing/Economy/PC011IntegrationTests.cs:43)
System.Reflection.MethodBase:Invoke(Object, Object[])
NUnit.Framework.Internal.Reflect:InvokeMethod(MethodInfo, Object, Object[])
NUnit.Framework.Internal.Reflect:InvokeMethod(MethodInfo, Object)
UnityEngine.SetupCoroutine:InvokeMoveNext(IEnumerator, IntPtr) (at /Users/bokken/build/output/unity/unity/Runtime/Export/Scripting/Coroutines.cs:17)

]]></stack-trace>
                </failure>
                <output><![CDATA[[Chimera][GameManager] AudioFocusHandler already exists
[Chimera][GameManager] Settings Manager not assigned
[CultivationManager] Initializing cultivation systems...
[CultivationManager] Initialized. Max plants: 50, Auto-growth: True
NullReferenceException: Object reference not set to an instance of an object
ProjectChimera.Systems.Economy.TradingManager.InitializePlayerInventory () (at Assets/ProjectChimera/Systems/Economy/TradingManager.cs:414)
ProjectChimera.Systems.Economy.TradingManager.OnManagerInitialize () (at Assets/ProjectChimera/Systems/Economy/TradingManager.cs:74)
ProjectChimera.Core.ChimeraManager.InitializeManager () (at Assets/ProjectChimera/Core/ChimeraManager.cs:149)
ProjectChimera.Core.ChimeraManager.Initialize () (at Assets/ProjectChimera/Core/ChimeraManager.cs:124)
ProjectChimera.Core.ChimeraManager.Awake () (at Assets/ProjectChimera/Core/ChimeraManager.cs:114)
UnityEngine.GameObject:AddComponent()
ProjectChimera.Testing.Economy.PC011IntegrationTests:SetUp() (at Assets/ProjectChimera/Testing/Economy/PC011IntegrationTests.cs:43)
System.Reflection.MethodBase:Invoke(Object, Object[])
NUnit.Framework.Internal.Reflect:InvokeMethod(MethodInfo, Object, Object[])
NUnit.Framework.Internal.Reflect:InvokeMethod(MethodInfo, Object)
UnityEngine.SetupCoroutine:InvokeMoveNext(IEnumerator, IntPtr) (at /Users/bokken/build/output/unity/unity/Runtime/Export/Scripting/Coroutines.cs:17)

MarketManager initialized successfully
TestStrainData must be instantiated using the ScriptableObject.CreateInstance method instead of new TestStrainData.
[Chimera] ScriptableObject of type TestStrainData has no name assigned.
[Chimera] PlantStrainSO '' has no base species assigned.
[Chimera] PlantStrainSO '' has no strain name assigned.
TestGenotypeData must be instantiated using the ScriptableObject.CreateInstance method instead of new TestGenotypeData.
[Chimera] ScriptableObject of type TestGenotypeData has no name assigned.
[Chimera] GenotypeDataSO '' has no species assigned.
[Chimera] GenotypeDataSO '' has no gene pairs defined.
[PC011IntegrationTests] Test setup completed
[Chimera][TradingManager] Manager is not initialized
[CultivationManager] Shutting down cultivation systems...
[CultivationManager] Saving states for 0 plants...
]]></output>
              </test-case>
              <test-case id="1069" name="Test_07_ReputationSystemIntegration" fullname="ProjectChimera.Testing.Economy.PC011IntegrationTests.Test_07_ReputationSystemIntegration" methodname="Test_07_ReputationSystemIntegration" classname="ProjectChimera.Testing.Economy.PC011IntegrationTests" runstate="Runnable" seed="1490874480" result="Failed" start-time="2025-07-24 00:15:46Z" end-time="2025-07-24 00:15:46Z" duration="0.005608" asserts="0">
                <properties>
                  <property name="retryIteration" value="0" />
                  <property name="repeatIteration" value="0" />
                </properties>
                <failure>
                  <message><![CDATA[SetUp : Unhandled log message: '[Exception] NullReferenceException: Object reference not set to an instance of an object'. Use UnityEngine.TestTools.LogAssert.Expect]]></message>
                  <stack-trace><![CDATA[ProjectChimera.Systems.Economy.TradingManager.InitializePlayerInventory () (at Assets/ProjectChimera/Systems/Economy/TradingManager.cs:414)
ProjectChimera.Systems.Economy.TradingManager.OnManagerInitialize () (at Assets/ProjectChimera/Systems/Economy/TradingManager.cs:74)
ProjectChimera.Core.ChimeraManager.InitializeManager () (at Assets/ProjectChimera/Core/ChimeraManager.cs:149)
ProjectChimera.Core.ChimeraManager.Initialize () (at Assets/ProjectChimera/Core/ChimeraManager.cs:124)
ProjectChimera.Core.ChimeraManager.Awake () (at Assets/ProjectChimera/Core/ChimeraManager.cs:114)
UnityEngine.GameObject:AddComponent()
ProjectChimera.Testing.Economy.PC011IntegrationTests:SetUp() (at Assets/ProjectChimera/Testing/Economy/PC011IntegrationTests.cs:43)
System.Reflection.MethodBase:Invoke(Object, Object[])
NUnit.Framework.Internal.Reflect:InvokeMethod(MethodInfo, Object, Object[])
NUnit.Framework.Internal.Reflect:InvokeMethod(MethodInfo, Object)
UnityEngine.SetupCoroutine:InvokeMoveNext(IEnumerator, IntPtr) (at /Users/bokken/build/output/unity/unity/Runtime/Export/Scripting/Coroutines.cs:17)

]]></stack-trace>
                </failure>
                <output><![CDATA[[Chimera][GameManager] AudioFocusHandler already exists
[Chimera][GameManager] Settings Manager not assigned
[CultivationManager] Initializing cultivation systems...
[CultivationManager] Initialized. Max plants: 50, Auto-growth: True
NullReferenceException: Object reference not set to an instance of an object
ProjectChimera.Systems.Economy.TradingManager.InitializePlayerInventory () (at Assets/ProjectChimera/Systems/Economy/TradingManager.cs:414)
ProjectChimera.Systems.Economy.TradingManager.OnManagerInitialize () (at Assets/ProjectChimera/Systems/Economy/TradingManager.cs:74)
ProjectChimera.Core.ChimeraManager.InitializeManager () (at Assets/ProjectChimera/Core/ChimeraManager.cs:149)
ProjectChimera.Core.ChimeraManager.Initialize () (at Assets/ProjectChimera/Core/ChimeraManager.cs:124)
ProjectChimera.Core.ChimeraManager.Awake () (at Assets/ProjectChimera/Core/ChimeraManager.cs:114)
UnityEngine.GameObject:AddComponent()
ProjectChimera.Testing.Economy.PC011IntegrationTests:SetUp() (at Assets/ProjectChimera/Testing/Economy/PC011IntegrationTests.cs:43)
System.Reflection.MethodBase:Invoke(Object, Object[])
NUnit.Framework.Internal.Reflect:InvokeMethod(MethodInfo, Object, Object[])
NUnit.Framework.Internal.Reflect:InvokeMethod(MethodInfo, Object)
UnityEngine.SetupCoroutine:InvokeMoveNext(IEnumerator, IntPtr) (at /Users/bokken/build/output/unity/unity/Runtime/Export/Scripting/Coroutines.cs:17)

MarketManager initialized successfully
TestStrainData must be instantiated using the ScriptableObject.CreateInstance method instead of new TestStrainData.
[Chimera] ScriptableObject of type TestStrainData has no name assigned.
[Chimera] PlantStrainSO '' has no base species assigned.
[Chimera] PlantStrainSO '' has no strain name assigned.
TestGenotypeData must be instantiated using the ScriptableObject.CreateInstance method instead of new TestGenotypeData.
[Chimera] ScriptableObject of type TestGenotypeData has no name assigned.
[Chimera] GenotypeDataSO '' has no species assigned.
[Chimera] GenotypeDataSO '' has no gene pairs defined.
[PC011IntegrationTests] Test setup completed
[Chimera][TradingManager] Manager is not initialized
[CultivationManager] Shutting down cultivation systems...
[CultivationManager] Saving states for 0 plants...
]]></output>
              </test-case>
              <test-case id="1070" name="Test_08_StorageMechanicsAndAutomation" fullname="ProjectChimera.Testing.Economy.PC011IntegrationTests.Test_08_StorageMechanicsAndAutomation" methodname="Test_08_StorageMechanicsAndAutomation" classname="ProjectChimera.Testing.Economy.PC011IntegrationTests" runstate="Runnable" seed="1480003607" result="Failed" start-time="2025-07-24 00:15:46Z" end-time="2025-07-24 00:15:46Z" duration="0.005590" asserts="0">
                <properties>
                  <property name="retryIteration" value="0" />
                  <property name="repeatIteration" value="0" />
                </properties>
                <failure>
                  <message><![CDATA[SetUp : Unhandled log message: '[Exception] NullReferenceException: Object reference not set to an instance of an object'. Use UnityEngine.TestTools.LogAssert.Expect]]></message>
                  <stack-trace><![CDATA[ProjectChimera.Systems.Economy.TradingManager.InitializePlayerInventory () (at Assets/ProjectChimera/Systems/Economy/TradingManager.cs:414)
ProjectChimera.Systems.Economy.TradingManager.OnManagerInitialize () (at Assets/ProjectChimera/Systems/Economy/TradingManager.cs:74)
ProjectChimera.Core.ChimeraManager.InitializeManager () (at Assets/ProjectChimera/Core/ChimeraManager.cs:149)
ProjectChimera.Core.ChimeraManager.Initialize () (at Assets/ProjectChimera/Core/ChimeraManager.cs:124)
ProjectChimera.Core.ChimeraManager.Awake () (at Assets/ProjectChimera/Core/ChimeraManager.cs:114)
UnityEngine.GameObject:AddComponent()
ProjectChimera.Testing.Economy.PC011IntegrationTests:SetUp() (at Assets/ProjectChimera/Testing/Economy/PC011IntegrationTests.cs:43)
System.Reflection.MethodBase:Invoke(Object, Object[])
NUnit.Framework.Internal.Reflect:InvokeMethod(MethodInfo, Object, Object[])
NUnit.Framework.Internal.Reflect:InvokeMethod(MethodInfo, Object)
UnityEngine.SetupCoroutine:InvokeMoveNext(IEnumerator, IntPtr) (at /Users/bokken/build/output/unity/unity/Runtime/Export/Scripting/Coroutines.cs:17)

]]></stack-trace>
                </failure>
                <output><![CDATA[[Chimera][GameManager] AudioFocusHandler already exists
[Chimera][GameManager] Settings Manager not assigned
[CultivationManager] Initializing cultivation systems...
[CultivationManager] Initialized. Max plants: 50, Auto-growth: True
NullReferenceException: Object reference not set to an instance of an object
ProjectChimera.Systems.Economy.TradingManager.InitializePlayerInventory () (at Assets/ProjectChimera/Systems/Economy/TradingManager.cs:414)
ProjectChimera.Systems.Economy.TradingManager.OnManagerInitialize () (at Assets/ProjectChimera/Systems/Economy/TradingManager.cs:74)
ProjectChimera.Core.ChimeraManager.InitializeManager () (at Assets/ProjectChimera/Core/ChimeraManager.cs:149)
ProjectChimera.Core.ChimeraManager.Initialize () (at Assets/ProjectChimera/Core/ChimeraManager.cs:124)
ProjectChimera.Core.ChimeraManager.Awake () (at Assets/ProjectChimera/Core/ChimeraManager.cs:114)
UnityEngine.GameObject:AddComponent()
ProjectChimera.Testing.Economy.PC011IntegrationTests:SetUp() (at Assets/ProjectChimera/Testing/Economy/PC011IntegrationTests.cs:43)
System.Reflection.MethodBase:Invoke(Object, Object[])
NUnit.Framework.Internal.Reflect:InvokeMethod(MethodInfo, Object, Object[])
NUnit.Framework.Internal.Reflect:InvokeMethod(MethodInfo, Object)
UnityEngine.SetupCoroutine:InvokeMoveNext(IEnumerator, IntPtr) (at /Users/bokken/build/output/unity/unity/Runtime/Export/Scripting/Coroutines.cs:17)

MarketManager initialized successfully
TestStrainData must be instantiated using the ScriptableObject.CreateInstance method instead of new TestStrainData.
[Chimera] ScriptableObject of type TestStrainData has no name assigned.
[Chimera] PlantStrainSO '' has no base species assigned.
[Chimera] PlantStrainSO '' has no strain name assigned.
TestGenotypeData must be instantiated using the ScriptableObject.CreateInstance method instead of new TestGenotypeData.
[Chimera] ScriptableObject of type TestGenotypeData has no name assigned.
[Chimera] GenotypeDataSO '' has no species assigned.
[Chimera] GenotypeDataSO '' has no gene pairs defined.
[PC011IntegrationTests] Test setup completed
[Chimera][TradingManager] Manager is not initialized
[CultivationManager] Shutting down cultivation systems...
[CultivationManager] Saving states for 0 plants...
]]></output>
              </test-case>
              <test-case id="1071" name="Test_09_PerformanceWithLargeDataset" fullname="ProjectChimera.Testing.Economy.PC011IntegrationTests.Test_09_PerformanceWithLargeDataset" methodname="Test_09_PerformanceWithLargeDataset" classname="ProjectChimera.Testing.Economy.PC011IntegrationTests" runstate="Runnable" seed="1158436877" result="Failed" start-time="2025-07-24 00:15:46Z" end-time="2025-07-24 00:15:46Z" duration="0.005540" asserts="0">
                <properties>
                  <property name="retryIteration" value="0" />
                  <property name="repeatIteration" value="0" />
                </properties>
                <failure>
                  <message><![CDATA[SetUp : Unhandled log message: '[Exception] NullReferenceException: Object reference not set to an instance of an object'. Use UnityEngine.TestTools.LogAssert.Expect]]></message>
                  <stack-trace><![CDATA[ProjectChimera.Systems.Economy.TradingManager.InitializePlayerInventory () (at Assets/ProjectChimera/Systems/Economy/TradingManager.cs:414)
ProjectChimera.Systems.Economy.TradingManager.OnManagerInitialize () (at Assets/ProjectChimera/Systems/Economy/TradingManager.cs:74)
ProjectChimera.Core.ChimeraManager.InitializeManager () (at Assets/ProjectChimera/Core/ChimeraManager.cs:149)
ProjectChimera.Core.ChimeraManager.Initialize () (at Assets/ProjectChimera/Core/ChimeraManager.cs:124)
ProjectChimera.Core.ChimeraManager.Awake () (at Assets/ProjectChimera/Core/ChimeraManager.cs:114)
UnityEngine.GameObject:AddComponent()
ProjectChimera.Testing.Economy.PC011IntegrationTests:SetUp() (at Assets/ProjectChimera/Testing/Economy/PC011IntegrationTests.cs:43)
System.Reflection.MethodBase:Invoke(Object, Object[])
NUnit.Framework.Internal.Reflect:InvokeMethod(MethodInfo, Object, Object[])
NUnit.Framework.Internal.Reflect:InvokeMethod(MethodInfo, Object)
UnityEngine.SetupCoroutine:InvokeMoveNext(IEnumerator, IntPtr) (at /Users/bokken/build/output/unity/unity/Runtime/Export/Scripting/Coroutines.cs:17)

]]></stack-trace>
                </failure>
                <output><![CDATA[[Chimera][GameManager] AudioFocusHandler already exists
[Chimera][GameManager] Settings Manager not assigned
[CultivationManager] Initializing cultivation systems...
[CultivationManager] Initialized. Max plants: 50, Auto-growth: True
NullReferenceException: Object reference not set to an instance of an object
ProjectChimera.Systems.Economy.TradingManager.InitializePlayerInventory () (at Assets/ProjectChimera/Systems/Economy/TradingManager.cs:414)
ProjectChimera.Systems.Economy.TradingManager.OnManagerInitialize () (at Assets/ProjectChimera/Systems/Economy/TradingManager.cs:74)
ProjectChimera.Core.ChimeraManager.InitializeManager () (at Assets/ProjectChimera/Core/ChimeraManager.cs:149)
ProjectChimera.Core.ChimeraManager.Initialize () (at Assets/ProjectChimera/Core/ChimeraManager.cs:124)
ProjectChimera.Core.ChimeraManager.Awake () (at Assets/ProjectChimera/Core/ChimeraManager.cs:114)
UnityEngine.GameObject:AddComponent()
ProjectChimera.Testing.Economy.PC011IntegrationTests:SetUp() (at Assets/ProjectChimera/Testing/Economy/PC011IntegrationTests.cs:43)
System.Reflection.MethodBase:Invoke(Object, Object[])
NUnit.Framework.Internal.Reflect:InvokeMethod(MethodInfo, Object, Object[])
NUnit.Framework.Internal.Reflect:InvokeMethod(MethodInfo, Object)
UnityEngine.SetupCoroutine:InvokeMoveNext(IEnumerator, IntPtr) (at /Users/bokken/build/output/unity/unity/Runtime/Export/Scripting/Coroutines.cs:17)

MarketManager initialized successfully
TestStrainData must be instantiated using the ScriptableObject.CreateInstance method instead of new TestStrainData.
[Chimera] ScriptableObject of type TestStrainData has no name assigned.
[Chimera] PlantStrainSO '' has no base species assigned.
[Chimera] PlantStrainSO '' has no strain name assigned.
TestGenotypeData must be instantiated using the ScriptableObject.CreateInstance method instead of new TestGenotypeData.
[Chimera] ScriptableObject of type TestGenotypeData has no name assigned.
[Chimera] GenotypeDataSO '' has no species assigned.
[Chimera] GenotypeDataSO '' has no gene pairs defined.
[PC011IntegrationTests] Test setup completed
[Chimera][TradingManager] Manager is not initialized
[CultivationManager] Shutting down cultivation systems...
[CultivationManager] Saving states for 0 plants...
]]></output>
              </test-case>
              <test-case id="1072" name="Test_10_StressTestScenarios" fullname="ProjectChimera.Testing.Economy.PC011IntegrationTests.Test_10_StressTestScenarios" methodname="Test_10_StressTestScenarios" classname="ProjectChimera.Testing.Economy.PC011IntegrationTests" runstate="Runnable" seed="1813258849" result="Failed" start-time="2025-07-24 00:15:46Z" end-time="2025-07-24 00:15:46Z" duration="0.005567" asserts="0">
                <properties>
                  <property name="retryIteration" value="0" />
                  <property name="repeatIteration" value="0" />
                </properties>
                <failure>
                  <message><![CDATA[SetUp : Unhandled log message: '[Exception] NullReferenceException: Object reference not set to an instance of an object'. Use UnityEngine.TestTools.LogAssert.Expect]]></message>
                  <stack-trace><![CDATA[ProjectChimera.Systems.Economy.TradingManager.InitializePlayerInventory () (at Assets/ProjectChimera/Systems/Economy/TradingManager.cs:414)
ProjectChimera.Systems.Economy.TradingManager.OnManagerInitialize () (at Assets/ProjectChimera/Systems/Economy/TradingManager.cs:74)
ProjectChimera.Core.ChimeraManager.InitializeManager () (at Assets/ProjectChimera/Core/ChimeraManager.cs:149)
ProjectChimera.Core.ChimeraManager.Initialize () (at Assets/ProjectChimera/Core/ChimeraManager.cs:124)
ProjectChimera.Core.ChimeraManager.Awake () (at Assets/ProjectChimera/Core/ChimeraManager.cs:114)
UnityEngine.GameObject:AddComponent()
ProjectChimera.Testing.Economy.PC011IntegrationTests:SetUp() (at Assets/ProjectChimera/Testing/Economy/PC011IntegrationTests.cs:43)
System.Reflection.MethodBase:Invoke(Object, Object[])
NUnit.Framework.Internal.Reflect:InvokeMethod(MethodInfo, Object, Object[])
NUnit.Framework.Internal.Reflect:InvokeMethod(MethodInfo, Object)
UnityEngine.SetupCoroutine:InvokeMoveNext(IEnumerator, IntPtr) (at /Users/bokken/build/output/unity/unity/Runtime/Export/Scripting/Coroutines.cs:17)

]]></stack-trace>
                </failure>
                <output><![CDATA[[Chimera][GameManager] AudioFocusHandler already exists
[Chimera][GameManager] Settings Manager not assigned
[CultivationManager] Initializing cultivation systems...
[CultivationManager] Initialized. Max plants: 50, Auto-growth: True
NullReferenceException: Object reference not set to an instance of an object
ProjectChimera.Systems.Economy.TradingManager.InitializePlayerInventory () (at Assets/ProjectChimera/Systems/Economy/TradingManager.cs:414)
ProjectChimera.Systems.Economy.TradingManager.OnManagerInitialize () (at Assets/ProjectChimera/Systems/Economy/TradingManager.cs:74)
ProjectChimera.Core.ChimeraManager.InitializeManager () (at Assets/ProjectChimera/Core/ChimeraManager.cs:149)
ProjectChimera.Core.ChimeraManager.Initialize () (at Assets/ProjectChimera/Core/ChimeraManager.cs:124)
ProjectChimera.Core.ChimeraManager.Awake () (at Assets/ProjectChimera/Core/ChimeraManager.cs:114)
UnityEngine.GameObject:AddComponent()
ProjectChimera.Testing.Economy.PC011IntegrationTests:SetUp() (at Assets/ProjectChimera/Testing/Economy/PC011IntegrationTests.cs:43)
System.Reflection.MethodBase:Invoke(Object, Object[])
NUnit.Framework.Internal.Reflect:InvokeMethod(MethodInfo, Object, Object[])
NUnit.Framework.Internal.Reflect:InvokeMethod(MethodInfo, Object)
UnityEngine.SetupCoroutine:InvokeMoveNext(IEnumerator, IntPtr) (at /Users/bokken/build/output/unity/unity/Runtime/Export/Scripting/Coroutines.cs:17)

MarketManager initialized successfully
TestStrainData must be instantiated using the ScriptableObject.CreateInstance method instead of new TestStrainData.
[Chimera] ScriptableObject of type TestStrainData has no name assigned.
[Chimera] PlantStrainSO '' has no base species assigned.
[Chimera] PlantStrainSO '' has no strain name assigned.
TestGenotypeData must be instantiated using the ScriptableObject.CreateInstance method instead of new TestGenotypeData.
[Chimera] ScriptableObject of type TestGenotypeData has no name assigned.
[Chimera] GenotypeDataSO '' has no species assigned.
[Chimera] GenotypeDataSO '' has no gene pairs defined.
[PC011IntegrationTests] Test setup completed
[Chimera][TradingManager] Manager is not initialized
[CultivationManager] Shutting down cultivation systems...
[CultivationManager] Saving states for 0 plants...
]]></output>
              </test-case>
            </test-suite>
            <test-suite type="TestFixture" id="1073" name="PC011SeasonalMarketTests" fullname="ProjectChimera.Testing.Economy.PC011SeasonalMarketTests" classname="ProjectChimera.Testing.Economy.PC011SeasonalMarketTests" runstate="Runnable" testcasecount="7" result="Failed" site="Child" start-time="2025-07-24 00:15:46Z" end-time="2025-07-24 00:15:46Z" duration="0.027473" total="7" passed="0" failed="7" inconclusive="0" skipped="0" asserts="0">
              <properties />
              <failure>
                <message><![CDATA[One or more child tests had errors]]></message>
              </failure>
              <test-case id="1074" name="Test_01_SeasonalPriceVariations" fullname="ProjectChimera.Testing.Economy.PC011SeasonalMarketTests.Test_01_SeasonalPriceVariations" methodname="Test_01_SeasonalPriceVariations" classname="ProjectChimera.Testing.Economy.PC011SeasonalMarketTests" runstate="Runnable" seed="1795854531" result="Failed" start-time="2025-07-24 00:15:46Z" end-time="2025-07-24 00:15:46Z" duration="0.003582" asserts="0">
                <properties>
                  <property name="retryIteration" value="0" />
                  <property name="repeatIteration" value="0" />
                </properties>
                <failure>
                  <message><![CDATA[SetUp : Unhandled log message: '[Exception] NullReferenceException: Object reference not set to an instance of an object'. Use UnityEngine.TestTools.LogAssert.Expect]]></message>
                  <stack-trace><![CDATA[ProjectChimera.Systems.Economy.TradingManager.InitializePlayerInventory () (at Assets/ProjectChimera/Systems/Economy/TradingManager.cs:414)
ProjectChimera.Systems.Economy.TradingManager.OnManagerInitialize () (at Assets/ProjectChimera/Systems/Economy/TradingManager.cs:74)
ProjectChimera.Core.ChimeraManager.InitializeManager () (at Assets/ProjectChimera/Core/ChimeraManager.cs:149)
ProjectChimera.Core.ChimeraManager.Initialize () (at Assets/ProjectChimera/Core/ChimeraManager.cs:124)
ProjectChimera.Core.ChimeraManager.Awake () (at Assets/ProjectChimera/Core/ChimeraManager.cs:114)
UnityEngine.GameObject:AddComponent()
ProjectChimera.Testing.Economy.PC011SeasonalMarketTests:SetUp() (at Assets/ProjectChimera/Testing/Economy/PC011SeasonalMarketTests.cs:51)
System.Reflection.MethodBase:Invoke(Object, Object[])
NUnit.Framework.Internal.Reflect:InvokeMethod(MethodInfo, Object, Object[])
NUnit.Framework.Internal.Reflect:InvokeMethod(MethodInfo, Object)
UnityEngine.SetupCoroutine:InvokeMoveNext(IEnumerator, IntPtr) (at /Users/bokken/build/output/unity/unity/Runtime/Export/Scripting/Coroutines.cs:17)

]]></stack-trace>
                </failure>
                <output><![CDATA[[Chimera][GameManager] AudioFocusHandler already exists
[Chimera][GameManager] Settings Manager not assigned
MarketManager initialized successfully
NullReferenceException: Object reference not set to an instance of an object
ProjectChimera.Systems.Economy.TradingManager.InitializePlayerInventory () (at Assets/ProjectChimera/Systems/Economy/TradingManager.cs:414)
ProjectChimera.Systems.Economy.TradingManager.OnManagerInitialize () (at Assets/ProjectChimera/Systems/Economy/TradingManager.cs:74)
ProjectChimera.Core.ChimeraManager.InitializeManager () (at Assets/ProjectChimera/Core/ChimeraManager.cs:149)
ProjectChimera.Core.ChimeraManager.Initialize () (at Assets/ProjectChimera/Core/ChimeraManager.cs:124)
ProjectChimera.Core.ChimeraManager.Awake () (at Assets/ProjectChimera/Core/ChimeraManager.cs:114)
UnityEngine.GameObject:AddComponent()
ProjectChimera.Testing.Economy.PC011SeasonalMarketTests:SetUp() (at Assets/ProjectChimera/Testing/Economy/PC011SeasonalMarketTests.cs:51)
System.Reflection.MethodBase:Invoke(Object, Object[])
NUnit.Framework.Internal.Reflect:InvokeMethod(MethodInfo, Object, Object[])
NUnit.Framework.Internal.Reflect:InvokeMethod(MethodInfo, Object)
UnityEngine.SetupCoroutine:InvokeMoveNext(IEnumerator, IntPtr) (at /Users/bokken/build/output/unity/unity/Runtime/Export/Scripting/Coroutines.cs:17)

[Chimera] ScriptableObject of type MarketProductSO has no name assigned.
[PC011SeasonalMarketTests] Test setup completed
[Chimera][TradingManager] Manager is not initialized
]]></output>
              </test-case>
              <test-case id="1075" name="Test_02_MarketEventSystem" fullname="ProjectChimera.Testing.Economy.PC011SeasonalMarketTests.Test_02_MarketEventSystem" methodname="Test_02_MarketEventSystem" classname="ProjectChimera.Testing.Economy.PC011SeasonalMarketTests" runstate="Runnable" seed="1631163915" result="Failed" start-time="2025-07-24 00:15:46Z" end-time="2025-07-24 00:15:46Z" duration="0.002554" asserts="0">
                <properties>
                  <property name="retryIteration" value="0" />
                  <property name="repeatIteration" value="0" />
                </properties>
                <failure>
                  <message><![CDATA[SetUp : Unhandled log message: '[Exception] NullReferenceException: Object reference not set to an instance of an object'. Use UnityEngine.TestTools.LogAssert.Expect]]></message>
                  <stack-trace><![CDATA[ProjectChimera.Systems.Economy.TradingManager.InitializePlayerInventory () (at Assets/ProjectChimera/Systems/Economy/TradingManager.cs:414)
ProjectChimera.Systems.Economy.TradingManager.OnManagerInitialize () (at Assets/ProjectChimera/Systems/Economy/TradingManager.cs:74)
ProjectChimera.Core.ChimeraManager.InitializeManager () (at Assets/ProjectChimera/Core/ChimeraManager.cs:149)
ProjectChimera.Core.ChimeraManager.Initialize () (at Assets/ProjectChimera/Core/ChimeraManager.cs:124)
ProjectChimera.Core.ChimeraManager.Awake () (at Assets/ProjectChimera/Core/ChimeraManager.cs:114)
UnityEngine.GameObject:AddComponent()
ProjectChimera.Testing.Economy.PC011SeasonalMarketTests:SetUp() (at Assets/ProjectChimera/Testing/Economy/PC011SeasonalMarketTests.cs:51)
System.Reflection.MethodBase:Invoke(Object, Object[])
NUnit.Framework.Internal.Reflect:InvokeMethod(MethodInfo, Object, Object[])
NUnit.Framework.Internal.Reflect:InvokeMethod(MethodInfo, Object)
UnityEngine.SetupCoroutine:InvokeMoveNext(IEnumerator, IntPtr) (at /Users/bokken/build/output/unity/unity/Runtime/Export/Scripting/Coroutines.cs:17)

]]></stack-trace>
                </failure>
                <output><![CDATA[[Chimera][GameManager] AudioFocusHandler already exists
[Chimera][GameManager] Settings Manager not assigned
MarketManager initialized successfully
NullReferenceException: Object reference not set to an instance of an object
ProjectChimera.Systems.Economy.TradingManager.InitializePlayerInventory () (at Assets/ProjectChimera/Systems/Economy/TradingManager.cs:414)
ProjectChimera.Systems.Economy.TradingManager.OnManagerInitialize () (at Assets/ProjectChimera/Systems/Economy/TradingManager.cs:74)
ProjectChimera.Core.ChimeraManager.InitializeManager () (at Assets/ProjectChimera/Core/ChimeraManager.cs:149)
ProjectChimera.Core.ChimeraManager.Initialize () (at Assets/ProjectChimera/Core/ChimeraManager.cs:124)
ProjectChimera.Core.ChimeraManager.Awake () (at Assets/ProjectChimera/Core/ChimeraManager.cs:114)
UnityEngine.GameObject:AddComponent()
ProjectChimera.Testing.Economy.PC011SeasonalMarketTests:SetUp() (at Assets/ProjectChimera/Testing/Economy/PC011SeasonalMarketTests.cs:51)
System.Reflection.MethodBase:Invoke(Object, Object[])
NUnit.Framework.Internal.Reflect:InvokeMethod(MethodInfo, Object, Object[])
NUnit.Framework.Internal.Reflect:InvokeMethod(MethodInfo, Object)
UnityEngine.SetupCoroutine:InvokeMoveNext(IEnumerator, IntPtr) (at /Users/bokken/build/output/unity/unity/Runtime/Export/Scripting/Coroutines.cs:17)

[Chimera] ScriptableObject of type MarketProductSO has no name assigned.
[PC011SeasonalMarketTests] Test setup completed
[Chimera][TradingManager] Manager is not initialized
]]></output>
              </test-case>
              <test-case id="1076" name="Test_03_RegulatoryChangeEvents" fullname="ProjectChimera.Testing.Economy.PC011SeasonalMarketTests.Test_03_RegulatoryChangeEvents" methodname="Test_03_RegulatoryChangeEvents" classname="ProjectChimera.Testing.Economy.PC011SeasonalMarketTests" runstate="Runnable" seed="1274265261" result="Failed" start-time="2025-07-24 00:15:46Z" end-time="2025-07-24 00:15:46Z" duration="0.002568" asserts="0">
                <properties>
                  <property name="retryIteration" value="0" />
                  <property name="repeatIteration" value="0" />
                </properties>
                <failure>
                  <message><![CDATA[SetUp : Unhandled log message: '[Exception] NullReferenceException: Object reference not set to an instance of an object'. Use UnityEngine.TestTools.LogAssert.Expect]]></message>
                  <stack-trace><![CDATA[ProjectChimera.Systems.Economy.TradingManager.InitializePlayerInventory () (at Assets/ProjectChimera/Systems/Economy/TradingManager.cs:414)
ProjectChimera.Systems.Economy.TradingManager.OnManagerInitialize () (at Assets/ProjectChimera/Systems/Economy/TradingManager.cs:74)
ProjectChimera.Core.ChimeraManager.InitializeManager () (at Assets/ProjectChimera/Core/ChimeraManager.cs:149)
ProjectChimera.Core.ChimeraManager.Initialize () (at Assets/ProjectChimera/Core/ChimeraManager.cs:124)
ProjectChimera.Core.ChimeraManager.Awake () (at Assets/ProjectChimera/Core/ChimeraManager.cs:114)
UnityEngine.GameObject:AddComponent()
ProjectChimera.Testing.Economy.PC011SeasonalMarketTests:SetUp() (at Assets/ProjectChimera/Testing/Economy/PC011SeasonalMarketTests.cs:51)
System.Reflection.MethodBase:Invoke(Object, Object[])
NUnit.Framework.Internal.Reflect:InvokeMethod(MethodInfo, Object, Object[])
NUnit.Framework.Internal.Reflect:InvokeMethod(MethodInfo, Object)
UnityEngine.SetupCoroutine:InvokeMoveNext(IEnumerator, IntPtr) (at /Users/bokken/build/output/unity/unity/Runtime/Export/Scripting/Coroutines.cs:17)

]]></stack-trace>
                </failure>
                <output><![CDATA[[Chimera][GameManager] AudioFocusHandler already exists
[Chimera][GameManager] Settings Manager not assigned
MarketManager initialized successfully
NullReferenceException: Object reference not set to an instance of an object
ProjectChimera.Systems.Economy.TradingManager.InitializePlayerInventory () (at Assets/ProjectChimera/Systems/Economy/TradingManager.cs:414)
ProjectChimera.Systems.Economy.TradingManager.OnManagerInitialize () (at Assets/ProjectChimera/Systems/Economy/TradingManager.cs:74)
ProjectChimera.Core.ChimeraManager.InitializeManager () (at Assets/ProjectChimera/Core/ChimeraManager.cs:149)
ProjectChimera.Core.ChimeraManager.Initialize () (at Assets/ProjectChimera/Core/ChimeraManager.cs:124)
ProjectChimera.Core.ChimeraManager.Awake () (at Assets/ProjectChimera/Core/ChimeraManager.cs:114)
UnityEngine.GameObject:AddComponent()
ProjectChimera.Testing.Economy.PC011SeasonalMarketTests:SetUp() (at Assets/ProjectChimera/Testing/Economy/PC011SeasonalMarketTests.cs:51)
System.Reflection.MethodBase:Invoke(Object, Object[])
NUnit.Framework.Internal.Reflect:InvokeMethod(MethodInfo, Object, Object[])
NUnit.Framework.Internal.Reflect:InvokeMethod(MethodInfo, Object)
UnityEngine.SetupCoroutine:InvokeMoveNext(IEnumerator, IntPtr) (at /Users/bokken/build/output/unity/unity/Runtime/Export/Scripting/Coroutines.cs:17)

[Chimera] ScriptableObject of type MarketProductSO has no name assigned.
[PC011SeasonalMarketTests] Test setup completed
[Chimera][TradingManager] Manager is not initialized
]]></output>
              </test-case>
              <test-case id="1077" name="Test_04_SeasonalDemandCurves" fullname="ProjectChimera.Testing.Economy.PC011SeasonalMarketTests.Test_04_SeasonalDemandCurves" methodname="Test_04_SeasonalDemandCurves" classname="ProjectChimera.Testing.Economy.PC011SeasonalMarketTests" runstate="Runnable" seed="1899285963" result="Failed" start-time="2025-07-24 00:15:46Z" end-time="2025-07-24 00:15:46Z" duration="0.002516" asserts="0">
                <properties>
                  <property name="retryIteration" value="0" />
                  <property name="repeatIteration" value="0" />
                </properties>
                <failure>
                  <message><![CDATA[SetUp : Unhandled log message: '[Exception] NullReferenceException: Object reference not set to an instance of an object'. Use UnityEngine.TestTools.LogAssert.Expect]]></message>
                  <stack-trace><![CDATA[ProjectChimera.Systems.Economy.TradingManager.InitializePlayerInventory () (at Assets/ProjectChimera/Systems/Economy/TradingManager.cs:414)
ProjectChimera.Systems.Economy.TradingManager.OnManagerInitialize () (at Assets/ProjectChimera/Systems/Economy/TradingManager.cs:74)
ProjectChimera.Core.ChimeraManager.InitializeManager () (at Assets/ProjectChimera/Core/ChimeraManager.cs:149)
ProjectChimera.Core.ChimeraManager.Initialize () (at Assets/ProjectChimera/Core/ChimeraManager.cs:124)
ProjectChimera.Core.ChimeraManager.Awake () (at Assets/ProjectChimera/Core/ChimeraManager.cs:114)
UnityEngine.GameObject:AddComponent()
ProjectChimera.Testing.Economy.PC011SeasonalMarketTests:SetUp() (at Assets/ProjectChimera/Testing/Economy/PC011SeasonalMarketTests.cs:51)
System.Reflection.MethodBase:Invoke(Object, Object[])
NUnit.Framework.Internal.Reflect:InvokeMethod(MethodInfo, Object, Object[])
NUnit.Framework.Internal.Reflect:InvokeMethod(MethodInfo, Object)
UnityEngine.SetupCoroutine:InvokeMoveNext(IEnumerator, IntPtr) (at /Users/bokken/build/output/unity/unity/Runtime/Export/Scripting/Coroutines.cs:17)

]]></stack-trace>
                </failure>
                <output><![CDATA[[Chimera][GameManager] AudioFocusHandler already exists
[Chimera][GameManager] Settings Manager not assigned
MarketManager initialized successfully
NullReferenceException: Object reference not set to an instance of an object
ProjectChimera.Systems.Economy.TradingManager.InitializePlayerInventory () (at Assets/ProjectChimera/Systems/Economy/TradingManager.cs:414)
ProjectChimera.Systems.Economy.TradingManager.OnManagerInitialize () (at Assets/ProjectChimera/Systems/Economy/TradingManager.cs:74)
ProjectChimera.Core.ChimeraManager.InitializeManager () (at Assets/ProjectChimera/Core/ChimeraManager.cs:149)
ProjectChimera.Core.ChimeraManager.Initialize () (at Assets/ProjectChimera/Core/ChimeraManager.cs:124)
ProjectChimera.Core.ChimeraManager.Awake () (at Assets/ProjectChimera/Core/ChimeraManager.cs:114)
UnityEngine.GameObject:AddComponent()
ProjectChimera.Testing.Economy.PC011SeasonalMarketTests:SetUp() (at Assets/ProjectChimera/Testing/Economy/PC011SeasonalMarketTests.cs:51)
System.Reflection.MethodBase:Invoke(Object, Object[])
NUnit.Framework.Internal.Reflect:InvokeMethod(MethodInfo, Object, Object[])
NUnit.Framework.Internal.Reflect:InvokeMethod(MethodInfo, Object)
UnityEngine.SetupCoroutine:InvokeMoveNext(IEnumerator, IntPtr) (at /Users/bokken/build/output/unity/unity/Runtime/Export/Scripting/Coroutines.cs:17)

[Chimera] ScriptableObject of type MarketProductSO has no name assigned.
[PC011SeasonalMarketTests] Test setup completed
[Chimera][TradingManager] Manager is not initialized
]]></output>
              </test-case>
              <test-case id="1078" name="Test_05_MarketVolatilityEvents" fullname="ProjectChimera.Testing.Economy.PC011SeasonalMarketTests.Test_05_MarketVolatilityEvents" methodname="Test_05_MarketVolatilityEvents" classname="ProjectChimera.Testing.Economy.PC011SeasonalMarketTests" runstate="Runnable" seed="61661459" result="Failed" start-time="2025-07-24 00:15:46Z" end-time="2025-07-24 00:15:46Z" duration="0.002532" asserts="0">
                <properties>
                  <property name="retryIteration" value="0" />
                  <property name="repeatIteration" value="0" />
                </properties>
                <failure>
                  <message><![CDATA[SetUp : Unhandled log message: '[Exception] NullReferenceException: Object reference not set to an instance of an object'. Use UnityEngine.TestTools.LogAssert.Expect]]></message>
                  <stack-trace><![CDATA[ProjectChimera.Systems.Economy.TradingManager.InitializePlayerInventory () (at Assets/ProjectChimera/Systems/Economy/TradingManager.cs:414)
ProjectChimera.Systems.Economy.TradingManager.OnManagerInitialize () (at Assets/ProjectChimera/Systems/Economy/TradingManager.cs:74)
ProjectChimera.Core.ChimeraManager.InitializeManager () (at Assets/ProjectChimera/Core/ChimeraManager.cs:149)
ProjectChimera.Core.ChimeraManager.Initialize () (at Assets/ProjectChimera/Core/ChimeraManager.cs:124)
ProjectChimera.Core.ChimeraManager.Awake () (at Assets/ProjectChimera/Core/ChimeraManager.cs:114)
UnityEngine.GameObject:AddComponent()
ProjectChimera.Testing.Economy.PC011SeasonalMarketTests:SetUp() (at Assets/ProjectChimera/Testing/Economy/PC011SeasonalMarketTests.cs:51)
System.Reflection.MethodBase:Invoke(Object, Object[])
NUnit.Framework.Internal.Reflect:InvokeMethod(MethodInfo, Object, Object[])
NUnit.Framework.Internal.Reflect:InvokeMethod(MethodInfo, Object)
UnityEngine.SetupCoroutine:InvokeMoveNext(IEnumerator, IntPtr) (at /Users/bokken/build/output/unity/unity/Runtime/Export/Scripting/Coroutines.cs:17)

]]></stack-trace>
                </failure>
                <output><![CDATA[[Chimera][GameManager] AudioFocusHandler already exists
[Chimera][GameManager] Settings Manager not assigned
MarketManager initialized successfully
NullReferenceException: Object reference not set to an instance of an object
ProjectChimera.Systems.Economy.TradingManager.InitializePlayerInventory () (at Assets/ProjectChimera/Systems/Economy/TradingManager.cs:414)
ProjectChimera.Systems.Economy.TradingManager.OnManagerInitialize () (at Assets/ProjectChimera/Systems/Economy/TradingManager.cs:74)
ProjectChimera.Core.ChimeraManager.InitializeManager () (at Assets/ProjectChimera/Core/ChimeraManager.cs:149)
ProjectChimera.Core.ChimeraManager.Initialize () (at Assets/ProjectChimera/Core/ChimeraManager.cs:124)
ProjectChimera.Core.ChimeraManager.Awake () (at Assets/ProjectChimera/Core/ChimeraManager.cs:114)
UnityEngine.GameObject:AddComponent()
ProjectChimera.Testing.Economy.PC011SeasonalMarketTests:SetUp() (at Assets/ProjectChimera/Testing/Economy/PC011SeasonalMarketTests.cs:51)
System.Reflection.MethodBase:Invoke(Object, Object[])
NUnit.Framework.Internal.Reflect:InvokeMethod(MethodInfo, Object, Object[])
NUnit.Framework.Internal.Reflect:InvokeMethod(MethodInfo, Object)
UnityEngine.SetupCoroutine:InvokeMoveNext(IEnumerator, IntPtr) (at /Users/bokken/build/output/unity/unity/Runtime/Export/Scripting/Coroutines.cs:17)

[Chimera] ScriptableObject of type MarketProductSO has no name assigned.
[PC011SeasonalMarketTests] Test setup completed
[Chimera][TradingManager] Manager is not initialized
]]></output>
              </test-case>
              <test-case id="1079" name="Test_06_CompoundingSeasonalEffects" fullname="ProjectChimera.Testing.Economy.PC011SeasonalMarketTests.Test_06_CompoundingSeasonalEffects" methodname="Test_06_CompoundingSeasonalEffects" classname="ProjectChimera.Testing.Economy.PC011SeasonalMarketTests" runstate="Runnable" seed="23713143" result="Failed" start-time="2025-07-24 00:15:46Z" end-time="2025-07-24 00:15:46Z" duration="0.002519" asserts="0">
                <properties>
                  <property name="retryIteration" value="0" />
                  <property name="repeatIteration" value="0" />
                </properties>
                <failure>
                  <message><![CDATA[SetUp : Unhandled log message: '[Exception] NullReferenceException: Object reference not set to an instance of an object'. Use UnityEngine.TestTools.LogAssert.Expect]]></message>
                  <stack-trace><![CDATA[ProjectChimera.Systems.Economy.TradingManager.InitializePlayerInventory () (at Assets/ProjectChimera/Systems/Economy/TradingManager.cs:414)
ProjectChimera.Systems.Economy.TradingManager.OnManagerInitialize () (at Assets/ProjectChimera/Systems/Economy/TradingManager.cs:74)
ProjectChimera.Core.ChimeraManager.InitializeManager () (at Assets/ProjectChimera/Core/ChimeraManager.cs:149)
ProjectChimera.Core.ChimeraManager.Initialize () (at Assets/ProjectChimera/Core/ChimeraManager.cs:124)
[...]
                <properties>
                  <property name="retryIteration" value="0" />
                  <property name="repeatIteration" value="0" />
                </properties>
                <failure>
                  <message><![CDATA[SetUp : Unhandled log message: '[Error] [Chimera][PlantManager] CultivationManager not found! PlantManager requires CultivationManager as data source.'. Use UnityEngine.TestTools.LogAssert.Expect]]></message>
                  <stack-trace><![CDATA[ProjectChimera.Core.ChimeraMonoBehaviour:LogError (string) (at Assets/ProjectChimera/Core/ChimeraMonoBehaviour.cs:141)
ProjectChimera.Systems.Cultivation.PlantManager:OnManagerInitialize () (at Assets/ProjectChimera/Systems/Cultivation/PlantManager.cs:124)
ProjectChimera.Core.ChimeraManager:InitializeManager () (at Assets/ProjectChimera/Core/ChimeraManager.cs:149)
ProjectChimera.Core.ChimeraManager:Initialize () (at Assets/ProjectChimera/Core/ChimeraManager.cs:124)
ProjectChimera.Core.ChimeraManager:Awake () (at Assets/ProjectChimera/Core/ChimeraManager.cs:114)
UnityEngine.GameObject:AddComponent<ProjectChimera.Systems.Cultivation.PlantManager> ()
ProjectChimera.Testing.Core.ChimeraTestBase:CreateTestManager<ProjectChimera.Systems.Cultivation.PlantManager> () (at Assets/ProjectChimera/Testing/Core/ChimeraTestBase.cs:81)
ProjectChimera.Testing.Systems.PlantManagerServiceIntegrationTests:SetUp () (at Assets/ProjectChimera/Testing/Systems/PlantManagerServiceIntegrationTests.cs:40)
System.Reflection.MethodBase:Invoke (object,object[])
NUnit.Framework.Internal.Reflect:InvokeMethod (System.Reflection.MethodInfo,object,object[])
NUnit.Framework.Internal.Reflect:InvokeMethod (System.Reflection.MethodInfo,object)
UnityEngine.SetupCoroutine:InvokeMoveNext (System.Collections.IEnumerator,intptr) (at /Users/bokken/build/output/unity/unity/Runtime/Export/Scripting/Coroutines.cs:17)

]]></stack-trace>
                </failure>
                <output><![CDATA[[CultivationManager] Initializing cultivation systems...
[CultivationManager] Initialized. Max plants: 50, Auto-growth: True
[Chimera][PlantManager] CultivationManager not found! PlantManager requires CultivationManager as data source.
[Chimera] ScriptableObject of type PlantStrainSO has no name assigned.
[Chimera] PlantStrainSO '' has no base species assigned.
[Chimera] PlantStrainSO '' has no strain name assigned.
[Chimera][PlantInstance] Initialized plant PLANT_8DDCA25C3F056F6_7853 from strain TestStrain
[Chimera][PlantManager] PlantManager shutting down - CultivationManager handles plant cleanup
[CultivationManager] Shutting down cultivation systems...
[CultivationManager] Saving states for 0 plants...
]]></output>
              </test-case>
              <test-case id="1151" name="PlantManager_ServiceIntegrationWithStressSystem" fullname="ProjectChimera.Testing.Systems.PlantManagerServiceIntegrationTests.PlantManager_ServiceIntegrationWithStressSystem" methodname="PlantManager_ServiceIntegrationWithStressSystem" classname="ProjectChimera.Testing.Systems.PlantManagerServiceIntegrationTests" runstate="Runnable" seed="714512660" result="Failed" start-time="2025-07-24 00:16:10Z" end-time="2025-07-24 00:16:10Z" duration="0.002872" asserts="0">
                <properties>
                  <property name="retryIteration" value="0" />
                  <property name="repeatIteration" value="0" />
                </properties>
                <failure>
                  <message><![CDATA[SetUp : Unhandled log message: '[Error] [Chimera][PlantManager] CultivationManager not found! PlantManager requires CultivationManager as data source.'. Use UnityEngine.TestTools.LogAssert.Expect]]></message>
                  <stack-trace><![CDATA[ProjectChimera.Core.ChimeraMonoBehaviour:LogError (string) (at Assets/ProjectChimera/Core/ChimeraMonoBehaviour.cs:141)
ProjectChimera.Systems.Cultivation.PlantManager:OnManagerInitialize () (at Assets/ProjectChimera/Systems/Cultivation/PlantManager.cs:124)
ProjectChimera.Core.ChimeraManager:InitializeManager () (at Assets/ProjectChimera/Core/ChimeraManager.cs:149)
ProjectChimera.Core.ChimeraManager:Initialize () (at Assets/ProjectChimera/Core/ChimeraManager.cs:124)
ProjectChimera.Core.ChimeraManager:Awake () (at Assets/ProjectChimera/Core/ChimeraManager.cs:114)
UnityEngine.GameObject:AddComponent<ProjectChimera.Systems.Cultivation.PlantManager> ()
ProjectChimera.Testing.Core.ChimeraTestBase:CreateTestManager<ProjectChimera.Systems.Cultivation.PlantManager> () (at Assets/ProjectChimera/Testing/Core/ChimeraTestBase.cs:81)
ProjectChimera.Testing.Systems.PlantManagerServiceIntegrationTests:SetUp () (at Assets/ProjectChimera/Testing/Systems/PlantManagerServiceIntegrationTests.cs:40)
System.Reflection.MethodBase:Invoke (object,object[])
NUnit.Framework.Internal.Reflect:InvokeMethod (System.Reflection.MethodInfo,object,object[])
NUnit.Framework.Internal.Reflect:InvokeMethod (System.Reflection.MethodInfo,object)
UnityEngine.SetupCoroutine:InvokeMoveNext (System.Collections.IEnumerator,intptr) (at /Users/bokken/build/output/unity/unity/Runtime/Export/Scripting/Coroutines.cs:17)

]]></stack-trace>
                </failure>
                <output><![CDATA[[CultivationManager] Initializing cultivation systems...
[CultivationManager] Initialized. Max plants: 50, Auto-growth: True
[Chimera][PlantManager] CultivationManager not found! PlantManager requires CultivationManager as data source.
[Chimera] ScriptableObject of type PlantStrainSO has no name assigned.
[Chimera] PlantStrainSO '' has no base species assigned.
[Chimera] PlantStrainSO '' has no strain name assigned.
[Chimera][PlantInstance] Initialized plant PLANT_8DDCA25C3F0CA3C_5421 from strain TestStrain
[Chimera][PlantManager] PlantManager shutting down - CultivationManager handles plant cleanup
[CultivationManager] Shutting down cultivation systems...
[CultivationManager] Saving states for 0 plants...
]]></output>
              </test-case>
              <test-case id="1143" name="PlantManager_ShutsDownSpecializedServices" fullname="ProjectChimera.Testing.Systems.PlantManagerServiceIntegrationTests.PlantManager_ShutsDownSpecializedServices" methodname="PlantManager_ShutsDownSpecializedServices" classname="ProjectChimera.Testing.Systems.PlantManagerServiceIntegrationTests" runstate="Runnable" seed="714862646" result="Failed" start-time="2025-07-24 00:16:10Z" end-time="2025-07-24 00:16:10Z" duration="0.002879" asserts="0">
                <properties>
                  <property name="retryIteration" value="0" />
                  <property name="repeatIteration" value="0" />
                </properties>
                <failure>
                  <message><![CDATA[SetUp : Unhandled log message: '[Error] [Chimera][PlantManager] CultivationManager not found! PlantManager requires CultivationManager as data source.'. Use UnityEngine.TestTools.LogAssert.Expect]]></message>
                  <stack-trace><![CDATA[ProjectChimera.Core.ChimeraMonoBehaviour:LogError (string) (at Assets/ProjectChimera/Core/ChimeraMonoBehaviour.cs:141)
ProjectChimera.Systems.Cultivation.PlantManager:OnManagerInitialize () (at Assets/ProjectChimera/Systems/Cultivation/PlantManager.cs:124)
ProjectChimera.Core.ChimeraManager:InitializeManager () (at Assets/ProjectChimera/Core/ChimeraManager.cs:149)
ProjectChimera.Core.ChimeraManager:Initialize () (at Assets/ProjectChimera/Core/ChimeraManager.cs:124)
ProjectChimera.Core.ChimeraManager:Awake () (at Assets/ProjectChimera/Core/ChimeraManager.cs:114)
UnityEngine.GameObject:AddComponent<ProjectChimera.Systems.Cultivation.PlantManager> ()
ProjectChimera.Testing.Core.ChimeraTestBase:CreateTestManager<ProjectChimera.Systems.Cultivation.PlantManager> () (at Assets/ProjectChimera/Testing/Core/ChimeraTestBase.cs:81)
ProjectChimera.Testing.Systems.PlantManagerServiceIntegrationTests:SetUp () (at Assets/ProjectChimera/Testing/Systems/PlantManagerServiceIntegrationTests.cs:40)
System.Reflection.MethodBase:Invoke (object,object[])
NUnit.Framework.Internal.Reflect:InvokeMethod (System.Reflection.MethodInfo,object,object[])
NUnit.Framework.Internal.Reflect:InvokeMethod (System.Reflection.MethodInfo,object)
UnityEngine.SetupCoroutine:InvokeMoveNext (System.Collections.IEnumerator,intptr) (at /Users/bokken/build/output/unity/unity/Runtime/Export/Scripting/Coroutines.cs:17)

]]></stack-trace>
                </failure>
                <output><![CDATA[[CultivationManager] Initializing cultivation systems...
[CultivationManager] Initialized. Max plants: 50, Auto-growth: True
[Chimera][PlantManager] CultivationManager not found! PlantManager requires CultivationManager as data source.
[Chimera] ScriptableObject of type PlantStrainSO has no name assigned.
[Chimera] PlantStrainSO '' has no base species assigned.
[Chimera] PlantStrainSO '' has no strain name assigned.
[Chimera][PlantInstance] Initialized plant PLANT_8DDCA25C3F13C7E_3389 from strain TestStrain
[Chimera][PlantManager] PlantManager shutting down - CultivationManager handles plant cleanup
[CultivationManager] Shutting down cultivation systems...
[CultivationManager] Saving states for 0 plants...
]]></output>
              </test-case>
            </test-suite>
            <test-suite type="TestFixture" id="1152" name="SceneGenerationIntegrationTest" fullname="ProjectChimera.Testing.Systems.SceneGenerationIntegrationTest" classname="ProjectChimera.Testing.Systems.SceneGenerationIntegrationTest" runstate="Runnable" testcasecount="5" result="Failed" site="Child" start-time="2025-07-24 00:16:10Z" end-time="2025-07-24 00:16:11Z" duration="0.573079" total="5" passed="4" failed="1" inconclusive="0" skipped="0" asserts="0">
              <properties />
              <failure>
                <message><![CDATA[One or more child tests had errors]]></message>
              </failure>
              <output><![CDATA[[Chimera][PlantInstance] Initialized plant PLANT_8DDCA25C3EC638E_6862 from strain TestStrain
[Chimera][PlantInstance] Initialized plant PLANT_8DDCA25C3ED19B4_9605 from strain TestStrain
[Chimera][PlantInstance] Initialized plant PLANT_8DDCA25C3EE131E_7875 from strain TestStrain
[Chimera][PlantInstance] Initialized plant PLANT_8DDCA25C3EE8920_3033 from strain TestStrain
[Chimera][PlantInstance] Initialized plant PLANT_8DDCA25C3EEFCDE_5773 from strain TestStrain
[Chimera][PlantInstance] Initialized plant PLANT_8DDCA25C3EF7024_1290 from strain TestStrain
[Chimera][PlantInstance] Initialized plant PLANT_8DDCA25C3EFE266_2977 from strain TestStrain
[Chimera][PlantInstance] Initialized plant PLANT_8DDCA25C3F056F6_7853 from strain TestStrain
[Chimera][PlantInstance] Initialized plant PLANT_8DDCA25C3F0CA3C_5421 from strain TestStrain
[Chimera][PlantInstance] Initialized plant PLANT_8DDCA25C3F13C7E_3389 from strain TestStrain
]]></output>
              <test-case id="1154" name="TestCompleteSceneGeneration" fullname="ProjectChimera.Testing.Systems.SceneGenerationIntegrationTest.TestCompleteSceneGeneration" methodname="TestCompleteSceneGeneration" classname="ProjectChimera.Testing.Systems.SceneGenerationIntegrationTest" runstate="Runnable" seed="655996682" result="Passed" start-time="2025-07-24 00:16:10Z" end-time="2025-07-24 00:16:11Z" duration="0.546882" asserts="0">
                <properties>
                  <property name="_JOINTYPE" value="UnityCombinatorial" />
                  <property name="retryIteration" value="0" />
                  <property name="repeatIteration" value="0" />
                </properties>
                <output><![CDATA[[20:16:10.653][Chimera][WARNING] Service TerrainGenerationService is enabled but not found
[20:16:10.654][Chimera][WARNING] Service BuildingGenerationService is enabled but not found
[20:16:10.654][Chimera][WARNING] Service VegetationGenerationService is enabled but not found
[20:16:10.654][Chimera][WARNING] Service EquipmentGenerationService is enabled but not found
[20:16:10.654][Chimera][WARNING] Service EnvironmentalGenerationService is enabled but not found
[20:16:10.654][Chimera][WARNING] Service DetailGenerationService is enabled but not found
[20:16:10.654][Chimera][DEBUG] ProceduralSceneOrchestrator initialized successfully
[20:16:10.664][Chimera][WARNING] ProceduralSceneOrchestrator already initialized
[20:16:10.668][Chimera][DEBUG] Starting complete scene generation for IndoorFacility facility (Size: (20, 20), Seed: 12345)
[20:16:10.669][Chimera][DEBUG] Starting generation phase: Terrain
[20:16:10.669][Chimera][DEBUG] Completed generation phase: Terrain in 0.00s
[20:16:10.775][Chimera][DEBUG] Starting generation phase: Buildings
[20:16:10.776][Chimera][DEBUG] Completed generation phase: Buildings in 0.00s
[20:16:10.880][Chimera][DEBUG] Starting generation phase: Vegetation
[20:16:10.880][Chimera][DEBUG] Completed generation phase: Vegetation in 0.00s
[20:16:10.984][Chimera][DEBUG] Starting generation phase: Equipment
[20:16:10.985][Chimera][DEBUG] Completed generation phase: Equipment in 0.00s
[20:16:11.087][Chimera][DEBUG] Starting generation phase: Environmental
[20:16:11.088][Chimera][DEBUG] Completed generation phase: Environmental in 0.00s
[20:16:11.192][Chimera][DEBUG] Starting generation phase: Details
[20:16:11.192][Chimera][DEBUG] Completed generation phase: Details in 0.00s
[20:16:11.195][Chimera][DEBUG] Scene generation report: 0 total objects generated
[20:16:11.196][Chimera][DEBUG] Complete scene generation finished in 0.53s
[20:16:11.196][Chimera][DEBUG] ProceduralSceneOrchestrator shutdown completed
]]></output>
              </test-case>
              <test-case id="1157" name="TestConfigurationUpdate" fullname="ProjectChimera.Testing.Systems.SceneGenerationIntegrationTest.TestConfigurationUpdate" methodname="TestConfigurationUpdate" classname="ProjectChimera.Testing.Systems.SceneGenerationIntegrationTest" runstate="Runnable" seed="741303052" result="Passed" start-time="2025-07-24 00:16:11Z" end-time="2025-07-24 00:16:11Z" duration="0.003573" asserts="0">
                <properties>
                  <property name="retryIteration" value="0" />
                  <property name="repeatIteration" value="0" />
                </properties>
                <output><![CDATA[[20:16:11.199][Chimera][WARNING] Service TerrainGenerationService is enabled but not found
[20:16:11.200][Chimera][WARNING] Service BuildingGenerationService is enabled but not found
[20:16:11.200][Chimera][WARNING] Service VegetationGenerationService is enabled but not found
[20:16:11.200][Chimera][WARNING] Service EquipmentGenerationService is enabled but not found
[20:16:11.201][Chimera][WARNING] Service EnvironmentalGenerationService is enabled but not found
[20:16:11.201][Chimera][WARNING] Service DetailGenerationService is enabled but not found
[20:16:11.201][Chimera][DEBUG] ProceduralSceneOrchestrator initialized successfully
[20:16:11.202][Chimera][DEBUG] Scene generation configuration updated
[20:16:11.202][Chimera][DEBUG] ProceduralSceneOrchestrator shutdown completed
]]></output>
              </test-case>
              <test-case id="1153" name="TestOrchestratorInitialization" fullname="ProjectChimera.Testing.Systems.SceneGenerationIntegrationTest.TestOrchestratorInitialization" methodname="TestOrchestratorInitialization" classname="ProjectChimera.Testing.Systems.SceneGenerationIntegrationTest" runstate="Runnable" seed="869796104" result="Failed" start-time="2025-07-24 00:16:11Z" end-time="2025-07-24 00:16:11Z" duration="0.007236" asserts="0">
                <properties>
                  <property name="_JOINTYPE" value="UnityCombinatorial" />
                  <property name="retryIteration" value="0" />
                  <property name="repeatIteration" value="0" />
                </properties>
                <failure>
                  <message><![CDATA[  Orchestrator should not be initialized initially
  Expected: False
  But was:  True
]]></message>
                  <stack-trace><![CDATA[at ProjectChimera.Testing.Systems.SceneGenerationIntegrationTest+<TestOrchestratorInitialization>d__4.MoveNext () [0x0001e] in /Users/devon/Documents/Cursor/Projects/Assets/ProjectChimera/Testing/Systems/SceneGenerationIntegrationTest.cs:39
at UnityEngine.TestTools.TestEnumerator+<Execute>d__7.MoveNext () [0x0003a] in ./Library/PackageCache/com.unity.test-framework@b10ae3e6f84c/UnityEngine.TestRunner/NUnitExtensions/Attributes/TestEnumerator.cs:44
]]></stack-trace>
                </failure>
                <output><![CDATA[[20:16:11.203][Chimera][WARNING] Service TerrainGenerationService is enabled but not found
[20:16:11.203][Chimera][WARNING] Service BuildingGenerationService is enabled but not found
[20:16:11.203][Chimera][WARNING] Service VegetationGenerationService is enabled but not found
[20:16:11.203][Chimera][WARNING] Service EquipmentGenerationService is enabled but not found
[20:16:11.203][Chimera][WARNING] Service EnvironmentalGenerationService is enabled but not found
[20:16:11.203][Chimera][WARNING] Service DetailGenerationService is enabled but not found
[20:16:11.203][Chimera][DEBUG] ProceduralSceneOrchestrator initialized successfully
[20:16:11.209][Chimera][DEBUG] ProceduralSceneOrchestrator shutdown completed
]]></output>
              </test-case>
              <test-case id="1155" name="TestPhaseEnableDisable" fullname="ProjectChimera.Testing.Systems.SceneGenerationIntegrationTest.TestPhaseEnableDisable" methodname="TestPhaseEnableDisable" classname="ProjectChimera.Testing.Systems.SceneGenerationIntegrationTest" runstate="Runnable" seed="502555319" result="Passed" start-time="2025-07-24 00:16:11Z" end-time="2025-07-24 00:16:11Z" duration="0.004639" asserts="0">
                <properties>
                  <property name="retryIteration" value="0" />
                  <property name="repeatIteration" value="0" />
                </properties>
                <output><![CDATA[[20:16:11.210][Chimera][WARNING] Service TerrainGenerationService is enabled but not found
[20:16:11.210][Chimera][WARNING] Service BuildingGenerationService is enabled but not found
[20:16:11.211][Chimera][WARNING] Service VegetationGenerationService is enabled but not found
[20:16:11.211][Chimera][WARNING] Service EquipmentGenerationService is enabled but not found
[20:16:11.211][Chimera][WARNING] Service EnvironmentalGenerationService is enabled but not found
[20:16:11.212][Chimera][WARNING] Service DetailGenerationService is enabled but not found
[20:16:11.213][Chimera][DEBUG] ProceduralSceneOrchestrator initialized successfully
[20:16:11.214][Chimera][DEBUG] Phase Terrain disabled
[20:16:11.214][Chimera][DEBUG] Phase Terrain enabled
[20:16:11.214][Chimera][DEBUG] ProceduralSceneOrchestrator shutdown completed
]]></output>
              </test-case>
              <test-case id="1156" name="TestServiceInterface" fullname="ProjectChimera.Testing.Systems.SceneGenerationIntegrationTest.TestServiceInterface" methodname="TestServiceInterface" classname="ProjectChimera.Testing.Systems.SceneGenerationIntegrationTest" runstate="Runnable" seed="86598013" result="Passed" start-time="2025-07-24 00:16:11Z" end-time="2025-07-24 00:16:11Z" duration="0.003880" asserts="0">
                <properties>
                  <property name="retryIteration" value="0" />
                  <property name="repeatIteration" value="0" />
                </properties>
                <output><![CDATA[Saving results to: /Users/devon/Library/Application Support/DefaultCompany/Chimera/TestResults.xml
]]></output>
              </test-case>
            </test-suite>
          </test-suite>
        </test-suite>
      </test-suite>
    </test-suite>
  </test-suite>
</test-run>